============================================================
   Tang Dynasty, V4.2.169
   Copyright:   Shanghai Anlogic Infotech Co., Ltd.
                2011 - 2021
   Executable = D:/TD169/bin/td.exe
   Built at =   18:01:38 Jul 11 2018
   Run by =     Administrator
   Run Date =   Fri Jul 20 15:43:55 2018

   Run on =     USER-20180530KQ
============================================================
CMD-004 : start command "import_device ef2_4.db -package EF2L45LG144B"
CMD-004 : start command "open_project C:/Users/Administrator/Desktop/ELF2M45/Demo/newproject/TD/project/demo/demo.al"
VLG-002 : analyze verilog file C:/Users/Administrator/Desktop/ELF2M45/Demo/newproject/TD/project/demo/../../src/top.v
VLG-002 : analyze verilog file C:/Users/Administrator/Desktop/ELF2M45/Demo/newproject/TD/project/demo/al_ip/pll.v
VLG-002 : analyze verilog file C:/Users/Administrator/Desktop/ELF2M45/Demo/newproject/TD/project/demo/al_ip/mcu.v
CMD-005 : finish command "import_device ef2_4.db -package EF2L45LG144B" in  1.276894s wall, 1.419609s user + 0.234002s system = 1.653611s CPU (129.5%)

CMD-006 : used memory is 108 MB, reserved memory is 82 MB, peak memory is 108 MB
CMD-004 : start command "import_db C:/Users/Administrator/Desktop/ELF2M45/Demo/newproject/TD/project/demo/demo_pr.db"
RUN-001 : Importing design generated by Tang Dynasty, V4.2.169.
RUN-001 : Import timing constraints
RUN-001 : Import IO constraints
RUN-001 : Import Inst constraints
RUN-001 : Import flow parameters
CMD-004 : start command "download -bit C:\Users\Administrator\Desktop\ELF2M45\Demo\newproject\TD\project\demo\demo.bit -mode jtag -wait 20 -spd 6 -sec 64 -cable 0"
RUN-001 : Chip validation success: EF2L45B
CMD-004 : start command "bit_to_vec -chip EF2L45B -m jtag -bit C:/Users/Administrator/Desktop/ELF2M45/Demo/newproject/TD/project/demo/demo.bit"
RUN-001 : BIT2VEC::JtagBitstream: completed! line_num = 810, frame_num = 765
CMD-004 : start command "program -cable 0 -spd 6"
CMD-005 : finish command "program -cable 0 -spd 6" in  1.402157s wall, 0.124801s user + 0.015600s system = 0.140401s CPU (10.0%)

CMD-006 : used memory is 184 MB, reserved memory is 146 MB, peak memory is 184 MB
CMD-005 : finish command "download -bit C:\Users\Administrator\Desktop\ELF2M45\Demo\newproject\TD\project\demo\demo.bit -mode jtag -wait 20 -spd 6 -sec 64 -cable 0" in  2.671035s wall, 0.764405s user + 0.078001s system = 0.842405s CPU (31.5%)

CMD-006 : used memory is 149 MB, reserved memory is 111 MB, peak memory is 184 MB
GUI-001 : Download success!
