============================================================
   Tang Dynasty, V4.2.169
   Copyright:   Shanghai Anlogic Infotech Co., Ltd.
                2011 - 2021
   Executable = D:/TD169/bin/td.exe
   Built at =   18:01:38 Jul 11 2018
   Run by =     Administrator
   Run Date =   Mon Jul 23 09:39:22 2018

   Run on =     USER-20180530KQ
============================================================
CMD-004 : start command "import_device ef2_4.db -package EF2L45LG144B"
CMD-004 : start command "open_project C:/Users/Administrator/Desktop/ELF2M45/Demo/newproject_1/TD/project/demo/demo.al"
VLG-002 : analyze verilog file C:/Users/Administrator/Desktop/ELF2M45/Demo/newproject_1/TD/project/demo/../../src/top.v
VLG-002 : analyze verilog file C:/Users/Administrator/Desktop/ELF2M45/Demo/newproject_1/TD/project/demo/al_ip/pll.v
VLG-002 : analyze verilog file C:/Users/Administrator/Desktop/ELF2M45/Demo/newproject_1/TD/project/demo/al_ip/mcu.v
CMD-005 : finish command "import_device ef2_4.db -package EF2L45LG144B" in  1.192114s wall, 1.294808s user + 0.171601s system = 1.466409s CPU (123.0%)

CMD-006 : used memory is 107 MB, reserved memory is 82 MB, peak memory is 107 MB
CMD-004 : start command "import_db C:/Users/Administrator/Desktop/ELF2M45/Demo/newproject_1/TD/project/demo/demo_pr.db"
RUN-001 : Importing design generated by Tang Dynasty, V4.2.169.
RUN-001 : Import timing constraints
RUN-001 : Import IO constraints
RUN-001 : Import Inst constraints
RUN-001 : Import flow parameters
