============================================================
   Tang Dynasty, V4.1.612
   Copyright:   Shanghai Anlogic Infotech Co., Ltd.
                2011 - 2021
   Executable = C:/Anlogic/TD4.1.612/bin/td.exe
   Built at =   10:04:02 Apr 19 2018
   Run by =     Administrator
   Run Date =   Wed Aug 29 09:59:34 2018

   Run on =     Y1YBFM96WTED81W
============================================================
CMD-004 : start command "import_device ef2_4.db -package EF2L45LG144B"
VLG-002 : analyze verilog file F:/SVN_ELF2_SOC/trunk/Basic_Demo/FLASH_Demo/FPGA144/al_ip/sys_pll.v
VLG-002 : analyze verilog file F:/SVN_ELF2_SOC/trunk/Basic_Demo/FLASH_Demo/FPGA144/al_ip/AL_MCU.v
VLG-002 : analyze verilog file F:/SVN_ELF2_SOC/trunk/Basic_Demo/FLASH_Demo/FPGA144/src/quick_start.v
CMD-005 : finish command "import_device ef2_4.db -package EF2L45LG144B" in  1.251469s wall, 1.263608s user + 0.140401s system = 1.404009s CPU (112.2%)

CMD-006 : used memory is 108 MB, reserved memory is 82 MB, peak memory is 108 MB
CMD-004 : start command "import_db F:/SVN_ELF2_SOC/trunk/Basic_Demo/FLASH_Demo/FPGA144/Quick_Start_pr.db"
RUN-001 : Importing design generated by Tang Dynasty, V4.1.612.
RUN-001 : Import IO constraints
RUN-001 : Import Inst constraints
RUN-001 : Import flow parameters
