============================================================
   Tang Dynasty, V4.1.612
   Copyright:   Shanghai Anlogic Infotech Co., Ltd.
                2011 - 2021
   Executable = C:/Anlogic/TD4.1.612/bin/td.exe
   Built at =   10:04:02 Apr 19 2018
   Run by =     Administrator
   Run Date =   Tue Aug 28 09:27:07 2018

   Run on =     Y1YBFM96WTED81W
============================================================
VLG-002 : analyze verilog file F:/SVN_ELF2_SOC/trunk/Basic_Demo/FLASH_Demo/FPGA144/al_ip/sys_pll.v
VLG-002 : analyze verilog file F:/SVN_ELF2_SOC/trunk/Basic_Demo/FLASH_Demo/FPGA144/al_ip/AL_MCU.v
VLG-002 : analyze verilog file F:/SVN_ELF2_SOC/trunk/Basic_Demo/FLASH_Demo/FPGA144/src/quick_start.v
CMD-004 : start command "import_device ef2_4.db -package EF2L45LG144B"
CMD-005 : finish command "import_device ef2_4.db -package EF2L45LG144B" in  1.361113s wall, 1.138807s user + 0.062400s system = 1.201208s CPU (88.3%)

CMD-006 : used memory is 130 MB, reserved memory is 91 MB, peak memory is 130 MB
CMD-004 : start command "import_db F:/SVN_ELF2_SOC/trunk/Basic_Demo/FLASH_Demo/FPGA144/Quick_Start_pr.db"
RUN-001 : Importing design generated by Tang Dynasty, V4.2.285.
RUN-001 : Import IO constraints
CMD-004 : start command "import_db F:/SVN_ELF2_SOC/trunk/Basic_Demo/FLASH_Demo/FPGA144/Quick_Start_pr.db"
RUN-001 : Importing design generated by Tang Dynasty, V4.2.285.
RUN-001 : Import IO constraints
CMD-004 : start command "bitgen -bit F:/SVN_ELF2_SOC/trunk/Basic_Demo/FLASH_Demo/FPGA144/Quick_Start.bit -version 0X0000 -svf F:/SVN_ELF2_SOC/trunk/Basic_Demo/FLASH_Demo/FPGA144/Quick_Start.svf -svf_comment_on -128 F:/SVN_ELF2_SOC/trunk/Basic_Demo/FLASH_Demo/SDK144/Quick_Start.bin -g ucode:00000000000000000000000000000000 -f F:/SVN_ELF2_SOC/trunk/Basic_Demo/FLASH_Demo/FPGA144/Quick_Start.btc"
BIT-701 : Start to generate bitstream. 
BIT-721 ERROR: INIT_LUTF0 = 16'hA55A: wrong format for this attribute. #2
BIT-721 ERROR: INIT_LUTF1 = 16'hA55A: wrong format for this attribute. #2
BIT-721 ERROR: INIT_LUTG0 = 16'hC33C: wrong format for this attribute. #2
BIT-721 ERROR: INIT_LUTG1 = 16'hC33C: wrong format for this attribute. #2
BIT-721 ERROR: INIT_LUTF0 = 16'hA55A: wrong format for this attribute. #2
BIT-721 ERROR: INIT_LUTF1 = 16'hA55A: wrong format for this attribute. #2
BIT-721 ERROR: INIT_LUTG0 = 16'hC33C: wrong format for this attribute. #2
BIT-721 ERROR: INIT_LUTG1 = 16'hC33C: wrong format for this attribute. #2
BIT-721 ERROR: INIT_LUTF0 = 16'hA55A: wrong format for this attribute. #2
BIT-721 ERROR: INIT_LUTF1 = 16'hA55A: wrong format for this attribute. #2
BIT-721 ERROR: INIT_LUTG0 = 16'hC33C: wrong format for this attribute. #2
BIT-721 ERROR: INIT_LUTG1 = 16'hC33C: wrong format for this attribute. #2
BIT-721 ERROR: INIT_LUTF0 = 16'hA55A: wrong format for this attribute. #2
BIT-721 ERROR: INIT_LUTF1 = 16'hA55A: wrong format for this attribute. #2
BIT-721 ERROR: INIT_LUTG0 = 16'hC33C: wrong format for this attribute. #2
BIT-721 ERROR: INIT_LUTG1 = 16'hC33C: wrong format for this attribute. #2
BIT-721 ERROR: INIT_LUTF0 = 16'hA55A: wrong format for this attribute. #2
BIT-721 ERROR: INIT_LUTF1 = 16'hA55A: wrong format for this attribute. #2
BIT-721 ERROR: INIT_LUTG0 = 16'hC33C: wrong format for this attribute. #2
BIT-721 ERROR: INIT_LUTG1 = 16'hC33C: wrong format for this attribute. #2
BIT-721 ERROR: INIT_LUTF0 = 16'hA55A: wrong format for this attribute. #2
BIT-721 ERROR: INIT_LUTF1 = 16'hA55A: wrong format for this attribute. #2
BIT-721 ERROR: INIT_LUTG0 = 16'hC33C: wrong format for this attribute. #2
BIT-721 ERROR: INIT_LUTG1 = 16'hC33C: wrong format for this attribute. #2
BIT-721 ERROR: INIT_LUTF0 = 16'h000A: wrong format for this attribute. #2
BIT-721 ERROR: INIT_LUTF1 = 16'hA55A: wrong format for this attribute. #2
BIT-721 ERROR: INIT_LUTG0 = 16'hC33C: wrong format for this attribute. #2
BIT-721 ERROR: INIT_LUTG1 = 16'hC33C: wrong format for this attribute. #2
BIT-701 : Init instances completely, inst num: 38
BIT-701 : Init pips completely, net num: 89, pip num: 511
BIT-701 : Generate bitstream completely, there are 143 valid insts, and 1066 bits set as '1'.
BIT-701 : Generate bits file F:/SVN_ELF2_SOC/trunk/Basic_Demo/FLASH_Demo/FPGA144/Quick_Start.bit.
BIT-701 : Generate svf file F:/SVN_ELF2_SOC/trunk/Basic_Demo/FLASH_Demo/FPGA144/Quick_Start.svf.
BIT-701 : Generate tde file F:/SVN_ELF2_SOC/trunk/Basic_Demo/FLASH_Demo/FPGA144/Quick_Start_spi.tde
BIT-701 : Generate tde file F:/SVN_ELF2_SOC/trunk/Basic_Demo/FLASH_Demo/FPGA144/Quick_Start_refresh.tde
BIT-701 : Generate tde file F:/SVN_ELF2_SOC/trunk/Basic_Demo/FLASH_Demo/FPGA144/Quick_Start_erase_spi.tde
BIT-701 : Generate tde file F:/SVN_ELF2_SOC/trunk/Basic_Demo/FLASH_Demo/FPGA144/Quick_Start.tde
CMD-005 : finish command "bitgen -bit F:/SVN_ELF2_SOC/trunk/Basic_Demo/FLASH_Demo/FPGA144/Quick_Start.bit -version 0X0000 -svf F:/SVN_ELF2_SOC/trunk/Basic_Demo/FLASH_Demo/FPGA144/Quick_Start.svf -svf_comment_on -128 F:/SVN_ELF2_SOC/trunk/Basic_Demo/FLASH_Demo/SDK144/Quick_Start.bin -g ucode:00000000000000000000000000000000 -f F:/SVN_ELF2_SOC/trunk/Basic_Demo/FLASH_Demo/FPGA144/Quick_Start.btc" in  1.876355s wall, 1.794012s user + 0.062400s system = 1.856412s CPU (98.9%)

CMD-006 : used memory is 144 MB, reserved memory is 104 MB, peak memory is 154 MB
CMD-004 : start command "import_db F:/SVN_ELF2_SOC/trunk/Basic_Demo/FLASH_Demo/FPGA144/Quick_Start_pr.db"
RUN-001 : Importing design generated by Tang Dynasty, V4.2.285.
RUN-001 : Import IO constraints
CMD-004 : start command "bitgen -bit F:/SVN_ELF2_SOC/trunk/Basic_Demo/FLASH_Demo/FPGA144/Quick_Start.bit -version 0X0000 -svf F:/SVN_ELF2_SOC/trunk/Basic_Demo/FLASH_Demo/FPGA144/Quick_Start.svf -svf_comment_on -128 F:/SVN_ELF2_SOC/trunk/Basic_Demo/FLASH_Demo/SDK144/Quick_Start.bin -g ucode:00000000000000000000000000000000 -f F:/SVN_ELF2_SOC/trunk/Basic_Demo/FLASH_Demo/FPGA144/Quick_Start.btc"
BIT-701 : Start to generate bitstream. 
BIT-721 ERROR: INIT_LUTF0 = 16'hA55A: wrong format for this attribute. #2
BIT-721 ERROR: INIT_LUTF1 = 16'hA55A: wrong format for this attribute. #2
BIT-721 ERROR: INIT_LUTG0 = 16'hC33C: wrong format for this attribute. #2
BIT-721 ERROR: INIT_LUTG1 = 16'hC33C: wrong format for this attribute. #2
BIT-721 ERROR: INIT_LUTF0 = 16'hA55A: wrong format for this attribute. #2
BIT-721 ERROR: INIT_LUTF1 = 16'hA55A: wrong format for this attribute. #2
BIT-721 ERROR: INIT_LUTG0 = 16'hC33C: wrong format for this attribute. #2
BIT-721 ERROR: INIT_LUTG1 = 16'hC33C: wrong format for this attribute. #2
BIT-721 ERROR: INIT_LUTF0 = 16'hA55A: wrong format for this attribute. #2
BIT-721 ERROR: INIT_LUTF1 = 16'hA55A: wrong format for this attribute. #2
BIT-721 ERROR: INIT_LUTG0 = 16'hC33C: wrong format for this attribute. #2
BIT-721 ERROR: INIT_LUTG1 = 16'hC33C: wrong format for this attribute. #2
BIT-721 ERROR: INIT_LUTF0 = 16'hA55A: wrong format for this attribute. #2
BIT-721 ERROR: INIT_LUTF1 = 16'hA55A: wrong format for this attribute. #2
BIT-721 ERROR: INIT_LUTG0 = 16'hC33C: wrong format for this attribute. #2
BIT-721 ERROR: INIT_LUTG1 = 16'hC33C: wrong format for this attribute. #2
BIT-721 ERROR: INIT_LUTF0 = 16'hA55A: wrong format for this attribute. #2
BIT-721 ERROR: INIT_LUTF1 = 16'hA55A: wrong format for this attribute. #2
BIT-721 ERROR: INIT_LUTG0 = 16'hC33C: wrong format for this attribute. #2
BIT-721 ERROR: INIT_LUTG1 = 16'hC33C: wrong format for this attribute. #2
BIT-721 ERROR: INIT_LUTF0 = 16'hA55A: wrong format for this attribute. #2
BIT-721 ERROR: INIT_LUTF1 = 16'hA55A: wrong format for this attribute. #2
BIT-721 ERROR: INIT_LUTG0 = 16'hC33C: wrong format for this attribute. #2
BIT-721 ERROR: INIT_LUTG1 = 16'hC33C: wrong format for this attribute. #2
BIT-721 ERROR: INIT_LUTF0 = 16'h000A: wrong format for this attribute. #2
BIT-721 ERROR: INIT_LUTF1 = 16'hA55A: wrong format for this attribute. #2
BIT-721 ERROR: INIT_LUTG0 = 16'hC33C: wrong format for this attribute. #2
BIT-721 ERROR: INIT_LUTG1 = 16'hC33C: wrong format for this attribute. #2
BIT-701 : Init instances completely, inst num: 38
BIT-701 : Init pips completely, net num: 89, pip num: 511
BIT-701 : Generate bitstream completely, there are 143 valid insts, and 1066 bits set as '1'.
BIT-701 : Generate bits file F:/SVN_ELF2_SOC/trunk/Basic_Demo/FLASH_Demo/FPGA144/Quick_Start.bit.
BIT-701 : Generate svf file F:/SVN_ELF2_SOC/trunk/Basic_Demo/FLASH_Demo/FPGA144/Quick_Start.svf.
BIT-701 : Generate tde file F:/SVN_ELF2_SOC/trunk/Basic_Demo/FLASH_Demo/FPGA144/Quick_Start_spi.tde
BIT-701 : Generate tde file F:/SVN_ELF2_SOC/trunk/Basic_Demo/FLASH_Demo/FPGA144/Quick_Start_refresh.tde
BIT-701 : Generate tde file F:/SVN_ELF2_SOC/trunk/Basic_Demo/FLASH_Demo/FPGA144/Quick_Start_erase_spi.tde
BIT-701 : Generate tde file F:/SVN_ELF2_SOC/trunk/Basic_Demo/FLASH_Demo/FPGA144/Quick_Start.tde
CMD-005 : finish command "bitgen -bit F:/SVN_ELF2_SOC/trunk/Basic_Demo/FLASH_Demo/FPGA144/Quick_Start.bit -version 0X0000 -svf F:/SVN_ELF2_SOC/trunk/Basic_Demo/FLASH_Demo/FPGA144/Quick_Start.svf -svf_comment_on -128 F:/SVN_ELF2_SOC/trunk/Basic_Demo/FLASH_Demo/SDK144/Quick_Start.bin -g ucode:00000000000000000000000000000000 -f F:/SVN_ELF2_SOC/trunk/Basic_Demo/FLASH_Demo/FPGA144/Quick_Start.btc" in  1.836213s wall, 1.856412s user + 0.015600s system = 1.872012s CPU (101.9%)

CMD-006 : used memory is 145 MB, reserved memory is 105 MB, peak memory is 155 MB
VLG-002 : analyze verilog file F:/SVN_ELF2_SOC/trunk/Basic_Demo/FLASH_Demo/FPGA144/al_ip/sys_pll.v
VLG-002 : analyze verilog file F:/SVN_ELF2_SOC/trunk/Basic_Demo/FLASH_Demo/FPGA144/al_ip/AL_MCU.v
VLG-002 : analyze verilog file F:/SVN_ELF2_SOC/trunk/Basic_Demo/FLASH_Demo/FPGA144/src/quick_start.v
VLG-002 : analyze verilog file F:/SVN_ELF2_SOC/trunk/Basic_Demo/FLASH_Demo/FPGA144/al_ip/sys_pll.v
VLG-002 : analyze verilog file F:/SVN_ELF2_SOC/trunk/Basic_Demo/FLASH_Demo/FPGA144/al_ip/AL_MCU.v
VLG-002 : analyze verilog file F:/SVN_ELF2_SOC/trunk/Basic_Demo/FLASH_Demo/FPGA144/src/quick_start.v
CMD-004 : start command "elaborate -top quick_start"
VLG-004 : elaborate module quick_start in F:/SVN_ELF2_SOC/trunk/Basic_Demo/FLASH_Demo/FPGA144/src/quick_start.v(2)
VLG-004 : elaborate module sys_pll in F:/SVN_ELF2_SOC/trunk/Basic_Demo/FLASH_Demo/FPGA144/al_ip/sys_pll.v(23)
VLG-004 : elaborate module EF2_LOGIC_BUFG in C:/Anlogic/TD4.1.612/arch/ef2_macro.v(8)
VLG-004 : elaborate module EF2_PHY_PLL(FIN="25.000",FBCLK_DIV=8,CLKC0_DIV=5,CLKC1_DIV=40,CLKC0_ENABLE="ENABLE",CLKC1_ENABLE="ENABLE",FEEDBK_PATH="CLKC0_EXT",STDBY_ENABLE="DISABLE",CLKC0_CPHASE=5,CLKC1_CPHASE=40,GMC_GAIN=6,ICP_CURRENT=3,KVCO=6,LPF_RESISTOR=2,PLLRST_ENA="DISABLE",INTPI=3,HIGH_SPEED_EN="ENABLE",OFFSET_MODE="EXT",CLKC0_DUTY=0.5,CLKC1_DUTY=0.5,CLKC0_DUTY_INT=3,CLKC1_DUTY_INT=21) in C:/Anlogic/TD4.1.612/arch/ef2_macro.v(2541)
VLG-939 WARNING: port i2s_mst_clk remains unconnected for this instance in F:/SVN_ELF2_SOC/trunk/Basic_Demo/FLASH_Demo/FPGA144/al_ip/AL_MCU.v(46)
VLG-004 : elaborate module AL_MCU in F:/SVN_ELF2_SOC/trunk/Basic_Demo/FLASH_Demo/FPGA144/al_ip/AL_MCU.v(14)
VLG-004 : elaborate module EF2_PHY_MCU(GPIO_L0="ENABLE",GPIO_L1="ENABLE",GPIO_L7="ENABLE") in C:/Anlogic/TD4.1.612/arch/ef2_macro.v(756)
VIN-1013 WARNING: input port i2s_mst_clk is not connected on this instance in F:/SVN_ELF2_SOC/trunk/Basic_Demo/FLASH_Demo/FPGA144/al_ip/AL_MCU.v(46)
VLG-004 : elaborate module EF2_PHY_INTFLASH in C:/Anlogic/TD4.1.612/arch/ef2_macro.v(2523)
RTL-100 : Current top model is quick_start
RAM-300 : Inferred 0 RAMs.
CMD-004 : start command "optimize_rtl"
RUN-001 : Open license file C:/Anlogic/TD4.1.612/license/Anlogic.lic
SNT-300 : SanityCheck: Model "quick_start"
SNT-300 : SanityCheck: Model "AL_MCU"
SNT-300 : SanityCheck: Model "sys_pll"
RTL-100 : Mark sys_pll as IO macro for instance bufg_feedback
FLT-300 : Flatten model quick_start
FLT-300 : Flatten model AL_MCU
FLT-300 : Flatten model sys_pll
MRG-300 : Merged 2 instances.
OPT-300 : Optimize round 1
RTL-100 : 94/15 useful/useless nets, 57/7 useful/useless insts
MUX-301 : Optimized 0 mux instances.
OPT-301 : Optimize round 1, 24 better
OPT-300 : Optimize round 2
RTL-100 : 93/1 useful/useless nets, 56/0 useful/useless insts
MUX-301 : Optimized 0 mux instances.
OPT-301 : Optimize round 2, 0 better
CMD-004 : start command "report_area -file F:/SVN_ELF2_SOC/trunk/Basic_Demo/FLASH_Demo/FPGA144/Quick_Start_rtl.area"
standard
IO Statistics
#IO                     4
  #input                2
  #output               1
  #inout                1

Gate Statistics
#Basic gates           35
  #and                  0
  #nand                 0
  #or                   0
  #nor                  0
  #xor                  0
  #xnor                 0
  #buf                  0
  #not                  5
  #bufif1               5
  #MX21                 0
  #FADD                 0
  #DFF                 25
  #LATCH                0
#MACRO_ADD              1

CMD-004 : start command "read_adc constrs/board.adc"
CMD-004 : start command "set_pin_assignment fpga_clk_in  LOCATION = P28;  "
CMD-004 : start command "set_pin_assignment fpga_rst_n  LOCATION = P38;  "
CMD-004 : start command "set_pin_assignment hw_led  LOCATION = P100;  "
CMD-004 : start command "set_pin_assignment sw_led  LOCATION = P99;   "
CMD-004 : start command "export_db F:/SVN_ELF2_SOC/trunk/Basic_Demo/FLASH_Demo/FPGA144/Quick_Start_rtl.db"
RUN-001 : Exported /
RUN-001 : Exported libs
RUN-001 : Exported entities
RUN-001 : Exported ports
RUN-001 : Exported pins
RUN-001 : Exported instances
RUN-001 : Exported nets
RUN-001 : Exported buses
RUN-001 : Exported models
RUN-001 : Exported congestions
RUN-001 : Exported violations
RUN-001 : Exported IO constraints
RUN-001 : Exported Inst constraints
RUN-001 : Exported flow parameters
CMD-004 : start command "map_macro"
GAT-100 : EF2_PHY_INTFLASH instance xintflash.
RTL-100 : Map 10 IOs to PADs
GAT-100 : Processed 0 LOGIC_BUF instances.
GAT-100 : 1 BUFG to GCLK
RTL-100 : Optimize round 1
RTL-100 : 97/0 useful/useless nets, 61/0 useful/useless insts
RTL-100 : Optimize round 1, 0 better
RTL-100 : Map 1 macro adder
RTL-100 : 173/50 useful/useless nets, 87/25 useful/useless insts
CMD-004 : start command "map"
GAT-100 : Running gate level optimization.
GAT-100 : LUT mapping.
GAT-100 : Post mapping optimization.
GAT-100 : Logic optimization runtime opt =   0.05 sec, map =   0.00 sec
GAT-100 : Mapping with K=0, #lut = 0 (0.00), #lev = 0 (0.00)
GAT-100 : Mapper mapped 5 instances into 5 LUTs, name keeping = 100%.
CMD-004 : start command "pack"
GAT-100 : Packing top model "quick_start" ...
PAK-301 : Pack lib has 35 rtl pack models with 12 top pack blocks
OPT-300 : Optimize round 1
RTL-100 : 122/0 useful/useless nets, 86/0 useful/useless insts
OPT-301 : Optimize round 1, 0 better
PAK-SEQ-305 : Packing 25 DFF/LATCH to SEQ ...
PAK-BLE-301 : Packing 26 adder to BLE ...
PAK-BLE-302 : Packed 26 adder and 25 SEQ to BLE.
PAK-BLE-301 : Packing 0 gate4 to BLE ...
PAK-BLE-302 : Packed 0 gate4 and 0 SEQ to BLE.
PAK-309 : Packed 0 FxMUX
PAK-BLE-301 : Packing 0 MUX to BLE ...
PAK-BLE-302 : Packed 0 MUX and 0 SEQ to BLE.
PAK-BLE-301 : Packing 5 LUT to BLE ...
PAK-BLE-302 : Packed 5 LUT and 0 SEQ to BLE.
PAK-SEQ-301 : Packing 0 remaining SEQ's ...
PAK-SEQ-302 : #0: Packed 0 SEQ (0 nodes)...
PAK-SEQ-303 : Packed 0 SEQ with LUT/SLICE
PAK-SEQ-304 : 5 single LUT's are left
PAK-SEQ-304 : 0 single SEQ's are left
PAK-303 : Packing model "quick_start" (AL_USER_NORMAL) with 5/48 primitive instances ...
CLK-302 : Net U_SYS_PLL/clk0_out driven by BUFG (0 clock/control pins, 1 other pins).
CLK-304 : Net fpga_clk_in_pad is refclk of pll U_SYS_PLL/pll_inst.
CLK-305 : Net fpga_clk_in_pad is fbclk of pll U_SYS_PLL/pll_inst.
CLK-308 : Net "clk25" drive clk pins.
CLK-309 : Tag rtl::Net U_SYS_PLL/clk0_out as clock net
CLK-309 : Tag rtl::Net clk25 as clock net
CLK-309 : Tag rtl::Net fpga_clk_in_pad as clock net
CLK-310 : Tagged 3 rtl::Net as clock net
CMD-004 : start command "report_area -file F:/SVN_ELF2_SOC/trunk/Basic_Demo/FLASH_Demo/FPGA144/Quick_Start_gate.area"
standard
IO Statistics
#IO                     4
  #input                2
  #output               1
  #inout                1

Utilization Statistics
#le                    31   out of   4480    0.69%
  #lut                 31   out of   4480    0.69%
  #reg                 25   out of   4480    0.56%
#dsp                    0   out of     15    0.00%
#bram                   0   out of     12    0.00%
  #bram9k               0
  #fifo9k               0
#bram32k                0   out of      6    0.00%
#mcu                    1   out of      1  100.00%
#pad                   10   out of    115    8.70%
  #ireg                 0
  #oreg                 0
  #treg                 0
#pll                    1   out of      1  100.00%
#bufg                   3   out of     16   18.75%

CMD-004 : start command "export_db F:/SVN_ELF2_SOC/trunk/Basic_Demo/FLASH_Demo/FPGA144/Quick_Start_gate.db"
RUN-001 : Exported /
RUN-001 : Exported libs
RUN-001 : Exported entities
RUN-001 : Exported ports
RUN-001 : Exported pins
RUN-001 : Exported instances
RUN-001 : Exported nets
RUN-001 : Exported buses
RUN-001 : Exported models
RUN-001 : Exported congestions
RUN-001 : Exported violations
RUN-001 : Exported IO constraints
RUN-001 : Exported Inst constraints
RUN-001 : Exported flow parameters
CMD-004 : start command "place"
RUN-001 : Open license file C:/Anlogic/TD4.1.612/license/Anlogic.lic
PLC-001 : Placer runs in 4 thread(s).
RUN-001 : There are total 32 instances
RUN-001 : 13 mslices, 3 lslices, 10 pads, 0 brams, 0 dsps
RUN-001 : There are total 70 nets
RUN-001 : 65 nets have 2 pins
RUN-001 : 1 nets have [3 - 5] pins
RUN-001 : 1 nets have [6 - 10] pins
RUN-001 : 2 nets have [11 - 20] pins
RUN-001 : 1 nets have [21 - 99] pins
PLC-001 : Initial placement ...
PLC-001 : design contains 30 instances, 16 slices, 1 macros(13 instances)
CMD-004 : start command "start_timer"
TMR-611 WARNING: No sdc constraints found while initiating timer.
TMR-601 : Start building timing graph for model quick_start
TMR-601 : Build timing graph completely. Port num: 4, tpin num: 162, tnet num: 68, tinst num: 29, tnode num: 215, tedge num: 216.

TMR-601 : Eliminate loop in the timing graph, delete 0 tedges.
TMR-601 : Levelize timing graph completed, there are 28 levels in all.
TMR-601 : Timing graph initialized successfully.

TMR-601 : Start to update net delay, extr mode = 2.
TMR-601 : Update delay of 68 nets completely.
TMR-601 : Annotate delay to tedge completely, extr mode = 2.
TMR-601 : No user constraint, initiate default constraint.
TMR-601 : Assign derive clock DeriveClock to 26 clock pins, and constraint 51 relative nodes.
TMR-601 : Start to map constraints to rules, there are 0 constraints in all.
TMR-601 : Start to map report constraints to rules, there are 0 constraints in all.
TMR-601 : Constraints initiated successfully.
TMR-601 : Forward propagation: start to calculate arrival time...
TMR-601 : Backward propagation: start to calculate required time...
TMR-601 : Timing propagation completely!
PLC-001 : Global placement ...
PLC-001 : Initial: Len = 3733.2
PLC-001 : Run with size of 3
PLC-001 : Cell area utilization is 0%, beta_incr = 0.995714
PLC-001 : :::0::: Try harder cell spreading with beta_ = 0
PLC-004 : Step(1): len = 1810.2, overlap = 0
PLC-004 : Step(2): len = 1810.2, overlap = 0
PLC-004 : Step(3): len = 1228.6, overlap = 0
PLC-004 : Step(4): len = 1228.6, overlap = 0
PLC-004 : Step(5): len = 1224.4, overlap = 0
PLC-001 : Legalization ...
PLC-001 : Run with size of 3
PLC-001 : Cell area utilization is 0%, beta_incr = 0.995714
PLC-001 : :::0::: Try harder cell spreading with beta_ = 0
PLC-004 : Step(6): len = 1232.2, overlap = 0
PLC-004 : Step(7): len = 1232.2, overlap = 0
PLC-001 : Legalization ...
PLC-001 : Run with size of 3
PLC-001 : Cell area utilization is 0%, beta_incr = 0.995714
PLC-001 : :::0::: Try harder cell spreading with beta_ = 0
PLC-004 : Step(8): len = 1227.6, overlap = 0
PLC-004 : Step(9): len = 1227.6, overlap = 0
PLC-004 : Step(10): len = 1230, overlap = 0
PLC-004 : Step(11): len = 1230.6, overlap = 0
PLC-004 : Step(12): len = 1227, overlap = 0
PLC-001 : Legalization ...
PLC-001 : Legalized: Len = 1226.2, Over = 0
PLC-001 : Final: Len = 1226.2, Over = 0
PLC-001 : Improving timing with driver duplication.
CMD-004 : start command "start_timer"
TMR-611 WARNING: No sdc constraints found while initiating timer.
TMR-601 : Start building timing graph for model quick_start
TMR-601 : Build timing graph completely. Port num: 4, tpin num: 162, tnet num: 68, tinst num: 29, tnode num: 215, tedge num: 216.

TMR-601 : Eliminate loop in the timing graph, delete 0 tedges.
TMR-601 : Levelize timing graph completed, there are 28 levels in all.
TMR-601 : Timing graph initialized successfully.

CMD-004 : start command "report_area -io_info -file F:/SVN_ELF2_SOC/trunk/Basic_Demo/FLASH_Demo/FPGA144/Quick_Start_phy.area"
standard
IO Statistics
#IO                     4
  #input                2
  #output               1
  #inout                1

Utilization Statistics
#le                    31   out of   4480    0.69%
  #lut                 31   out of   4480    0.69%
  #reg                 25   out of   4480    0.56%
#dsp                    0   out of     15    0.00%
#bram                   0   out of     12    0.00%
  #bram9k               0
  #fifo9k               0
#bram32k                0   out of      6    0.00%
#mcu                    1   out of      1  100.00%
#pad                   10   out of    115    8.70%
  #ireg                 0
  #oreg                 0
  #treg                 0
#pll                    1   out of      1  100.00%
#bufg                   3   out of     16   18.75%

CMD-004 : start command "route"
RUN-001 : Open license file C:/Anlogic/TD4.1.612/license/Anlogic.lic
RUN-001 : Pin swapping for better routability
RUN-001 : Pin misalignment score is improved from 1 to 1
RUN-001 : Pin local connectivity score is improved from 5 to 0
RUN-001 : Pin misalignment score is improved from 1 to 1
RUN-001 : Pin local connectivity score is improved from 5 to 0
RTE-301 : End pin swap;  0.003158s wall, 0.015600s user + 0.015600s system = 0.031200s CPU (987.9%)

RTE-301 : Route runs in 4 thread(s)
RUN-001 : There are total 32 instances
RUN-001 : 13 mslices, 3 lslices, 10 pads, 0 brams, 0 dsps
RUN-001 : There are total 70 nets
RUN-001 : 65 nets have 2 pins
RUN-001 : 1 nets have [3 - 5] pins
RUN-001 : 1 nets have [6 - 10] pins
RUN-001 : 2 nets have [11 - 20] pins
RUN-001 : 1 nets have [21 - 99] pins
RTE-301 : Start global routing ...
RTE-301 : Generate routing grids ...
RTE-301 : Initialize routing nets ...
RTE-301 : Ripup & Reroute ...
RTE-302 : len = 1240, over cnt = 1(0%), over = 1, worst = 1
RTE-302 : len = 1240, over cnt = 1(0%), over = 1, worst = 1
RTE-302 : len = 1240, over cnt = 1(0%), over = 1, worst = 1
RTE-302 : len = 1256, over cnt = 0(0%), over = 0, worst = 0
RTE-301 : Timing updates.
TMR-601 : Start to update net delay, extr mode = 5.
TMR-601 : Update delay of 68 nets completely.
TMR-601 : Annotate delay to tedge completely, extr mode = 5.
TMR-601 : Start to map report constraints to rules, there are 0 constraints in all.
TMR-601 : Forward propagation: start to calculate arrival time...
TMR-601 : Backward propagation: start to calculate required time...
TMR-601 : Timing propagation completely!
RTE-301 : Optimize timing.
RTE-301 : End global routing;  0.009801s wall, 0.000000s user + 0.000000s system = 0.000000s CPU (n/a%)

RTE-301 : Start detail routing ...
RTE-301 : Generate detailed routing grids ...
RTE-301 : Generate nets ...
RTE-301 : clock net U_SYS_PLL/clk0_out will be merged with clock U_SYS_PLL/clk0_buf
RTE-301 : net clk25 will be routed on clock mesh
RTE-301 : net fpga_clk_in_pad will be routed on clock mesh
RTE-301 : Detail Route ...
RTE-301 : ===== Initial DR =====
RTE-301 : Routed 31% nets. 
RTE-301 : Routed 38% nets. 
RTE-301 : Routed 42% nets. 
RTE-301 : Routed 51% nets. 
RTE-301 : Routed 51% nets. 
RTE-301 : Routed 52% nets. 
RTE-301 : Routed 54% nets. 
RTE-301 : Routed 54% nets. 
RTE-301 :  0.040977s wall, 0.062400s user + 0.015600s system = 0.078001s CPU (190.4%)

RTE-302 : len = 2904, over cnt = 0(0%), over = 0, worst = 0
RTE-303 : Routed, final wirelength = 2904
RTE-301 : ===== DR Iter 1 =====
RTE-301 :  0.006413s wall, 0.000000s user + 0.031200s system = 0.031200s CPU (486.5%)

RTE-302 : len = 2904, over cnt = 0(0%), over = 0, worst = 0
RTE-303 : Routed, final wirelength = 2904
RTE-301 : 0 feed throughs used by 0 nets
RTE-301 : Generate detailed routing grids ...
RTE-301 : Generate nets ...
RTE-301 : clock net U_SYS_PLL/clk0_out will be merged with clock U_SYS_PLL/clk0_buf
RTE-301 : net clk25 will be routed on clock mesh
RTE-301 : net fpga_clk_in_pad will be routed on clock mesh
RTE-301 : eco open net = 0
RTE-301 : End detail routing;  1.267124s wall, 1.216808s user + 0.140401s system = 1.357209s CPU (107.1%)

RTE-301 : Routing violations:
RTE-301 : End of Routing Violations.
CMD-005 : finish command "route" in  1.328933s wall, 1.279208s user + 0.171601s system = 1.450809s CPU (109.2%)

CMD-006 : used memory is 190 MB, reserved memory is 145 MB, peak memory is 268 MB
CMD-004 : start command "export_db F:/SVN_ELF2_SOC/trunk/Basic_Demo/FLASH_Demo/FPGA144/Quick_Start_pr.db"
RUN-001 : Exported /
RUN-001 : Exported libs
RUN-001 : Exported entities
RUN-001 : Exported ports
RUN-001 : Exported pins
RUN-001 : Exported instances
RUN-001 : Exported nets
RUN-001 : Exported buses
RUN-001 : Exported models
RUN-001 : Exported congestions
RUN-001 : Exported violations
RUN-001 : Exported IO constraints
RUN-001 : Exported Inst constraints
RUN-001 : Exported flow parameters
CMD-004 : start command "bitgen -bit F:/SVN_ELF2_SOC/trunk/Basic_Demo/FLASH_Demo/FPGA144/Quick_Start.bit -version 0X0000 -svf F:/SVN_ELF2_SOC/trunk/Basic_Demo/FLASH_Demo/FPGA144/Quick_Start.svf -svf_comment_on -128 F:/SVN_ELF2_SOC/trunk/Basic_Demo/FLASH_Demo/SDK144/Quick_Start.bin -g ucode:00000000000000000000000000000000 -f F:/SVN_ELF2_SOC/trunk/Basic_Demo/FLASH_Demo/FPGA144/Quick_Start.btc"
BIT-701 : Start to generate bitstream. 
BIT-701 : Init instances with 4 threads.
BIT-701 : Init instances completely, inst num: 32
BIT-701 : Init pips with 4 threads.
BIT-701 : Init pips completely, net num: 70, pip num: 345
BIT-701 : Multithreading accelaration with 4 threads.
BIT-701 : Generate bitstream completely, there are 124 valid insts, and 961 bits set as '1'.
BIT-701 : Generate bits file F:/SVN_ELF2_SOC/trunk/Basic_Demo/FLASH_Demo/FPGA144/Quick_Start.bit.
BIT-701 : Generate svf file F:/SVN_ELF2_SOC/trunk/Basic_Demo/FLASH_Demo/FPGA144/Quick_Start.svf.
BIT-701 : Generate tde file F:/SVN_ELF2_SOC/trunk/Basic_Demo/FLASH_Demo/FPGA144/Quick_Start_spi.tde
BIT-701 : Generate tde file F:/SVN_ELF2_SOC/trunk/Basic_Demo/FLASH_Demo/FPGA144/Quick_Start_refresh.tde
BIT-701 : Generate tde file F:/SVN_ELF2_SOC/trunk/Basic_Demo/FLASH_Demo/FPGA144/Quick_Start_erase_spi.tde
BIT-701 : Generate tde file F:/SVN_ELF2_SOC/trunk/Basic_Demo/FLASH_Demo/FPGA144/Quick_Start.tde
CMD-005 : finish command "bitgen -bit F:/SVN_ELF2_SOC/trunk/Basic_Demo/FLASH_Demo/FPGA144/Quick_Start.bit -version 0X0000 -svf F:/SVN_ELF2_SOC/trunk/Basic_Demo/FLASH_Demo/FPGA144/Quick_Start.svf -svf_comment_on -128 F:/SVN_ELF2_SOC/trunk/Basic_Demo/FLASH_Demo/SDK144/Quick_Start.bin -g ucode:00000000000000000000000000000000 -f F:/SVN_ELF2_SOC/trunk/Basic_Demo/FLASH_Demo/FPGA144/Quick_Start.btc" in  1.590119s wall, 1.825212s user + 0.093601s system = 1.918812s CPU (120.7%)

CMD-006 : used memory is 193 MB, reserved memory is 147 MB, peak memory is 268 MB
CMD-004 : start command "download -svf F:\SVN_ELF2_SOC\trunk\Basic_Demo\FLASH_Demo\FPGA144\Quick_Start.svf -mode jtag -wait 20 -spd 6 -sec 64 -cable 0 -chip EF2L45B"
CMD-004 : start command "bit_to_vec -chip EF2L45B -m jtag -svf F:/SVN_ELF2_SOC/trunk/Basic_Demo/FLASH_Demo/FPGA144/Quick_Start.svf"
CMD-004 : start command "program -cable 0 -spd 6"
CMD-005 : finish command "program -cable 0 -spd 6" in  1.458043s wall, 0.140401s user + 0.000000s system = 0.140401s CPU (9.6%)

CMD-006 : used memory is 235 MB, reserved memory is 187 MB, peak memory is 268 MB
CMD-005 : finish command "download -svf F:\SVN_ELF2_SOC\trunk\Basic_Demo\FLASH_Demo\FPGA144\Quick_Start.svf -mode jtag -wait 20 -spd 6 -sec 64 -cable 0 -chip EF2L45B" in  1.585376s wall, 0.280802s user + 0.000000s system = 0.280802s CPU (17.7%)

CMD-006 : used memory is 235 MB, reserved memory is 187 MB, peak memory is 268 MB
GUI-001 : Download success!
RUN-003 ERROR: USB device open error, please re-connect the USB cable!
RUN-003 ERROR: USB device open error, please re-connect the USB cable!
CMD-004 : start command "download -svf F:\SVN_ELF2_SOC\trunk\Basic_Demo\FLASH_Demo\FPGA144\Quick_Start.svf -mode jtag -wait 20 -spd 6 -sec 64 -cable 0 -chip EF2L45B"
CMD-004 : start command "bit_to_vec -chip EF2L45B -m jtag -svf F:/SVN_ELF2_SOC/trunk/Basic_Demo/FLASH_Demo/FPGA144/Quick_Start.svf"
CMD-004 : start command "program -cable 0 -spd 6"
CMD-005 : finish command "program -cable 0 -spd 6" in  1.459406s wall, 0.093601s user + 0.046800s system = 0.140401s CPU (9.6%)

CMD-006 : used memory is 234 MB, reserved memory is 186 MB, peak memory is 268 MB
CMD-005 : finish command "download -svf F:\SVN_ELF2_SOC\trunk\Basic_Demo\FLASH_Demo\FPGA144\Quick_Start.svf -mode jtag -wait 20 -spd 6 -sec 64 -cable 0 -chip EF2L45B" in  1.582884s wall, 0.218401s user + 0.046800s system = 0.265202s CPU (16.8%)

CMD-006 : used memory is 234 MB, reserved memory is 186 MB, peak memory is 268 MB
GUI-001 : Download success!
CMD-004 : start command "import_db F:/SVN_ELF2_SOC/trunk/Basic_Demo/FLASH_Demo/FPGA144/Quick_Start_pr.db"
RUN-001 : Importing design generated by Tang Dynasty, V4.1.612.
RUN-001 : Import IO constraints
RUN-001 : Import Inst constraints
RUN-001 : Import flow parameters
CMD-004 : start command "bitgen -bit F:/SVN_ELF2_SOC/trunk/Basic_Demo/FLASH_Demo/FPGA144/Quick_Start.bit -version 0X0000 -svf F:/SVN_ELF2_SOC/trunk/Basic_Demo/FLASH_Demo/FPGA144/Quick_Start.svf -svf_comment_on -128 F:/SVN_ELF2_SOC/trunk/Basic_Demo/FLASH_Demo/SDK144/Quick_Start.bin -g ucode:00000000000000000000000000000000 -f F:/SVN_ELF2_SOC/trunk/Basic_Demo/FLASH_Demo/FPGA144/Quick_Start.btc"
BIT-701 : Start to generate bitstream. 
BIT-701 : Init instances completely, inst num: 32
BIT-701 : Init pips completely, net num: 70, pip num: 345
BIT-701 : Generate bitstream completely, there are 124 valid insts, and 961 bits set as '1'.
BIT-701 : Generate bits file F:/SVN_ELF2_SOC/trunk/Basic_Demo/FLASH_Demo/FPGA144/Quick_Start.bit.
BIT-701 : Generate svf file F:/SVN_ELF2_SOC/trunk/Basic_Demo/FLASH_Demo/FPGA144/Quick_Start.svf.
BIT-701 : Generate tde file F:/SVN_ELF2_SOC/trunk/Basic_Demo/FLASH_Demo/FPGA144/Quick_Start_spi.tde
BIT-701 : Generate tde file F:/SVN_ELF2_SOC/trunk/Basic_Demo/FLASH_Demo/FPGA144/Quick_Start_refresh.tde
BIT-701 : Generate tde file F:/SVN_ELF2_SOC/trunk/Basic_Demo/FLASH_Demo/FPGA144/Quick_Start_erase_spi.tde
BIT-701 : Generate tde file F:/SVN_ELF2_SOC/trunk/Basic_Demo/FLASH_Demo/FPGA144/Quick_Start.tde
CMD-005 : finish command "bitgen -bit F:/SVN_ELF2_SOC/trunk/Basic_Demo/FLASH_Demo/FPGA144/Quick_Start.bit -version 0X0000 -svf F:/SVN_ELF2_SOC/trunk/Basic_Demo/FLASH_Demo/FPGA144/Quick_Start.svf -svf_comment_on -128 F:/SVN_ELF2_SOC/trunk/Basic_Demo/FLASH_Demo/SDK144/Quick_Start.bin -g ucode:00000000000000000000000000000000 -f F:/SVN_ELF2_SOC/trunk/Basic_Demo/FLASH_Demo/FPGA144/Quick_Start.btc" in  1.689174s wall, 1.700411s user + 0.015600s system = 1.716011s CPU (101.6%)

CMD-006 : used memory is 234 MB, reserved memory is 186 MB, peak memory is 268 MB
RUN-003 ERROR: USB device open error, please re-connect the USB cable!
RUN-003 ERROR: USB device open error, please re-connect the USB cable!
CMD-004 : start command "download -svf F:\SVN_ELF2_SOC\trunk\Basic_Demo\FLASH_Demo\FPGA144\Quick_Start.svf -mode jtag -wait 20 -spd 6 -sec 64 -cable 0 -chip EF2L45B"
CMD-004 : start command "bit_to_vec -chip EF2L45B -m jtag -svf F:/SVN_ELF2_SOC/trunk/Basic_Demo/FLASH_Demo/FPGA144/Quick_Start.svf"
CMD-004 : start command "program -cable 0 -spd 6"
CMD-005 : finish command "program -cable 0 -spd 6" in  1.415848s wall, 0.062400s user + 0.031200s system = 0.093601s CPU (6.6%)

CMD-006 : used memory is 231 MB, reserved memory is 183 MB, peak memory is 268 MB
CMD-005 : finish command "download -svf F:\SVN_ELF2_SOC\trunk\Basic_Demo\FLASH_Demo\FPGA144\Quick_Start.svf -mode jtag -wait 20 -spd 6 -sec 64 -cable 0 -chip EF2L45B" in  1.538773s wall, 0.187201s user + 0.031200s system = 0.218401s CPU (14.2%)

CMD-006 : used memory is 231 MB, reserved memory is 183 MB, peak memory is 268 MB
GUI-001 : Download success!
CMD-004 : start command "import_db F:/SVN_ELF2_SOC/trunk/Basic_Demo/FLASH_Demo/FPGA144/Quick_Start_pr.db"
RUN-001 : Importing design generated by Tang Dynasty, V4.1.612.
RUN-001 : Import IO constraints
RUN-001 : Import Inst constraints
RUN-001 : Import flow parameters
CMD-004 : start command "bitgen -bit F:/SVN_ELF2_SOC/trunk/Basic_Demo/FLASH_Demo/FPGA144/Quick_Start.bit -version 0X0000 -svf F:/SVN_ELF2_SOC/trunk/Basic_Demo/FLASH_Demo/FPGA144/Quick_Start.svf -svf_comment_on -128 F:/SVN_ELF2_SOC/trunk/Basic_Demo/FLASH_Demo/SDK144/Quick_Start.bin -g ucode:00000000000000000000000000000000 -f F:/SVN_ELF2_SOC/trunk/Basic_Demo/FLASH_Demo/FPGA144/Quick_Start.btc"
BIT-701 : Start to generate bitstream. 
BIT-701 : Init instances completely, inst num: 32
BIT-701 : Init pips completely, net num: 70, pip num: 345
BIT-701 : Generate bitstream completely, there are 124 valid insts, and 961 bits set as '1'.
BIT-701 : Generate bits file F:/SVN_ELF2_SOC/trunk/Basic_Demo/FLASH_Demo/FPGA144/Quick_Start.bit.
BIT-701 : Generate svf file F:/SVN_ELF2_SOC/trunk/Basic_Demo/FLASH_Demo/FPGA144/Quick_Start.svf.
BIT-701 : Generate tde file F:/SVN_ELF2_SOC/trunk/Basic_Demo/FLASH_Demo/FPGA144/Quick_Start_spi.tde
BIT-701 : Generate tde file F:/SVN_ELF2_SOC/trunk/Basic_Demo/FLASH_Demo/FPGA144/Quick_Start_refresh.tde
BIT-701 : Generate tde file F:/SVN_ELF2_SOC/trunk/Basic_Demo/FLASH_Demo/FPGA144/Quick_Start_erase_spi.tde
BIT-701 : Generate tde file F:/SVN_ELF2_SOC/trunk/Basic_Demo/FLASH_Demo/FPGA144/Quick_Start.tde
CMD-005 : finish command "bitgen -bit F:/SVN_ELF2_SOC/trunk/Basic_Demo/FLASH_Demo/FPGA144/Quick_Start.bit -version 0X0000 -svf F:/SVN_ELF2_SOC/trunk/Basic_Demo/FLASH_Demo/FPGA144/Quick_Start.svf -svf_comment_on -128 F:/SVN_ELF2_SOC/trunk/Basic_Demo/FLASH_Demo/SDK144/Quick_Start.bin -g ucode:00000000000000000000000000000000 -f F:/SVN_ELF2_SOC/trunk/Basic_Demo/FLASH_Demo/FPGA144/Quick_Start.btc" in  1.723858s wall, 1.684811s user + 0.031200s system = 1.716011s CPU (99.5%)

CMD-006 : used memory is 233 MB, reserved memory is 184 MB, peak memory is 268 MB
RUN-003 ERROR: USB device open error, please re-connect the USB cable!
RUN-003 ERROR: USB device open error, please re-connect the USB cable!
CMD-004 : start command "download -svf F:\SVN_ELF2_SOC\trunk\Basic_Demo\FLASH_Demo\FPGA144\Quick_Start.svf -mode jtag -wait 20 -spd 6 -sec 64 -cable 0 -chip EF2L45B"
CMD-004 : start command "bit_to_vec -chip EF2L45B -m jtag -svf F:/SVN_ELF2_SOC/trunk/Basic_Demo/FLASH_Demo/FPGA144/Quick_Start.svf"
CMD-004 : start command "program -cable 0 -spd 6"
CMD-005 : finish command "program -cable 0 -spd 6" in  1.389278s wall, 0.078001s user + 0.000000s system = 0.078001s CPU (5.6%)

CMD-006 : used memory is 231 MB, reserved memory is 182 MB, peak memory is 268 MB
CMD-005 : finish command "download -svf F:\SVN_ELF2_SOC\trunk\Basic_Demo\FLASH_Demo\FPGA144\Quick_Start.svf -mode jtag -wait 20 -spd 6 -sec 64 -cable 0 -chip EF2L45B" in  1.515568s wall, 0.202801s user + 0.000000s system = 0.202801s CPU (13.4%)

CMD-006 : used memory is 231 MB, reserved memory is 182 MB, peak memory is 268 MB
GUI-001 : Download success!
CMD-004 : start command "import_db F:/SVN_ELF2_SOC/trunk/Basic_Demo/FLASH_Demo/FPGA144/Quick_Start_pr.db"
RUN-001 : Importing design generated by Tang Dynasty, V4.1.612.
RUN-001 : Import IO constraints
RUN-001 : Import Inst constraints
RUN-001 : Import flow parameters
CMD-004 : start command "bitgen -bit F:/SVN_ELF2_SOC/trunk/Basic_Demo/FLASH_Demo/FPGA144/Quick_Start.bit -version 0X0000 -svf F:/SVN_ELF2_SOC/trunk/Basic_Demo/FLASH_Demo/FPGA144/Quick_Start.svf -svf_comment_on -128 F:/SVN_ELF2_SOC/trunk/Basic_Demo/FLASH_Demo/SDK144/Quick_Start.bin -g ucode:00000000000000000000000000000000 -f F:/SVN_ELF2_SOC/trunk/Basic_Demo/FLASH_Demo/FPGA144/Quick_Start.btc"
BIT-701 : Start to generate bitstream. 
BIT-701 : Init instances completely, inst num: 32
BIT-701 : Init pips completely, net num: 70, pip num: 345
BIT-701 : Generate bitstream completely, there are 124 valid insts, and 961 bits set as '1'.
BIT-701 : Generate bits file F:/SVN_ELF2_SOC/trunk/Basic_Demo/FLASH_Demo/FPGA144/Quick_Start.bit.
BIT-701 : Generate svf file F:/SVN_ELF2_SOC/trunk/Basic_Demo/FLASH_Demo/FPGA144/Quick_Start.svf.
BIT-701 : Generate tde file F:/SVN_ELF2_SOC/trunk/Basic_Demo/FLASH_Demo/FPGA144/Quick_Start_spi.tde
BIT-701 : Generate tde file F:/SVN_ELF2_SOC/trunk/Basic_Demo/FLASH_Demo/FPGA144/Quick_Start_refresh.tde
BIT-701 : Generate tde file F:/SVN_ELF2_SOC/trunk/Basic_Demo/FLASH_Demo/FPGA144/Quick_Start_erase_spi.tde
BIT-701 : Generate tde file F:/SVN_ELF2_SOC/trunk/Basic_Demo/FLASH_Demo/FPGA144/Quick_Start.tde
CMD-005 : finish command "bitgen -bit F:/SVN_ELF2_SOC/trunk/Basic_Demo/FLASH_Demo/FPGA144/Quick_Start.bit -version 0X0000 -svf F:/SVN_ELF2_SOC/trunk/Basic_Demo/FLASH_Demo/FPGA144/Quick_Start.svf -svf_comment_on -128 F:/SVN_ELF2_SOC/trunk/Basic_Demo/FLASH_Demo/SDK144/Quick_Start.bin -g ucode:00000000000000000000000000000000 -f F:/SVN_ELF2_SOC/trunk/Basic_Demo/FLASH_Demo/FPGA144/Quick_Start.btc" in  1.719893s wall, 1.747211s user + 0.015600s system = 1.762811s CPU (102.5%)

CMD-006 : used memory is 230 MB, reserved memory is 181 MB, peak memory is 268 MB
RUN-003 ERROR: USB device open error, please re-connect the USB cable!
RUN-003 ERROR: USB device open error, please re-connect the USB cable!
CMD-004 : start command "download -svf F:\SVN_ELF2_SOC\trunk\Basic_Demo\FLASH_Demo\FPGA144\Quick_Start.svf -mode jtag -wait 20 -spd 6 -sec 64 -cable 0 -chip EF2L45B"
CMD-004 : start command "bit_to_vec -chip EF2L45B -m jtag -svf F:/SVN_ELF2_SOC/trunk/Basic_Demo/FLASH_Demo/FPGA144/Quick_Start.svf"
CMD-004 : start command "program -cable 0 -spd 6"
CMD-005 : finish command "program -cable 0 -spd 6" in  1.394890s wall, 0.078001s user + 0.000000s system = 0.078001s CPU (5.6%)

CMD-006 : used memory is 229 MB, reserved memory is 180 MB, peak memory is 268 MB
CMD-005 : finish command "download -svf F:\SVN_ELF2_SOC\trunk\Basic_Demo\FLASH_Demo\FPGA144\Quick_Start.svf -mode jtag -wait 20 -spd 6 -sec 64 -cable 0 -chip EF2L45B" in  1.524772s wall, 0.202801s user + 0.000000s system = 0.202801s CPU (13.3%)

CMD-006 : used memory is 229 MB, reserved memory is 180 MB, peak memory is 268 MB
GUI-001 : Download success!
