============================================================
   Tang Dynasty, V4.1.389
   Copyright:   Shanghai Anlogic Infotech Co., Ltd.
                2011 - 2021
   Executable = C:/Anlogic/TD4.1.389/bin/td.exe
   Built at =   12:28:42 Mar  8 2018
   Run by =     Administrator
   Run Date =   Fri May  4 15:13:46 2018

   Run on =     Y1YBFM96WTED81W
============================================================
VLG-002 : analyze verilog file F:/Anlogic_MCU/Demo/FPGA/Quick_Start/al_ip/sys_pll.v
VLG-002 : analyze verilog file F:/Anlogic_MCU/Demo/FPGA/Quick_Start/al_ip/AL_MCU.v
VLG-002 : analyze verilog file F:/Anlogic_MCU/Demo/FPGA/Quick_Start/src/quick_start.v
CMD-004 : start command "import_device ef2_4.db -package EF2L45LG144B"
CMD-005 : finish command "import_device ef2_4.db -package EF2L45LG144B" in  1.118844s wall, 1.060807s user + 0.078001s system = 1.138807s CPU (101.8%)

CMD-006 : used memory is 108 MB, reserved memory is 82 MB, peak memory is 108 MB
CMD-004 : start command "import_db F:/Anlogic_MCU/Demo/FPGA/Quick_Start/Quick_Start_pr.db"
RUN-001 : Importing design generated by Tang Dynasty, V4.1.389.
RUN-001 : Import IO constraints
RUN-001 : Import Inst constraints
VLG-002 : analyze verilog file F:/Anlogic_MCU/Demo/FPGA/Quick_Start/al_ip/sys_pll.v
VLG-002 : analyze verilog file F:/Anlogic_MCU/Demo/FPGA/Quick_Start/al_ip/AL_MCU.v
VLG-002 : analyze verilog file F:/Anlogic_MCU/Demo/FPGA/Quick_Start/src/quick_start.v
CMD-004 : start command "import_device ef2_4.db -package EF2L45LG144B"
CMD-005 : finish command "import_device ef2_4.db -package EF2L45LG144B" in  1.129232s wall, 1.107607s user + 0.046800s system = 1.154407s CPU (102.2%)

CMD-006 : used memory is 133 MB, reserved memory is 95 MB, peak memory is 135 MB
VLG-002 : analyze verilog file F:/Anlogic_MCU/Demo/FPGA/Quick_Start/al_ip/sys_pll.v
VLG-002 : analyze verilog file F:/Anlogic_MCU/Demo/FPGA/Quick_Start/al_ip/AL_MCU.v
VLG-002 : analyze verilog file F:/Anlogic_MCU/Demo/FPGA/Quick_Start/src/quick_start.v
CMD-004 : start command "elaborate -top quick_start"
VLG-004 : elaborate module quick_start in F:/Anlogic_MCU/Demo/FPGA/Quick_Start/src/quick_start.v(2)
VLG-004 : elaborate module sys_pll in F:/Anlogic_MCU/Demo/FPGA/Quick_Start/al_ip/sys_pll.v(23)
VLG-004 : elaborate module EF2_LOGIC_BUFG in C:/Anlogic/TD4.1.389/arch/ef2_macro.v(8)
VLG-004 : elaborate module EF2_PHY_PLL(FIN="25.000",FBCLK_DIV=12,CLKC0_DIV=3,CLKC1_DIV=36,CLKC0_ENABLE="ENABLE",CLKC1_ENABLE="ENABLE",FEEDBK_PATH="CLKC0_EXT",STDBY_ENABLE="DISABLE",CLKC0_CPHASE=3,CLKC1_CPHASE=36,GMC_GAIN=6,ICP_CURRENT=3,KVCO=6,LPF_RESISTOR=2,PLLRST_ENA="DISABLE",INTPI=2,HIGH_SPEED_EN="ENABLE",OFFSET_MODE="EXT",CLKC0_DUTY=0.5,CLKC1_DUTY=0.5,CLKC0_DUTY_INT=2,CLKC1_DUTY_INT=19) in C:/Anlogic/TD4.1.389/arch/ef2_macro.v(2541)
VLG-939 WARNING: port i2s_mst_clk remains unconnected for this instance in F:/Anlogic_MCU/Demo/FPGA/Quick_Start/al_ip/AL_MCU.v(31)
VLG-004 : elaborate module AL_MCU in F:/Anlogic_MCU/Demo/FPGA/Quick_Start/al_ip/AL_MCU.v(14)
VLG-004 : elaborate module EF2_PHY_MCU(GPIO_L0="ENABLE",GPIO_L1="ENABLE",GPIO_L10="ENABLE") in C:/Anlogic/TD4.1.389/arch/ef2_macro.v(756)
VIN-1013 WARNING: input port i2s_mst_clk is not connected on this instance in F:/Anlogic_MCU/Demo/FPGA/Quick_Start/al_ip/AL_MCU.v(31)
RTL-100 : Current top model is quick_start
RAM-300 : Inferred 0 RAMs.
CMD-004 : start command "optimize_rtl"
RUN-001 : Open license file C:/Anlogic/TD4.1.389/license/Anlogic.lic
SNT-300 : SanityCheck: Model "quick_start"
SNT-300 : SanityCheck: Model "AL_MCU"
SNT-300 : SanityCheck: Model "sys_pll"
RTL-100 : Mark sys_pll as IO macro for instance bufg_feedback
FLT-300 : Flatten model quick_start
FLT-300 : Flatten model AL_MCU
FLT-300 : Flatten model sys_pll
MRG-300 : Merged 2 instances.
OPT-300 : Optimize round 1
RTL-100 : 62/15 useful/useless nets, 34/7 useful/useless insts
MUX-301 : Optimized 0 mux instances.
OPT-301 : Optimize round 1, 24 better
OPT-300 : Optimize round 2
RTL-100 : 61/1 useful/useless nets, 33/0 useful/useless insts
MUX-301 : Optimized 0 mux instances.
OPT-301 : Optimize round 2, 0 better
CMD-004 : start command "report_area -file F:/Anlogic_MCU/Demo/FPGA/Quick_Start/Quick_Start_rtl.area"
standard
IO Statistics
#IO                     4
  #input                2
  #output               1
  #inout                1

Gate Statistics
#Basic gates           27
  #and                  0
  #nand                 0
  #or                   0
  #nor                  0
  #xor                  0
  #xnor                 0
  #buf                  0
  #not                  1
  #bufif1               1
  #MX21                 0
  #FADD                 0
  #DFF                 25
  #LATCH                0
#MACRO_ADD              1

CMD-004 : start command "read_adc constrs/board.adc"
CMD-004 : start command "set_pin_assignment fpga_clk_in  LOCATION = P20;  "
CMD-004 : start command "set_pin_assignment fpga_rst_n  LOCATION = P38;  "
CMD-004 : start command "set_pin_assignment hw_led  LOCATION = P81;  "
CMD-004 : start command "set_pin_assignment sw_led  LOCATION = P82;   "
CMD-004 : start command "export_db F:/Anlogic_MCU/Demo/FPGA/Quick_Start/Quick_Start_rtl.db"
RUN-001 : Exported /
RUN-001 : Exported libs
RUN-001 : Exported entities
RUN-001 : Exported ports
RUN-001 : Exported pins
RUN-001 : Exported instances
RUN-001 : Exported nets
RUN-001 : Exported buses
RUN-001 : Exported models
RUN-001 : Exported congestions
RUN-001 : Exported violations
RUN-001 : Exported IO constraints
RUN-001 : Exported Inst constraints
CMD-004 : start command "map_macro"
RTL-100 : Map 4 IOs to PADs
GAT-100 : Processed 0 LOGIC_BUF instances.
GAT-100 : 1 BUFG to GCLK
RTL-100 : Optimize round 1
RTL-100 : 65/0 useful/useless nets, 37/0 useful/useless insts
RTL-100 : Optimize round 1, 0 better
RTL-100 : Map 1 macro adder
RTL-100 : 141/50 useful/useless nets, 63/25 useful/useless insts
CMD-004 : start command "map"
GAT-100 : Running gate level optimization.
GAT-100 : Mapping with K=0, #lut = 0 (0.00), #lev = 0 (0.00)
GAT-100 : Post LUT mapping optimization.
GAT-100 : Mapping with K=0, #lut = 0 (0.00), #lev = 0 (0.00)
GAT-100 : Mapping with K=0, #lut = 0 (0.00), #lev = 0 (0.00)
GAT-100 : Logic optimization runtime opt =   0.00 sec, map =   0.00 sec
GAT-100 : Mapper mapped 1 instances into 1 LUTs, name keeping = 100%.
CMD-004 : start command "pack"
GAT-100 : Packing top model "quick_start" ...
PAK-301 : Pack lib has 35 rtl pack models with 12 top pack blocks
OPT-300 : Optimize round 1
RTL-100 : 90/0 useful/useless nets, 62/0 useful/useless insts
OPT-301 : Optimize round 1, 0 better
PAK-SEQ-305 : Packing 25 DFF/LATCH to SEQ ...
PAK-BLE-301 : Packing 26 adder to BLE ...
PAK-BLE-302 : Packed 26 adder and 25 SEQ to BLE.
PAK-BLE-301 : Packing 0 gate4 to BLE ...
PAK-BLE-302 : Packed 0 gate4 and 0 SEQ to BLE.
PAK-BLE-301 : Packing 0 MUX to BLE ...
PAK-BLE-302 : Packed 0 MUX and 0 SEQ to BLE.
PAK-BLE-301 : Packing 1 LUT to BLE ...
PAK-BLE-302 : Packed 1 LUT and 0 SEQ to BLE.
PAK-SEQ-301 : Packing 0 remaining SEQ's ...
PAK-SEQ-302 : #0: Packed 0 SEQ (0 nodes)...
PAK-SEQ-303 : Packed 0 SEQ with LUT/SLICE
PAK-SEQ-304 : 1 single LUT's are left
PAK-SEQ-304 : 0 single SEQ's are left
PAK-303 : Packing model "quick_start" (AL_USER_NORMAL) with 1/24 primitive instances ...
CLK-302 : Net U_SYS_PLL/clk0_out driven by BUFG (0 clock/control pins, 1 other pins).
CLK-304 : Net fpga_clk_in_pad is refclk of pll U_SYS_PLL/pll_inst.
CLK-305 : Net fpga_clk_in_pad is fbclk of pll U_SYS_PLL/pll_inst.
CLK-308 : Net "clk25" drive clk pins.
CLK-309 : Tag rtl::Net U_SYS_PLL/clk0_out as clock net
CLK-309 : Tag rtl::Net clk25 as clock net
CLK-309 : Tag rtl::Net fpga_clk_in_pad as clock net
CLK-310 : Tagged 3 rtl::Net as clock net
CMD-004 : start command "report_area -file F:/Anlogic_MCU/Demo/FPGA/Quick_Start/Quick_Start_gate.area"
standard
IO Statistics
#IO                     4
  #input                2
  #output               1
  #inout                1

Utilization Statistics
#le                    27   out of   4480    0.60%
  #lut                 27   out of   4480    0.60%
  #reg                 25   out of   4480    0.56%
#dsp                    0   out of     15    0.00%
#bram                   0   out of     12    0.00%
  #bram9k               0
  #fifo9k               0
#bram32k                0   out of      6    0.00%
#mcu                    1   out of      1  100.00%
#pad                    4   out of    115    3.48%
  #ireg                 0
  #oreg                 0
  #treg                 0
#pll                    1   out of      1  100.00%
#bufg                   3   out of     16   18.75%

CMD-004 : start command "export_db F:/Anlogic_MCU/Demo/FPGA/Quick_Start/Quick_Start_gate.db"
RUN-001 : Exported /
RUN-001 : Exported libs
RUN-001 : Exported entities
RUN-001 : Exported ports
RUN-001 : Exported pins
RUN-001 : Exported instances
RUN-001 : Exported nets
RUN-001 : Exported buses
RUN-001 : Exported models
RUN-001 : Exported congestions
RUN-001 : Exported violations
RUN-001 : Exported IO constraints
RUN-001 : Exported Inst constraints
CMD-004 : start command "place"
RUN-001 : Open license file C:/Anlogic/TD4.1.389/license/Anlogic.lic
PLC-001 : Placer runs in 4 thread(s).
RUN-001 : There are total 24 instances
RUN-001 : 13 mslices, 1 lslices, 4 pads, 0 brams, 0 dsps
RUN-001 : There are total 52 nets
RUN-001 : 47 nets have 2 pins
RUN-001 : 2 nets have [3 - 5] pins
RUN-001 : 2 nets have [11 - 20] pins
RUN-001 : 1 nets have [21 - 99] pins
PLC-001 : Initial placement ...
PLC-001 : design contains 22 instances, 14 slices, 1 macros(13 instances)
CMD-004 : start command "start_timer"
TMR-611 WARNING: No sdc constraints found while initiating timer.
TMR-601 : Start building timing graph for model quick_start
TMR-601 : Build timing graph completely. Port num: 4, tpin num: 126, tnet num: 50, tinst num: 21, tnode num: 179, tedge num: 194.

TMR-601 : Eliminate loop in the timing graph, delete 0 tedges.
TMR-601 : Levelize timing graph completed, there are 28 levels in all.
TMR-601 : Timing graph initialized successfully.

TMR-601 : Start to update net delay, extr mode = 2.
TMR-601 : Update delay of 50 nets completely.
TMR-601 : Annotate delay to tedge completely, extr mode = 2.
TMR-601 : No user constraint, initiate default constraint.
TMR-601 : Assign derive clock DeriveClock to 26 clock pins, and constraint 51 relative nodes.
TMR-601 : Start to map constraints to rules, there are 0 constraints in all.
TMR-601 : Start to map report constraints to rules, there are 0 constraints in all.
TMR-601 : Constraints initiated successfully.
TMR-601 : Forward propagation: start to calculate arrival time...
TMR-601 : Backward propagation: start to calculate required time...
TMR-601 : Timing propagation completely!
PLC-001 : Global placement ...
PLC-001 : Initial: Len = 1779.6
PLC-001 : Run with size of 3
PLC-001 : Cell area utilization is 0%, beta_incr = 0.996250
PLC-001 : :::0::: Try harder cell spreading with beta_ = 0
PLC-004 : Step(1): len = 632.6, overlap = 0
PLC-004 : Step(2): len = 632.6, overlap = 0
PLC-004 : Step(3): len = 634.6, overlap = 0
PLC-001 : Legalization ...
PLC-001 : Run with size of 3
PLC-001 : Cell area utilization is 0%, beta_incr = 0.996250
PLC-001 : :::0::: Try harder cell spreading with beta_ = 0
PLC-004 : Step(4): len = 632.6, overlap = 0
PLC-004 : Step(5): len = 632.6, overlap = 0
PLC-004 : Step(6): len = 522.6, overlap = 0
PLC-004 : Step(7): len = 522.6, overlap = 0
PLC-004 : Step(8): len = 522.6, overlap = 0
PLC-001 : Legalization ...
PLC-001 : Run with size of 3
PLC-001 : Cell area utilization is 0%, beta_incr = 0.996250
PLC-001 : :::0::: Try harder cell spreading with beta_ = 0
PLC-004 : Step(9): len = 522.6, overlap = 0
PLC-004 : Step(10): len = 522.6, overlap = 0
PLC-004 : Step(11): len = 522.6, overlap = 0
PLC-001 : Legalization ...
PLC-001 : Legalized: Len = 522.6, Over = 0
PLC-001 : Final: Len = 522.6, Over = 0
PLC-001 : Improving timing with driver duplication.
CMD-004 : start command "start_timer"
TMR-611 WARNING: No sdc constraints found while initiating timer.
TMR-601 : Start building timing graph for model quick_start
TMR-601 : Build timing graph completely. Port num: 4, tpin num: 126, tnet num: 50, tinst num: 21, tnode num: 179, tedge num: 194.

TMR-601 : Eliminate loop in the timing graph, delete 0 tedges.
TMR-601 : Levelize timing graph completed, there are 28 levels in all.
TMR-601 : Timing graph initialized successfully.

CMD-004 : start command "report_area -io_info -file F:/Anlogic_MCU/Demo/FPGA/Quick_Start/Quick_Start_phy.area"
standard
IO Statistics
#IO                     4
  #input                2
  #output               1
  #inout                1

Utilization Statistics
#le                    27   out of   4480    0.60%
  #lut                 27   out of   4480    0.60%
  #reg                 25   out of   4480    0.56%
#dsp                    0   out of     15    0.00%
#bram                   0   out of     12    0.00%
  #bram9k               0
  #fifo9k               0
#bram32k                0   out of      6    0.00%
#mcu                    1   out of      1  100.00%
#pad                    4   out of    115    3.48%
  #ireg                 0
  #oreg                 0
  #treg                 0
#pll                    1   out of      1  100.00%
#bufg                   3   out of     16   18.75%

CMD-004 : start command "route"
RUN-001 : Open license file C:/Anlogic/TD4.1.389/license/Anlogic.lic
RUN-001 : Pin swapping for better routability
RUN-001 : Pin misalignment score is improved from 1 to 1
RUN-001 : Pin local connectivity score is improved from 5 to 0
RUN-001 : Pin misalignment score is improved from 1 to 1
RUN-001 : Pin local connectivity score is improved from 5 to 0
RTE-301 : End pin swap;  0.003309s wall, 0.000000s user + 0.000000s system = 0.000000s CPU (n/a%)

RTE-301 : Route runs in 4 thread(s)
RUN-001 : There are total 24 instances
RUN-001 : 13 mslices, 1 lslices, 4 pads, 0 brams, 0 dsps
RUN-001 : There are total 52 nets
RUN-001 : 47 nets have 2 pins
RUN-001 : 2 nets have [3 - 5] pins
RUN-001 : 2 nets have [11 - 20] pins
RUN-001 : 1 nets have [21 - 99] pins
RTE-301 : Start global routing ...
RTE-301 : Generate routing grids ...
RTE-301 : Initialize routing nets ...
RTE-301 : Ripup & Reroute ...
RTE-302 : len = 568, over cnt = 0(0%), over = 0, worst = 0
RTE-301 : Timing updates.
TMR-601 : Start to update net delay, extr mode = 5.
TMR-601 : Update delay of 50 nets completely.
TMR-601 : Annotate delay to tedge completely, extr mode = 5.
TMR-601 : Start to map report constraints to rules, there are 0 constraints in all.
TMR-601 : Forward propagation: start to calculate arrival time...
TMR-601 : Backward propagation: start to calculate required time...
TMR-601 : Timing propagation completely!
RTE-301 : Optimize timing.
RTE-301 : End global routing;  0.007903s wall, 0.031200s user + 0.000000s system = 0.031200s CPU (394.8%)

RTE-301 : Start detail routing ...
RTE-301 : Generate detailed routing grids ...
RTE-301 : Generate nets ...
RTE-301 : clock net U_SYS_PLL/clk0_out will be merged with clock U_SYS_PLL/clk0_buf
RTE-301 : net clk25 will be routed on clock mesh
RTE-301 : net fpga_clk_in_pad will be routed on clock mesh
RTE-301 : Detail Route ...
RTE-301 : ===== Initial DR =====
RTE-301 : Routed 32% nets. 
RTE-301 : Routed 34% nets. 
RTE-301 : Routed 36% nets. 
RTE-301 : Routed 42% nets. 
RTE-301 : Routed 44% nets. 
RTE-301 : Routed 44% nets. 
RTE-301 : Routed 44% nets. 
RTE-301 : Routed 44% nets. 
RTE-301 :  0.033391s wall, 0.031200s user + 0.046800s system = 0.078001s CPU (233.6%)

RTE-302 : len = 2136, over cnt = 0(0%), over = 0, worst = 0
RTE-303 : Routed, final wirelength = 2136
RTE-301 : ===== DR Iter 1 =====
RTE-301 :  0.004814s wall, 0.000000s user + 0.000000s system = 0.000000s CPU (n/a%)

RTE-302 : len = 2136, over cnt = 0(0%), over = 0, worst = 0
RTE-303 : Routed, final wirelength = 2136
RTE-301 : 0 feed throughs used by 0 nets
RTE-301 : Generate detailed routing grids ...
RTE-301 : Generate nets ...
RTE-301 : clock net U_SYS_PLL/clk0_out will be merged with clock U_SYS_PLL/clk0_buf
RTE-301 : net clk25 will be routed on clock mesh
RTE-301 : net fpga_clk_in_pad will be routed on clock mesh
RTE-301 : eco open net = 0
RTE-301 : End detail routing;  1.045328s wall, 0.998406s user + 0.078001s system = 1.076407s CPU (103.0%)

RTE-301 : Routing violations:
RTE-301 : End of Routing Violations.
CMD-005 : finish command "route" in  1.103165s wall, 1.076407s user + 0.078001s system = 1.154407s CPU (104.6%)

CMD-006 : used memory is 177 MB, reserved memory is 137 MB, peak memory is 254 MB
CMD-004 : start command "export_db F:/Anlogic_MCU/Demo/FPGA/Quick_Start/Quick_Start_pr.db"
RUN-001 : Exported /
RUN-001 : Exported libs
RUN-001 : Exported entities
RUN-001 : Exported ports
RUN-001 : Exported pins
RUN-001 : Exported instances
RUN-001 : Exported nets
RUN-001 : Exported buses
RUN-001 : Exported models
RUN-001 : Exported congestions
RUN-001 : Exported violations
RUN-001 : Exported IO constraints
RUN-001 : Exported Inst constraints
CMD-004 : start command "bitgen -bit F:/Anlogic_MCU/Demo/FPGA/Quick_Start/Quick_Start.bit -version 0X0000 -svf F:/Anlogic_MCU/Demo/FPGA/Quick_Start/Quick_Start.svf -svf_comment_on -128 F:/Anlogic_MCU/Demo/SDK/Quick_Start/hello.bin -g ucode:00000000000000000011110101010110 -f F:/Anlogic_MCU/Demo/FPGA/Quick_Start/Quick_Start.btc"
BIT-701 : Start to generate bitstream. 
BIT-701 : Init instances with 4 threads.
BIT-701 : Init instances completely, inst num: 24
BIT-701 : Init pips with 4 threads.
BIT-701 : Init pips completely, net num: 52, pip num: 256
BIT-701 : Multithreading accelaration with 4 threads.
BIT-701 : Generate bitstream completely, there are 90 valid insts, and 756 bits set as '1'.
BIT-701 : Generate bits file F:/Anlogic_MCU/Demo/FPGA/Quick_Start/Quick_Start.bit.
BIT-701 : Generate svf file F:/Anlogic_MCU/Demo/FPGA/Quick_Start/Quick_Start.svf.
CMD-004 : start command "download -svf F:\Anlogic_MCU\Demo\FPGA\Quick_Start\Quick_Start.svf -mode jtag -wait 20 -spd 6 -sec 64 -cable 0 -chip EF2L45B"
CMD-004 : start command "bit_to_vec -chip EF2L45B -m jtag -svf F:/Anlogic_MCU/Demo/FPGA/Quick_Start/Quick_Start.svf"
CMD-004 : start command "program -cable 0 -spd 6"
CMD-005 : finish command "program -cable 0 -spd 6" in  1.436807s wall, 0.140401s user + 0.000000s system = 0.140401s CPU (9.8%)

CMD-006 : used memory is 223 MB, reserved memory is 178 MB, peak memory is 254 MB
CMD-005 : finish command "download -svf F:\Anlogic_MCU\Demo\FPGA\Quick_Start\Quick_Start.svf -mode jtag -wait 20 -spd 6 -sec 64 -cable 0 -chip EF2L45B" in  1.558833s wall, 0.249602s user + 0.015600s system = 0.265202s CPU (17.0%)

CMD-006 : used memory is 223 MB, reserved memory is 178 MB, peak memory is 254 MB
GUI-001 : Download success!
CMD-004 : start command "download -svf F:\Anlogic_MCU\Demo\FPGA\Quick_Start\Quick_Start.svf -mode jtag -wait 20 -spd 6 -sec 64 -cable 0 -chip EF2L45B"
CMD-004 : start command "bit_to_vec -chip EF2L45B -m jtag -svf F:/Anlogic_MCU/Demo/FPGA/Quick_Start/Quick_Start.svf"
CMD-004 : start command "program -cable 0 -spd 6"
CMD-005 : finish command "program -cable 0 -spd 6" in  1.436074s wall, 0.109201s user + 0.000000s system = 0.109201s CPU (7.6%)

CMD-006 : used memory is 222 MB, reserved memory is 177 MB, peak memory is 254 MB
CMD-005 : finish command "download -svf F:\Anlogic_MCU\Demo\FPGA\Quick_Start\Quick_Start.svf -mode jtag -wait 20 -spd 6 -sec 64 -cable 0 -chip EF2L45B" in  1.591922s wall, 0.249602s user + 0.000000s system = 0.249602s CPU (15.7%)

CMD-006 : used memory is 222 MB, reserved memory is 177 MB, peak memory is 254 MB
GUI-001 : Download success!
CMD-004 : start command "import_db F:/Anlogic_MCU/Demo/FPGA/Quick_Start/Quick_Start_pr.db"
RUN-001 : Importing design generated by Tang Dynasty, V4.1.389.
RUN-001 : Import IO constraints
RUN-001 : Import Inst constraints
CMD-004 : start command "import_db F:/Anlogic_MCU/Demo/FPGA/Quick_Start/Quick_Start_pr.db"
RUN-001 : Importing design generated by Tang Dynasty, V4.1.389.
RUN-001 : Import IO constraints
RUN-001 : Import Inst constraints
CMD-004 : start command "bitgen -bit F:/Anlogic_MCU/Demo/FPGA/Quick_Start/Quick_Start.bit -version 0X0000 -svf F:/Anlogic_MCU/Demo/FPGA/Quick_Start/Quick_Start.svf -svf_comment_on -128 F:/Anlogic_MCU/Demo/SDK/Quick_Start/hello.bin -g ucode:00000000000000000011110101010110 -f F:/Anlogic_MCU/Demo/FPGA/Quick_Start/Quick_Start.btc"
BIT-701 : Start to generate bitstream. 
BIT-701 : Init instances with 4 threads.
BIT-701 : Init instances completely, inst num: 24
BIT-701 : Init pips with 4 threads.
BIT-701 : Init pips completely, net num: 52, pip num: 256
BIT-701 : Multithreading accelaration with 4 threads.
BIT-701 : Generate bitstream completely, there are 90 valid insts, and 756 bits set as '1'.
BIT-701 : Generate bits file F:/Anlogic_MCU/Demo/FPGA/Quick_Start/Quick_Start.bit.
BIT-701 : Generate svf file F:/Anlogic_MCU/Demo/FPGA/Quick_Start/Quick_Start.svf.
CMD-004 : start command "download -svf F:\Anlogic_MCU\Demo\FPGA\Quick_Start\Quick_Start.svf -mode jtag -wait 20 -spd 6 -sec 64 -cable 0 -chip EF2L45B"
CMD-004 : start command "bit_to_vec -chip EF2L45B -m jtag -svf F:/Anlogic_MCU/Demo/FPGA/Quick_Start/Quick_Start.svf"
CMD-004 : start command "program -cable 0 -spd 6"
CMD-005 : finish command "program -cable 0 -spd 6" in  1.434672s wall, 0.093601s user + 0.000000s system = 0.093601s CPU (6.5%)

CMD-006 : used memory is 226 MB, reserved memory is 180 MB, peak memory is 254 MB
CMD-005 : finish command "download -svf F:\Anlogic_MCU\Demo\FPGA\Quick_Start\Quick_Start.svf -mode jtag -wait 20 -spd 6 -sec 64 -cable 0 -chip EF2L45B" in  1.590600s wall, 0.249602s user + 0.000000s system = 0.249602s CPU (15.7%)

CMD-006 : used memory is 226 MB, reserved memory is 180 MB, peak memory is 254 MB
GUI-001 : Download success!
CMD-004 : start command "import_db F:/Anlogic_MCU/Demo/FPGA/Quick_Start/Quick_Start_pr.db"
RUN-001 : Importing design generated by Tang Dynasty, V4.1.389.
RUN-001 : Import IO constraints
RUN-001 : Import Inst constraints
CMD-004 : start command "bitgen -bit F:/Anlogic_MCU/Demo/FPGA/Quick_Start/Quick_Start.bit -version 0X0000 -svf F:/Anlogic_MCU/Demo/FPGA/Quick_Start/Quick_Start.svf -svf_comment_on -128 F:/Anlogic_MCU/Demo/SDK/Quick_Start/hello.bin -g ucode:00000000000000000011110101010110 -f F:/Anlogic_MCU/Demo/FPGA/Quick_Start/Quick_Start.btc"
BIT-701 : Start to generate bitstream. 
BIT-701 : Init instances with 4 threads.
BIT-701 : Init instances completely, inst num: 24
BIT-701 : Init pips with 4 threads.
BIT-701 : Init pips completely, net num: 52, pip num: 256
BIT-701 : Multithreading accelaration with 4 threads.
BIT-701 : Generate bitstream completely, there are 90 valid insts, and 756 bits set as '1'.
BIT-701 : Generate bits file F:/Anlogic_MCU/Demo/FPGA/Quick_Start/Quick_Start.bit.
BIT-701 : Generate svf file F:/Anlogic_MCU/Demo/FPGA/Quick_Start/Quick_Start.svf.
CMD-004 : start command "download -svf F:\Anlogic_MCU\Demo\FPGA\Quick_Start\Quick_Start.svf -mode jtag -wait 20 -spd 6 -sec 64 -cable 0 -chip EF2L45B"
CMD-004 : start command "bit_to_vec -chip EF2L45B -m jtag -svf F:/Anlogic_MCU/Demo/FPGA/Quick_Start/Quick_Start.svf"
CMD-004 : start command "program -cable 0 -spd 6"
CMD-005 : finish command "program -cable 0 -spd 6" in  1.440895s wall, 0.046800s user + 0.000000s system = 0.046800s CPU (3.2%)

CMD-006 : used memory is 230 MB, reserved memory is 184 MB, peak memory is 254 MB
CMD-005 : finish command "download -svf F:\Anlogic_MCU\Demo\FPGA\Quick_Start\Quick_Start.svf -mode jtag -wait 20 -spd 6 -sec 64 -cable 0 -chip EF2L45B" in  1.594597s wall, 0.218401s user + 0.000000s system = 0.218401s CPU (13.7%)

CMD-006 : used memory is 230 MB, reserved memory is 184 MB, peak memory is 254 MB
GUI-001 : Download success!
RUN-003 ERROR: USB device open error, please re-connect the USB cable!
RUN-003 ERROR: USB device open error, please re-connect the USB cable!
CMD-004 : start command "download -svf F:\Anlogic_MCU\Demo\FPGA\Quick_Start\Quick_Start.svf -mode jtag -wait 20 -spd 6 -sec 64 -cable 0 -chip EF2L45B"
CMD-004 : start command "bit_to_vec -chip EF2L45B -m jtag -svf F:/Anlogic_MCU/Demo/FPGA/Quick_Start/Quick_Start.svf"
CMD-004 : start command "program -cable 0 -spd 6"
CMD-005 : finish command "program -cable 0 -spd 6" in  1.437550s wall, 0.078001s user + 0.000000s system = 0.078001s CPU (5.4%)

CMD-006 : used memory is 230 MB, reserved memory is 184 MB, peak memory is 254 MB
CMD-005 : finish command "download -svf F:\Anlogic_MCU\Demo\FPGA\Quick_Start\Quick_Start.svf -mode jtag -wait 20 -spd 6 -sec 64 -cable 0 -chip EF2L45B" in  1.558218s wall, 0.202801s user + 0.000000s system = 0.202801s CPU (13.0%)

CMD-006 : used memory is 230 MB, reserved memory is 184 MB, peak memory is 254 MB
GUI-001 : Download success!
VLG-002 : analyze verilog file F:/Anlogic_MCU/Demo/FPGA/Quick_Start/al_ip/sys_pll.v
VLG-002 : analyze verilog file F:/Anlogic_MCU/Demo/FPGA/Quick_Start/al_ip/AL_MCU.v
VLG-002 : analyze verilog file F:/Anlogic_MCU/Demo/FPGA/Quick_Start/src/quick_start.v
CMD-004 : start command "import_device ef2_4.db -package EF2L45LG144B"
CMD-005 : finish command "import_device ef2_4.db -package EF2L45LG144B" in  1.108243s wall, 1.076407s user + 0.000000s system = 1.076407s CPU (97.1%)

CMD-006 : used memory is 220 MB, reserved memory is 174 MB, peak memory is 254 MB
VLG-002 : analyze verilog file F:/Anlogic_MCU/Demo/FPGA/Quick_Start/al_ip/sys_pll.v
VLG-002 : analyze verilog file F:/Anlogic_MCU/Demo/FPGA/Quick_Start/al_ip/AL_MCU.v
VLG-002 : analyze verilog file F:/Anlogic_MCU/Demo/FPGA/Quick_Start/src/quick_start.v
CMD-004 : start command "elaborate -top quick_start"
VLG-004 : elaborate module quick_start in F:/Anlogic_MCU/Demo/FPGA/Quick_Start/src/quick_start.v(2)
VLG-004 : elaborate module sys_pll in F:/Anlogic_MCU/Demo/FPGA/Quick_Start/al_ip/sys_pll.v(23)
VLG-004 : elaborate module EF2_LOGIC_BUFG in C:/Anlogic/TD4.1.389/arch/ef2_macro.v(8)
VLG-004 : elaborate module EF2_PHY_PLL(FIN="25.000",FBCLK_DIV=12,CLKC0_DIV=3,CLKC1_DIV=36,CLKC0_ENABLE="ENABLE",CLKC1_ENABLE="ENABLE",FEEDBK_PATH="CLKC0_EXT",STDBY_ENABLE="DISABLE",CLKC0_CPHASE=3,CLKC1_CPHASE=36,GMC_GAIN=6,ICP_CURRENT=3,KVCO=6,LPF_RESISTOR=2,PLLRST_ENA="DISABLE",INTPI=2,HIGH_SPEED_EN="ENABLE",OFFSET_MODE="EXT",CLKC0_DUTY=0.5,CLKC1_DUTY=0.5,CLKC0_DUTY_INT=2,CLKC1_DUTY_INT=19) in C:/Anlogic/TD4.1.389/arch/ef2_macro.v(2541)
VLG-939 WARNING: port i2s_mst_clk remains unconnected for this instance in F:/Anlogic_MCU/Demo/FPGA/Quick_Start/al_ip/AL_MCU.v(31)
VLG-004 : elaborate module AL_MCU in F:/Anlogic_MCU/Demo/FPGA/Quick_Start/al_ip/AL_MCU.v(14)
VLG-004 : elaborate module EF2_PHY_MCU(GPIO_L0="ENABLE",GPIO_L1="ENABLE",GPIO_L6="ENABLE") in C:/Anlogic/TD4.1.389/arch/ef2_macro.v(756)
VIN-1013 WARNING: input port i2s_mst_clk is not connected on this instance in F:/Anlogic_MCU/Demo/FPGA/Quick_Start/al_ip/AL_MCU.v(31)
RTL-100 : Current top model is quick_start
RAM-300 : Inferred 0 RAMs.
CMD-004 : start command "optimize_rtl"
RUN-001 : Open license file C:/Anlogic/TD4.1.389/license/Anlogic.lic
SNT-300 : SanityCheck: Model "quick_start"
SNT-300 : SanityCheck: Model "AL_MCU"
SNT-300 : SanityCheck: Model "sys_pll"
RTL-100 : Mark sys_pll as IO macro for instance bufg_feedback
FLT-300 : Flatten model quick_start
FLT-300 : Flatten model AL_MCU
FLT-300 : Flatten model sys_pll
MRG-300 : Merged 2 instances.
OPT-300 : Optimize round 1
RTL-100 : 62/15 useful/useless nets, 34/7 useful/useless insts
MUX-301 : Optimized 0 mux instances.
OPT-301 : Optimize round 1, 24 better
OPT-300 : Optimize round 2
RTL-100 : 61/1 useful/useless nets, 33/0 useful/useless insts
MUX-301 : Optimized 0 mux instances.
OPT-301 : Optimize round 2, 0 better
CMD-004 : start command "report_area -file F:/Anlogic_MCU/Demo/FPGA/Quick_Start/Quick_Start_rtl.area"
standard
IO Statistics
#IO                     4
  #input                2
  #output               1
  #inout                1

Gate Statistics
#Basic gates           27
  #and                  0
  #nand                 0
  #or                   0
  #nor                  0
  #xor                  0
  #xnor                 0
  #buf                  0
  #not                  1
  #bufif1               1
  #MX21                 0
  #FADD                 0
  #DFF                 25
  #LATCH                0
#MACRO_ADD              1

CMD-004 : start command "read_adc constrs/board.adc"
CMD-004 : start command "set_pin_assignment fpga_clk_in  LOCATION = P28;  "
CMD-004 : start command "set_pin_assignment fpga_rst_n  LOCATION = P38;  "
CMD-004 : start command "set_pin_assignment hw_led  LOCATION = P100;  "
CMD-004 : start command "set_pin_assignment sw_led  LOCATION = P99;   "
CMD-004 : start command "export_db F:/Anlogic_MCU/Demo/FPGA/Quick_Start/Quick_Start_rtl.db"
RUN-001 : Exported /
RUN-001 : Exported libs
RUN-001 : Exported entities
RUN-001 : Exported ports
RUN-001 : Exported pins
RUN-001 : Exported instances
RUN-001 : Exported nets
RUN-001 : Exported buses
RUN-001 : Exported models
RUN-001 : Exported congestions
RUN-001 : Exported violations
RUN-001 : Exported IO constraints
RUN-001 : Exported Inst constraints
CMD-004 : start command "map_macro"
RTL-100 : Map 4 IOs to PADs
GAT-100 : Processed 0 LOGIC_BUF instances.
GAT-100 : 1 BUFG to GCLK
RTL-100 : Optimize round 1
RTL-100 : 65/0 useful/useless nets, 37/0 useful/useless insts
RTL-100 : Optimize round 1, 0 better
RTL-100 : Map 1 macro adder
RTL-100 : 141/50 useful/useless nets, 63/25 useful/useless insts
CMD-004 : start command "map"
GAT-100 : Running gate level optimization.
GAT-100 : Mapping with K=0, #lut = 0 (0.00), #lev = 0 (0.00)
GAT-100 : Post LUT mapping optimization.
GAT-100 : Mapping with K=0, #lut = 0 (0.00), #lev = 0 (0.00)
GAT-100 : Mapping with K=0, #lut = 0 (0.00), #lev = 0 (0.00)
GAT-100 : Logic optimization runtime opt =   0.00 sec, map =   0.00 sec
GAT-100 : Mapper mapped 1 instances into 1 LUTs, name keeping = 100%.
CMD-004 : start command "pack"
GAT-100 : Packing top model "quick_start" ...
PAK-301 : Pack lib has 35 rtl pack models with 12 top pack blocks
OPT-300 : Optimize round 1
RTL-100 : 90/0 useful/useless nets, 62/0 useful/useless insts
OPT-301 : Optimize round 1, 0 better
PAK-SEQ-305 : Packing 25 DFF/LATCH to SEQ ...
PAK-BLE-301 : Packing 26 adder to BLE ...
PAK-BLE-302 : Packed 26 adder and 25 SEQ to BLE.
PAK-BLE-301 : Packing 0 gate4 to BLE ...
PAK-BLE-302 : Packed 0 gate4 and 0 SEQ to BLE.
PAK-BLE-301 : Packing 0 MUX to BLE ...
PAK-BLE-302 : Packed 0 MUX and 0 SEQ to BLE.
PAK-BLE-301 : Packing 1 LUT to BLE ...
PAK-BLE-302 : Packed 1 LUT and 0 SEQ to BLE.
PAK-SEQ-301 : Packing 0 remaining SEQ's ...
PAK-SEQ-302 : #0: Packed 0 SEQ (0 nodes)...
PAK-SEQ-303 : Packed 0 SEQ with LUT/SLICE
PAK-SEQ-304 : 1 single LUT's are left
PAK-SEQ-304 : 0 single SEQ's are left
PAK-303 : Packing model "quick_start" (AL_USER_NORMAL) with 1/24 primitive instances ...
CLK-302 : Net U_SYS_PLL/clk0_out driven by BUFG (0 clock/control pins, 1 other pins).
CLK-304 : Net fpga_clk_in_pad is refclk of pll U_SYS_PLL/pll_inst.
CLK-305 : Net fpga_clk_in_pad is fbclk of pll U_SYS_PLL/pll_inst.
CLK-308 : Net "clk25" drive clk pins.
CLK-309 : Tag rtl::Net U_SYS_PLL/clk0_out as clock net
CLK-309 : Tag rtl::Net clk25 as clock net
CLK-309 : Tag rtl::Net fpga_clk_in_pad as clock net
CLK-310 : Tagged 3 rtl::Net as clock net
CMD-004 : start command "report_area -file F:/Anlogic_MCU/Demo/FPGA/Quick_Start/Quick_Start_gate.area"
standard
IO Statistics
#IO                     4
  #input                2
  #output               1
  #inout                1

Utilization Statistics
#le                    27   out of   4480    0.60%
  #lut                 27   out of   4480    0.60%
  #reg                 25   out of   4480    0.56%
#dsp                    0   out of     15    0.00%
#bram                   0   out of     12    0.00%
  #bram9k               0
  #fifo9k               0
#bram32k                0   out of      6    0.00%
#mcu                    1   out of      1  100.00%
#pad                    4   out of    115    3.48%
  #ireg                 0
  #oreg                 0
  #treg                 0
#pll                    1   out of      1  100.00%
#bufg                   3   out of     16   18.75%

CMD-004 : start command "export_db F:/Anlogic_MCU/Demo/FPGA/Quick_Start/Quick_Start_gate.db"
RUN-001 : Exported /
RUN-001 : Exported libs
RUN-001 : Exported entities
RUN-001 : Exported ports
RUN-001 : Exported pins
RUN-001 : Exported instances
RUN-001 : Exported nets
RUN-001 : Exported buses
RUN-001 : Exported models
RUN-001 : Exported congestions
RUN-001 : Exported violations
RUN-001 : Exported IO constraints
RUN-001 : Exported Inst constraints
CMD-004 : start command "place"
RUN-001 : Open license file C:/Anlogic/TD4.1.389/license/Anlogic.lic
PLC-001 : Placer runs in 4 thread(s).
RUN-001 : There are total 24 instances
RUN-001 : 13 mslices, 1 lslices, 4 pads, 0 brams, 0 dsps
RUN-001 : There are total 52 nets
RUN-001 : 47 nets have 2 pins
RUN-001 : 2 nets have [3 - 5] pins
RUN-001 : 2 nets have [11 - 20] pins
RUN-001 : 1 nets have [21 - 99] pins
PLC-001 : Initial placement ...
PLC-001 : design contains 22 instances, 14 slices, 1 macros(13 instances)
CMD-004 : start command "start_timer"
TMR-611 WARNING: No sdc constraints found while initiating timer.
TMR-601 : Start building timing graph for model quick_start
TMR-601 : Build timing graph completely. Port num: 4, tpin num: 126, tnet num: 50, tinst num: 21, tnode num: 179, tedge num: 194.

TMR-601 : Eliminate loop in the timing graph, delete 0 tedges.
TMR-601 : Levelize timing graph completed, there are 28 levels in all.
TMR-601 : Timing graph initialized successfully.

TMR-601 : Start to update net delay, extr mode = 2.
TMR-601 : Update delay of 50 nets completely.
TMR-601 : Annotate delay to tedge completely, extr mode = 2.
TMR-601 : No user constraint, initiate default constraint.
TMR-601 : Assign derive clock DeriveClock to 26 clock pins, and constraint 51 relative nodes.
TMR-601 : Start to map constraints to rules, there are 0 constraints in all.
TMR-601 : Start to map report constraints to rules, there are 0 constraints in all.
TMR-601 : Constraints initiated successfully.
TMR-601 : Forward propagation: start to calculate arrival time...
TMR-601 : Backward propagation: start to calculate required time...
TMR-601 : Timing propagation completely!
PLC-001 : Global placement ...
PLC-001 : Initial: Len = 1515.6
PLC-001 : Run with size of 3
PLC-001 : Cell area utilization is 0%, beta_incr = 0.996250
PLC-001 : :::0::: Try harder cell spreading with beta_ = 0
PLC-004 : Step(12): len = 640.6, overlap = 0
PLC-004 : Step(13): len = 640.6, overlap = 0
PLC-004 : Step(14): len = 510.6, overlap = 0
PLC-004 : Step(15): len = 510.6, overlap = 0
PLC-004 : Step(16): len = 400.8, overlap = 0
PLC-004 : Step(17): len = 400.8, overlap = 0
PLC-004 : Step(18): len = 400.8, overlap = 0
PLC-001 : Legalization ...
PLC-001 : Run with size of 3
PLC-001 : Cell area utilization is 0%, beta_incr = 0.996250
PLC-001 : :::0::: Try harder cell spreading with beta_ = 0
PLC-004 : Step(19): len = 400.8, overlap = 0
PLC-004 : Step(20): len = 400.8, overlap = 0
PLC-001 : Legalization ...
PLC-001 : Run with size of 3
PLC-001 : Cell area utilization is 0%, beta_incr = 0.996250
PLC-001 : :::0::: Try harder cell spreading with beta_ = 0
PLC-004 : Step(21): len = 400.6, overlap = 0
PLC-004 : Step(22): len = 400.6, overlap = 0
PLC-004 : Step(23): len = 400.6, overlap = 0
PLC-001 : Legalization ...
PLC-001 : Legalized: Len = 400.6, Over = 0
PLC-001 : Final: Len = 400.6, Over = 0
PLC-001 : Improving timing with driver duplication.
CMD-004 : start command "start_timer"
TMR-611 WARNING: No sdc constraints found while initiating timer.
TMR-601 : Start building timing graph for model quick_start
TMR-601 : Build timing graph completely. Port num: 4, tpin num: 126, tnet num: 50, tinst num: 21, tnode num: 179, tedge num: 194.

TMR-601 : Eliminate loop in the timing graph, delete 0 tedges.
TMR-601 : Levelize timing graph completed, there are 28 levels in all.
TMR-601 : Timing graph initialized successfully.

CMD-004 : start command "report_area -io_info -file F:/Anlogic_MCU/Demo/FPGA/Quick_Start/Quick_Start_phy.area"
standard
IO Statistics
#IO                     4
  #input                2
  #output               1
  #inout                1

Utilization Statistics
#le                    27   out of   4480    0.60%
  #lut                 27   out of   4480    0.60%
  #reg                 25   out of   4480    0.56%
#dsp                    0   out of     15    0.00%
#bram                   0   out of     12    0.00%
  #bram9k               0
  #fifo9k               0
#bram32k                0   out of      6    0.00%
#mcu                    1   out of      1  100.00%
#pad                    4   out of    115    3.48%
  #ireg                 0
  #oreg                 0
  #treg                 0
#pll                    1   out of      1  100.00%
#bufg                   3   out of     16   18.75%

CMD-004 : start command "route"
RUN-001 : Open license file C:/Anlogic/TD4.1.389/license/Anlogic.lic
RUN-001 : Pin swapping for better routability
RUN-001 : Pin misalignment score is improved from 1 to 1
RUN-001 : Pin local connectivity score is improved from 5 to 0
RUN-001 : Pin misalignment score is improved from 1 to 1
RUN-001 : Pin local connectivity score is improved from 5 to 0
RTE-301 : End pin swap;  0.002647s wall, 0.000000s user + 0.000000s system = 0.000000s CPU (n/a%)

RTE-301 : Route runs in 4 thread(s)
RUN-001 : There are total 24 instances
RUN-001 : 13 mslices, 1 lslices, 4 pads, 0 brams, 0 dsps
RUN-001 : There are total 52 nets
RUN-001 : 47 nets have 2 pins
RUN-001 : 2 nets have [3 - 5] pins
RUN-001 : 2 nets have [11 - 20] pins
RUN-001 : 1 nets have [21 - 99] pins
RTE-301 : Start global routing ...
RTE-301 : Generate routing grids ...
RTE-301 : Initialize routing nets ...
RTE-301 : Ripup & Reroute ...
RTE-302 : len = 408, over cnt = 0(0%), over = 0, worst = 0
RTE-301 : Timing updates.
TMR-601 : Start to update net delay, extr mode = 5.
TMR-601 : Update delay of 50 nets completely.
TMR-601 : Annotate delay to tedge completely, extr mode = 5.
TMR-601 : Start to map report constraints to rules, there are 0 constraints in all.
TMR-601 : Forward propagation: start to calculate arrival time...
TMR-601 : Backward propagation: start to calculate required time...
TMR-601 : Timing propagation completely!
RTE-301 : Optimize timing.
RTE-301 : End global routing;  0.006221s wall, 0.000000s user + 0.000000s system = 0.000000s CPU (n/a%)

RTE-301 : Start detail routing ...
RTE-301 : Generate detailed routing grids ...
RTE-301 : Generate nets ...
RTE-301 : clock net U_SYS_PLL/clk0_out will be merged with clock U_SYS_PLL/clk0_buf
RTE-301 : net clk25 will be routed on clock mesh
RTE-301 : net fpga_clk_in_pad will be routed on clock mesh
RTE-301 : Detail Route ...
RTE-301 : ===== Initial DR =====
RTE-301 : Routed 34% nets. 
RTE-301 : Routed 40% nets. 
RTE-301 : Routed 40% nets. 
RTE-301 : Routed 40% nets. 
RTE-301 : Routed 40% nets. 
RTE-301 : Routed 42% nets. 
RTE-301 : Routed 44% nets. 
RTE-301 : Routed 44% nets. 
RTE-301 :  0.030130s wall, 0.031200s user + 0.000000s system = 0.031200s CPU (103.6%)

RTE-302 : len = 2000, over cnt = 0(0%), over = 0, worst = 0
RTE-303 : Routed, final wirelength = 2000
RTE-301 : ===== DR Iter 1 =====
RTE-301 :  0.004333s wall, 0.000000s user + 0.000000s system = 0.000000s CPU (n/a%)

RTE-302 : len = 2000, over cnt = 0(0%), over = 0, worst = 0
RTE-303 : Routed, final wirelength = 2000
RTE-301 : 0 feed throughs used by 0 nets
RTE-301 : Generate detailed routing grids ...
RTE-301 : Generate nets ...
RTE-301 : clock net U_SYS_PLL/clk0_out will be merged with clock U_SYS_PLL/clk0_buf
RTE-301 : net clk25 will be routed on clock mesh
RTE-301 : net fpga_clk_in_pad will be routed on clock mesh
RTE-301 : eco open net = 0
RTE-301 : End detail routing;  1.053712s wall, 0.982806s user + 0.046800s system = 1.029607s CPU (97.7%)

RTE-301 : Routing violations:
RTE-301 : End of Routing Violations.
CMD-005 : finish command "route" in  1.108825s wall, 1.029607s user + 0.046800s system = 1.076407s CPU (97.1%)

CMD-006 : used memory is 263 MB, reserved memory is 219 MB, peak memory is 334 MB
CMD-004 : start command "export_db F:/Anlogic_MCU/Demo/FPGA/Quick_Start/Quick_Start_pr.db"
RUN-001 : Exported /
RUN-001 : Exported libs
RUN-001 : Exported entities
RUN-001 : Exported ports
RUN-001 : Exported pins
RUN-001 : Exported instances
RUN-001 : Exported nets
RUN-001 : Exported buses
RUN-001 : Exported models
RUN-001 : Exported congestions
RUN-001 : Exported violations
RUN-001 : Exported IO constraints
RUN-001 : Exported Inst constraints
CMD-004 : start command "bitgen -bit F:/Anlogic_MCU/Demo/FPGA/Quick_Start/Quick_Start.bit -version 0X0000 -svf F:/Anlogic_MCU/Demo/FPGA/Quick_Start/Quick_Start.svf -svf_comment_on -128 F:/Anlogic_MCU/Demo/SDK/Quick_Start/hello.bin -g ucode:00000000000000000100111111010010 -f F:/Anlogic_MCU/Demo/FPGA/Quick_Start/Quick_Start.btc"
BIT-701 : Start to generate bitstream. 
BIT-701 : Init instances with 4 threads.
BIT-701 : Init instances completely, inst num: 24
BIT-701 : Init pips with 4 threads.
BIT-701 : Init pips completely, net num: 52, pip num: 255
BIT-701 : Multithreading accelaration with 4 threads.
BIT-701 : Generate bitstream completely, there are 87 valid insts, and 751 bits set as '1'.
BIT-701 : Generate bits file F:/Anlogic_MCU/Demo/FPGA/Quick_Start/Quick_Start.bit.
BIT-701 : Generate svf file F:/Anlogic_MCU/Demo/FPGA/Quick_Start/Quick_Start.svf.
RUN-003 ERROR: USB device open error, please re-connect the USB cable!
RUN-003 ERROR: USB device open error, please re-connect the USB cable!
CMD-004 : start command "download -svf F:\Anlogic_MCU\Demo\FPGA\Quick_Start\Quick_Start.svf -mode jtag -wait 20 -spd 6 -sec 64 -cable 0 -chip EF2L45B"
CMD-004 : start command "bit_to_vec -chip EF2L45B -m jtag -svf F:/Anlogic_MCU/Demo/FPGA/Quick_Start/Quick_Start.svf"
CMD-004 : start command "program -cable 0 -spd 6"
CMD-005 : finish command "program -cable 0 -spd 6" in  1.399823s wall, 0.062400s user + 0.000000s system = 0.062400s CPU (4.5%)

CMD-006 : used memory is 255 MB, reserved memory is 213 MB, peak memory is 334 MB
CMD-005 : finish command "download -svf F:\Anlogic_MCU\Demo\FPGA\Quick_Start\Quick_Start.svf -mode jtag -wait 20 -spd 6 -sec 64 -cable 0 -chip EF2L45B" in  1.524709s wall, 0.171601s user + 0.000000s system = 0.171601s CPU (11.3%)

CMD-006 : used memory is 255 MB, reserved memory is 213 MB, peak memory is 334 MB
GUI-001 : Download success!
VLG-002 : analyze verilog file F:/Anlogic_MCU/Demo/FPGA/Quick_Start/al_ip/sys_pll.v
VLG-002 : analyze verilog file F:/Anlogic_MCU/Demo/FPGA/Quick_Start/al_ip/AL_MCU.v
VLG-002 : analyze verilog file F:/Anlogic_MCU/Demo/FPGA/Quick_Start/src/quick_start.v
VLG-002 : analyze verilog file F:/Anlogic_MCU/Demo/FPGA/Quick_Start/al_ip/AL_MCU.v
VLG-218 WARNING: overwrite current module module in F:/Anlogic_MCU/Demo/FPGA/Quick_Start/al_ip/AL_MCU.v(32)
VLG-1154 : previous definition of module AL_MCU is here in F:/Anlogic_MCU/Demo/FPGA/Quick_Start/al_ip/AL_MCU.v(32)
CMD-004 : start command "import_device ef2_4.db -package EF2L45LG144B"
CMD-005 : finish command "import_device ef2_4.db -package EF2L45LG144B" in  1.118095s wall, 1.076407s user + 0.000000s system = 1.076407s CPU (96.3%)

CMD-006 : used memory is 232 MB, reserved memory is 187 MB, peak memory is 334 MB
VLG-002 : analyze verilog file F:/Anlogic_MCU/Demo/FPGA/Quick_Start/al_ip/sys_pll.v
VLG-002 : analyze verilog file F:/Anlogic_MCU/Demo/FPGA/Quick_Start/al_ip/AL_MCU.v
VLG-002 : analyze verilog file F:/Anlogic_MCU/Demo/FPGA/Quick_Start/src/quick_start.v
CMD-004 : start command "elaborate -top quick_start"
VLG-004 : elaborate module quick_start in F:/Anlogic_MCU/Demo/FPGA/Quick_Start/src/quick_start.v(2)
VLG-004 : elaborate module sys_pll in F:/Anlogic_MCU/Demo/FPGA/Quick_Start/al_ip/sys_pll.v(23)
VLG-004 : elaborate module EF2_LOGIC_BUFG in C:/Anlogic/TD4.1.389/arch/ef2_macro.v(8)
VLG-004 : elaborate module EF2_PHY_PLL(FIN="25.000",FBCLK_DIV=12,CLKC0_DIV=3,CLKC1_DIV=36,CLKC0_ENABLE="ENABLE",CLKC1_ENABLE="ENABLE",FEEDBK_PATH="CLKC0_EXT",STDBY_ENABLE="DISABLE",CLKC0_CPHASE=3,CLKC1_CPHASE=36,GMC_GAIN=6,ICP_CURRENT=3,KVCO=6,LPF_RESISTOR=2,PLLRST_ENA="DISABLE",INTPI=2,HIGH_SPEED_EN="ENABLE",OFFSET_MODE="EXT",CLKC0_DUTY=0.5,CLKC1_DUTY=0.5,CLKC0_DUTY_INT=2,CLKC1_DUTY_INT=19) in C:/Anlogic/TD4.1.389/arch/ef2_macro.v(2541)
VLG-939 WARNING: port i2s_mst_clk remains unconnected for this instance in F:/Anlogic_MCU/Demo/FPGA/Quick_Start/al_ip/AL_MCU.v(31)
VLG-004 : elaborate module AL_MCU in F:/Anlogic_MCU/Demo/FPGA/Quick_Start/al_ip/AL_MCU.v(14)
VLG-004 : elaborate module EF2_PHY_MCU(GPIO_L0="ENABLE",GPIO_L1="ENABLE",GPIO_L7="ENABLE") in C:/Anlogic/TD4.1.389/arch/ef2_macro.v(756)
VIN-1013 WARNING: input port i2s_mst_clk is not connected on this instance in F:/Anlogic_MCU/Demo/FPGA/Quick_Start/al_ip/AL_MCU.v(31)
RTL-100 : Current top model is quick_start
RAM-300 : Inferred 0 RAMs.
CMD-004 : start command "optimize_rtl"
RUN-001 : Open license file C:/Anlogic/TD4.1.389/license/Anlogic.lic
SNT-300 : SanityCheck: Model "quick_start"
SNT-300 : SanityCheck: Model "AL_MCU"
SNT-300 : SanityCheck: Model "sys_pll"
RTL-100 : Mark sys_pll as IO macro for instance bufg_feedback
FLT-300 : Flatten model quick_start
FLT-300 : Flatten model AL_MCU
FLT-300 : Flatten model sys_pll
MRG-300 : Merged 2 instances.
OPT-300 : Optimize round 1
RTL-100 : 62/15 useful/useless nets, 34/7 useful/useless insts
MUX-301 : Optimized 0 mux instances.
OPT-301 : Optimize round 1, 24 better
OPT-300 : Optimize round 2
RTL-100 : 61/1 useful/useless nets, 33/0 useful/useless insts
MUX-301 : Optimized 0 mux instances.
OPT-301 : Optimize round 2, 0 better
CMD-004 : start command "report_area -file F:/Anlogic_MCU/Demo/FPGA/Quick_Start/Quick_Start_rtl.area"
standard
IO Statistics
#IO                     4
  #input                2
  #output               1
  #inout                1

Gate Statistics
#Basic gates           27
  #and                  0
  #nand                 0
  #or                   0
  #nor                  0
  #xor                  0
  #xnor                 0
  #buf                  0
  #not                  1
  #bufif1               1
  #MX21                 0
  #FADD                 0
  #DFF                 25
  #LATCH                0
#MACRO_ADD              1

CMD-004 : start command "read_adc constrs/board.adc"
CMD-004 : start command "set_pin_assignment fpga_clk_in  LOCATION = P28;  "
CMD-004 : start command "set_pin_assignment fpga_rst_n  LOCATION = P38;  "
CMD-004 : start command "set_pin_assignment hw_led  LOCATION = P100;  "
CMD-004 : start command "set_pin_assignment sw_led  LOCATION = P99;   "
CMD-004 : start command "export_db F:/Anlogic_MCU/Demo/FPGA/Quick_Start/Quick_Start_rtl.db"
RUN-001 : Exported /
RUN-001 : Exported libs
RUN-001 : Exported entities
RUN-001 : Exported ports
RUN-001 : Exported pins
RUN-001 : Exported instances
RUN-001 : Exported nets
RUN-001 : Exported buses
RUN-001 : Exported models
RUN-001 : Exported congestions
RUN-001 : Exported violations
RUN-001 : Exported IO constraints
RUN-001 : Exported Inst constraints
CMD-004 : start command "map_macro"
RTL-100 : Map 4 IOs to PADs
GAT-100 : Processed 0 LOGIC_BUF instances.
GAT-100 : 1 BUFG to GCLK
RTL-100 : Optimize round 1
RTL-100 : 65/0 useful/useless nets, 37/0 useful/useless insts
RTL-100 : Optimize round 1, 0 better
RTL-100 : Map 1 macro adder
RTL-100 : 141/50 useful/useless nets, 63/25 useful/useless insts
CMD-004 : start command "map"
GAT-100 : Running gate level optimization.
GAT-100 : Mapping with K=0, #lut = 0 (0.00), #lev = 0 (0.00)
GAT-100 : Post LUT mapping optimization.
GAT-100 : Mapping with K=0, #lut = 0 (0.00), #lev = 0 (0.00)
GAT-100 : Mapping with K=0, #lut = 0 (0.00), #lev = 0 (0.00)
GAT-100 : Logic optimization runtime opt =   0.00 sec, map =   0.00 sec
GAT-100 : Mapper mapped 1 instances into 1 LUTs, name keeping = 100%.
CMD-004 : start command "pack"
GAT-100 : Packing top model "quick_start" ...
PAK-301 : Pack lib has 35 rtl pack models with 12 top pack blocks
OPT-300 : Optimize round 1
RTL-100 : 90/0 useful/useless nets, 62/0 useful/useless insts
OPT-301 : Optimize round 1, 0 better
PAK-SEQ-305 : Packing 25 DFF/LATCH to SEQ ...
PAK-BLE-301 : Packing 26 adder to BLE ...
PAK-BLE-302 : Packed 26 adder and 25 SEQ to BLE.
PAK-BLE-301 : Packing 0 gate4 to BLE ...
PAK-BLE-302 : Packed 0 gate4 and 0 SEQ to BLE.
PAK-BLE-301 : Packing 0 MUX to BLE ...
PAK-BLE-302 : Packed 0 MUX and 0 SEQ to BLE.
PAK-BLE-301 : Packing 1 LUT to BLE ...
PAK-BLE-302 : Packed 1 LUT and 0 SEQ to BLE.
PAK-SEQ-301 : Packing 0 remaining SEQ's ...
PAK-SEQ-302 : #0: Packed 0 SEQ (0 nodes)...
PAK-SEQ-303 : Packed 0 SEQ with LUT/SLICE
PAK-SEQ-304 : 1 single LUT's are left
PAK-SEQ-304 : 0 single SEQ's are left
PAK-303 : Packing model "quick_start" (AL_USER_NORMAL) with 1/24 primitive instances ...
CLK-302 : Net U_SYS_PLL/clk0_out driven by BUFG (0 clock/control pins, 1 other pins).
CLK-304 : Net fpga_clk_in_pad is refclk of pll U_SYS_PLL/pll_inst.
CLK-305 : Net fpga_clk_in_pad is fbclk of pll U_SYS_PLL/pll_inst.
CLK-308 : Net "clk25" drive clk pins.
CLK-309 : Tag rtl::Net U_SYS_PLL/clk0_out as clock net
CLK-309 : Tag rtl::Net clk25 as clock net
CLK-309 : Tag rtl::Net fpga_clk_in_pad as clock net
CLK-310 : Tagged 3 rtl::Net as clock net
CMD-004 : start command "report_area -file F:/Anlogic_MCU/Demo/FPGA/Quick_Start/Quick_Start_gate.area"
standard
IO Statistics
#IO                     4
  #input                2
  #output               1
  #inout                1

Utilization Statistics
#le                    27   out of   4480    0.60%
  #lut                 27   out of   4480    0.60%
  #reg                 25   out of   4480    0.56%
#dsp                    0   out of     15    0.00%
#bram                   0   out of     12    0.00%
  #bram9k               0
  #fifo9k               0
#bram32k                0   out of      6    0.00%
#mcu                    1   out of      1  100.00%
#pad                    4   out of    115    3.48%
  #ireg                 0
  #oreg                 0
  #treg                 0
#pll                    1   out of      1  100.00%
#bufg                   3   out of     16   18.75%

CMD-004 : start command "export_db F:/Anlogic_MCU/Demo/FPGA/Quick_Start/Quick_Start_gate.db"
RUN-001 : Exported /
RUN-001 : Exported libs
RUN-001 : Exported entities
RUN-001 : Exported ports
RUN-001 : Exported pins
RUN-001 : Exported instances
RUN-001 : Exported nets
RUN-001 : Exported buses
RUN-001 : Exported models
RUN-001 : Exported congestions
RUN-001 : Exported violations
RUN-001 : Exported IO constraints
RUN-001 : Exported Inst constraints
CMD-004 : start command "place"
RUN-001 : Open license file C:/Anlogic/TD4.1.389/license/Anlogic.lic
PLC-001 : Placer runs in 4 thread(s).
RUN-001 : There are total 24 instances
RUN-001 : 13 mslices, 1 lslices, 4 pads, 0 brams, 0 dsps
RUN-001 : There are total 52 nets
RUN-001 : 47 nets have 2 pins
RUN-001 : 2 nets have [3 - 5] pins
RUN-001 : 2 nets have [11 - 20] pins
RUN-001 : 1 nets have [21 - 99] pins
PLC-001 : Initial placement ...
PLC-001 : design contains 22 instances, 14 slices, 1 macros(13 instances)
CMD-004 : start command "start_timer"
TMR-611 WARNING: No sdc constraints found while initiating timer.
TMR-601 : Start building timing graph for model quick_start
TMR-601 : Build timing graph completely. Port num: 4, tpin num: 126, tnet num: 50, tinst num: 21, tnode num: 179, tedge num: 194.

TMR-601 : Eliminate loop in the timing graph, delete 0 tedges.
TMR-601 : Levelize timing graph completed, there are 28 levels in all.
TMR-601 : Timing graph initialized successfully.

TMR-601 : Start to update net delay, extr mode = 2.
TMR-601 : Update delay of 50 nets completely.
TMR-601 : Annotate delay to tedge completely, extr mode = 2.
TMR-601 : No user constraint, initiate default constraint.
TMR-601 : Assign derive clock DeriveClock to 26 clock pins, and constraint 51 relative nodes.
TMR-601 : Start to map constraints to rules, there are 0 constraints in all.
TMR-601 : Start to map report constraints to rules, there are 0 constraints in all.
TMR-601 : Constraints initiated successfully.
TMR-601 : Forward propagation: start to calculate arrival time...
TMR-601 : Backward propagation: start to calculate required time...
TMR-601 : Timing propagation completely!
PLC-001 : Global placement ...
PLC-001 : Initial: Len = 1515.6
PLC-001 : Run with size of 3
PLC-001 : Cell area utilization is 0%, beta_incr = 0.996250
PLC-001 : :::0::: Try harder cell spreading with beta_ = 0
PLC-004 : Step(24): len = 640.6, overlap = 0
PLC-004 : Step(25): len = 640.6, overlap = 0
PLC-004 : Step(26): len = 510.6, overlap = 0
PLC-004 : Step(27): len = 510.6, overlap = 0
PLC-004 : Step(28): len = 400.8, overlap = 0
PLC-004 : Step(29): len = 400.8, overlap = 0
PLC-004 : Step(30): len = 400.8, overlap = 0
PLC-001 : Legalization ...
PLC-001 : Run with size of 3
PLC-001 : Cell area utilization is 0%, beta_incr = 0.996250
PLC-001 : :::0::: Try harder cell spreading with beta_ = 0
PLC-004 : Step(31): len = 400.8, overlap = 0
PLC-004 : Step(32): len = 400.8, overlap = 0
PLC-001 : Legalization ...
PLC-001 : Run with size of 3
PLC-001 : Cell area utilization is 0%, beta_incr = 0.996250
PLC-001 : :::0::: Try harder cell spreading with beta_ = 0
PLC-004 : Step(33): len = 400.6, overlap = 0
PLC-004 : Step(34): len = 400.6, overlap = 0
PLC-004 : Step(35): len = 400.6, overlap = 0
PLC-001 : Legalization ...
PLC-001 : Legalized: Len = 400.6, Over = 0
PLC-001 : Final: Len = 400.6, Over = 0
PLC-001 : Improving timing with driver duplication.
CMD-004 : start command "start_timer"
TMR-611 WARNING: No sdc constraints found while initiating timer.
TMR-601 : Start building timing graph for model quick_start
TMR-601 : Build timing graph completely. Port num: 4, tpin num: 126, tnet num: 50, tinst num: 21, tnode num: 179, tedge num: 194.

TMR-601 : Eliminate loop in the timing graph, delete 0 tedges.
TMR-601 : Levelize timing graph completed, there are 28 levels in all.
TMR-601 : Timing graph initialized successfully.

CMD-004 : start command "report_area -io_info -file F:/Anlogic_MCU/Demo/FPGA/Quick_Start/Quick_Start_phy.area"
standard
IO Statistics
#IO                     4
  #input                2
  #output               1
  #inout                1

Utilization Statistics
#le                    27   out of   4480    0.60%
  #lut                 27   out of   4480    0.60%
  #reg                 25   out of   4480    0.56%
#dsp                    0   out of     15    0.00%
#bram                   0   out of     12    0.00%
  #bram9k               0
  #fifo9k               0
#bram32k                0   out of      6    0.00%
#mcu                    1   out of      1  100.00%
#pad                    4   out of    115    3.48%
  #ireg                 0
  #oreg                 0
  #treg                 0
#pll                    1   out of      1  100.00%
#bufg                   3   out of     16   18.75%

CMD-004 : start command "route"
RUN-001 : Open license file C:/Anlogic/TD4.1.389/license/Anlogic.lic
RUN-001 : Pin swapping for better routability
RUN-001 : Pin misalignment score is improved from 1 to 1
RUN-001 : Pin local connectivity score is improved from 5 to 0
RUN-001 : Pin misalignment score is improved from 1 to 1
RUN-001 : Pin local connectivity score is improved from 5 to 0
RTE-301 : End pin swap;  0.002079s wall, 0.000000s user + 0.000000s system = 0.000000s CPU (n/a%)

RTE-301 : Route runs in 4 thread(s)
RUN-001 : There are total 24 instances
RUN-001 : 13 mslices, 1 lslices, 4 pads, 0 brams, 0 dsps
RUN-001 : There are total 52 nets
RUN-001 : 47 nets have 2 pins
RUN-001 : 2 nets have [3 - 5] pins
RUN-001 : 2 nets have [11 - 20] pins
RUN-001 : 1 nets have [21 - 99] pins
RTE-301 : Start global routing ...
RTE-301 : Generate routing grids ...
RTE-301 : Initialize routing nets ...
RTE-301 : Ripup & Reroute ...
RTE-302 : len = 408, over cnt = 0(0%), over = 0, worst = 0
RTE-301 : Timing updates.
TMR-601 : Start to update net delay, extr mode = 5.
TMR-601 : Update delay of 50 nets completely.
TMR-601 : Annotate delay to tedge completely, extr mode = 5.
TMR-601 : Start to map report constraints to rules, there are 0 constraints in all.
TMR-601 : Forward propagation: start to calculate arrival time...
TMR-601 : Backward propagation: start to calculate required time...
TMR-601 : Timing propagation completely!
RTE-301 : Optimize timing.
RTE-301 : End global routing;  0.007286s wall, 0.015600s user + 0.015600s system = 0.031200s CPU (428.2%)

RTE-301 : Start detail routing ...
RTE-301 : Generate detailed routing grids ...
RTE-301 : Generate nets ...
RTE-301 : clock net U_SYS_PLL/clk0_out will be merged with clock U_SYS_PLL/clk0_buf
RTE-301 : net clk25 will be routed on clock mesh
RTE-301 : net fpga_clk_in_pad will be routed on clock mesh
RTE-301 : Detail Route ...
RTE-301 : ===== Initial DR =====
RTE-301 : Routed 34% nets. 
RTE-301 : Routed 40% nets. 
RTE-301 : Routed 40% nets. 
RTE-301 : Routed 40% nets. 
RTE-301 : Routed 40% nets. 
RTE-301 : Routed 42% nets. 
RTE-301 : Routed 44% nets. 
RTE-301 : Routed 44% nets. 
RTE-301 :  0.027509s wall, 0.062400s user + 0.000000s system = 0.062400s CPU (226.8%)

RTE-302 : len = 2000, over cnt = 0(0%), over = 0, worst = 0
RTE-303 : Routed, final wirelength = 2000
RTE-301 : ===== DR Iter 1 =====
RTE-301 :  0.003893s wall, 0.000000s user + 0.000000s system = 0.000000s CPU (n/a%)

RTE-302 : len = 2000, over cnt = 0(0%), over = 0, worst = 0
RTE-303 : Routed, final wirelength = 2000
RTE-301 : 0 feed throughs used by 0 nets
RTE-301 : Generate detailed routing grids ...
RTE-301 : Generate nets ...
RTE-301 : clock net U_SYS_PLL/clk0_out will be merged with clock U_SYS_PLL/clk0_buf
RTE-301 : net clk25 will be routed on clock mesh
RTE-301 : net fpga_clk_in_pad will be routed on clock mesh
RTE-301 : eco open net = 0
RTE-301 : End detail routing;  1.046954s wall, 0.967206s user + 0.062400s system = 1.029607s CPU (98.3%)

RTE-301 : Routing violations:
RTE-301 : End of Routing Violations.
CMD-005 : finish command "route" in  1.103263s wall, 1.045207s user + 0.078001s system = 1.123207s CPU (101.8%)

CMD-006 : used memory is 269 MB, reserved memory is 227 MB, peak memory is 341 MB
CMD-004 : start command "export_db F:/Anlogic_MCU/Demo/FPGA/Quick_Start/Quick_Start_pr.db"
RUN-001 : Exported /
RUN-001 : Exported libs
RUN-001 : Exported entities
RUN-001 : Exported ports
RUN-001 : Exported pins
RUN-001 : Exported instances
RUN-001 : Exported nets
RUN-001 : Exported buses
RUN-001 : Exported models
RUN-001 : Exported congestions
RUN-001 : Exported violations
RUN-001 : Exported IO constraints
RUN-001 : Exported Inst constraints
CMD-004 : start command "bitgen -bit F:/Anlogic_MCU/Demo/FPGA/Quick_Start/Quick_Start.bit -version 0X0000 -svf F:/Anlogic_MCU/Demo/FPGA/Quick_Start/Quick_Start.svf -svf_comment_on -128 F:/Anlogic_MCU/Demo/SDK/Quick_Start/hello.bin -g ucode:00000000000000000101001110101000 -f F:/Anlogic_MCU/Demo/FPGA/Quick_Start/Quick_Start.btc"
BIT-701 : Start to generate bitstream. 
BIT-701 : Init instances with 4 threads.
BIT-701 : Init instances completely, inst num: 24
BIT-701 : Init pips with 4 threads.
BIT-701 : Init pips completely, net num: 52, pip num: 255
BIT-701 : Multithreading accelaration with 4 threads.
BIT-701 : Generate bitstream completely, there are 87 valid insts, and 751 bits set as '1'.
BIT-701 : Generate bits file F:/Anlogic_MCU/Demo/FPGA/Quick_Start/Quick_Start.bit.
BIT-701 : Generate svf file F:/Anlogic_MCU/Demo/FPGA/Quick_Start/Quick_Start.svf.
CMD-004 : start command "import_db F:/Anlogic_MCU/Demo/FPGA/Quick_Start/Quick_Start_pr.db"
RUN-001 : Importing design generated by Tang Dynasty, V4.1.389.
RUN-001 : Import IO constraints
RUN-001 : Import Inst constraints
CMD-004 : start command "bitgen -bit F:/Anlogic_MCU/Demo/FPGA/Quick_Start/Quick_Start.bit -version 0X0000 -svf F:/Anlogic_MCU/Demo/FPGA/Quick_Start/Quick_Start.svf -svf_comment_on -128 F:/Anlogic_MCU/Demo/SDK/Quick_Start/hello.bin -g ucode:00000000000000000101001110101000 -f F:/Anlogic_MCU/Demo/FPGA/Quick_Start/Quick_Start.btc"
BIT-701 : Start to generate bitstream. 
BIT-701 : Init instances with 4 threads.
BIT-701 : Init instances completely, inst num: 24
BIT-701 : Init pips with 4 threads.
BIT-701 : Init pips completely, net num: 52, pip num: 255
BIT-701 : Multithreading accelaration with 4 threads.
BIT-701 : Generate bitstream completely, there are 87 valid insts, and 751 bits set as '1'.
BIT-701 : Generate bits file F:/Anlogic_MCU/Demo/FPGA/Quick_Start/Quick_Start.bit.
BIT-701 : Generate svf file F:/Anlogic_MCU/Demo/FPGA/Quick_Start/Quick_Start.svf.
CMD-004 : start command "download -svf F:\Anlogic_MCU\Demo\FPGA\Quick_Start\Quick_Start.svf -mode jtag -wait 20 -spd 6 -sec 64 -cable 0 -chip EF2L45B"
CMD-004 : start command "bit_to_vec -chip EF2L45B -m jtag -svf F:/Anlogic_MCU/Demo/FPGA/Quick_Start/Quick_Start.svf"
CMD-004 : start command "program -cable 0 -spd 6"
CMD-005 : finish command "program -cable 0 -spd 6" in  1.415173s wall, 0.109201s user + 0.000000s system = 0.109201s CPU (7.7%)

CMD-006 : used memory is 257 MB, reserved memory is 212 MB, peak memory is 341 MB
CMD-005 : finish command "download -svf F:\Anlogic_MCU\Demo\FPGA\Quick_Start\Quick_Start.svf -mode jtag -wait 20 -spd 6 -sec 64 -cable 0 -chip EF2L45B" in  1.572714s wall, 0.234002s user + 0.031200s system = 0.265202s CPU (16.9%)

CMD-006 : used memory is 257 MB, reserved memory is 212 MB, peak memory is 341 MB
GUI-001 : Download success!
CMD-004 : start command "download -svf F:\Anlogic_MCU\Demo\FPGA\Quick_Start\Quick_Start.svf -mode jtag -wait 20 -spd 6 -sec 64 -cable 0 -chip EF2L45B"
CMD-004 : start command "bit_to_vec -chip EF2L45B -m jtag -svf F:/Anlogic_MCU/Demo/FPGA/Quick_Start/Quick_Start.svf"
CMD-004 : start command "program -cable 0 -spd 6"
CMD-005 : finish command "program -cable 0 -spd 6" in  1.402417s wall, 0.078001s user + 0.015600s system = 0.093601s CPU (6.7%)

CMD-006 : used memory is 254 MB, reserved memory is 209 MB, peak memory is 341 MB
CMD-005 : finish command "download -svf F:\Anlogic_MCU\Demo\FPGA\Quick_Start\Quick_Start.svf -mode jtag -wait 20 -spd 6 -sec 64 -cable 0 -chip EF2L45B" in  1.554987s wall, 0.218401s user + 0.031200s system = 0.249602s CPU (16.1%)

CMD-006 : used memory is 254 MB, reserved memory is 209 MB, peak memory is 341 MB
GUI-001 : Download success!
VLG-002 : analyze verilog file F:/Anlogic_MCU/Demo/FPGA/Quick_Start/al_ip/sys_pll.v
VLG-002 : analyze verilog file F:/Anlogic_MCU/Demo/FPGA/Quick_Start/al_ip/AL_MCU.v
VLG-002 : analyze verilog file F:/Anlogic_MCU/Demo/FPGA/Quick_Start/src/quick_start.v
CMD-004 : start command "import_device ef2_4.db -package EF2L45LG144B"
CMD-005 : finish command "import_device ef2_4.db -package EF2L45LG144B" in  1.113006s wall, 1.092007s user + 0.031200s system = 1.123207s CPU (100.9%)

CMD-006 : used memory is 255 MB, reserved memory is 213 MB, peak memory is 341 MB
VLG-002 : analyze verilog file F:/Anlogic_MCU/Demo/FPGA/Quick_Start/al_ip/sys_pll.v
VLG-002 : analyze verilog file F:/Anlogic_MCU/Demo/FPGA/Quick_Start/al_ip/AL_MCU.v
VLG-002 : analyze verilog file F:/Anlogic_MCU/Demo/FPGA/Quick_Start/src/quick_start.v
CMD-004 : start command "elaborate -top quick_start"
VLG-004 : elaborate module quick_start in F:/Anlogic_MCU/Demo/FPGA/Quick_Start/src/quick_start.v(2)
VLG-004 : elaborate module sys_pll in F:/Anlogic_MCU/Demo/FPGA/Quick_Start/al_ip/sys_pll.v(23)
VLG-004 : elaborate module EF2_LOGIC_BUFG in C:/Anlogic/TD4.1.389/arch/ef2_macro.v(8)
VLG-004 : elaborate module EF2_PHY_PLL(FIN="25.000",FBCLK_DIV=12,CLKC0_DIV=3,CLKC1_DIV=36,CLKC0_ENABLE="ENABLE",CLKC1_ENABLE="ENABLE",FEEDBK_PATH="CLKC0_EXT",STDBY_ENABLE="DISABLE",CLKC0_CPHASE=3,CLKC1_CPHASE=36,GMC_GAIN=6,ICP_CURRENT=3,KVCO=6,LPF_RESISTOR=2,PLLRST_ENA="DISABLE",INTPI=2,HIGH_SPEED_EN="ENABLE",OFFSET_MODE="EXT",CLKC0_DUTY=0.5,CLKC1_DUTY=0.5,CLKC0_DUTY_INT=2,CLKC1_DUTY_INT=19) in C:/Anlogic/TD4.1.389/arch/ef2_macro.v(2541)
VLG-939 WARNING: port i2s_mst_clk remains unconnected for this instance in F:/Anlogic_MCU/Demo/FPGA/Quick_Start/al_ip/AL_MCU.v(31)
VLG-004 : elaborate module AL_MCU in F:/Anlogic_MCU/Demo/FPGA/Quick_Start/al_ip/AL_MCU.v(14)
VLG-004 : elaborate module EF2_PHY_MCU(GPIO_L0="ENABLE",GPIO_L1="ENABLE",GPIO_L7="ENABLE") in C:/Anlogic/TD4.1.389/arch/ef2_macro.v(756)
VIN-1013 WARNING: input port i2s_mst_clk is not connected on this instance in F:/Anlogic_MCU/Demo/FPGA/Quick_Start/al_ip/AL_MCU.v(31)
RTL-100 : Current top model is quick_start
RAM-300 : Inferred 0 RAMs.
CMD-004 : start command "optimize_rtl"
RUN-001 : Open license file C:/Anlogic/TD4.1.389/license/Anlogic.lic
SNT-300 : SanityCheck: Model "quick_start"
SNT-300 : SanityCheck: Model "AL_MCU"
SNT-300 : SanityCheck: Model "sys_pll"
RTL-100 : Mark sys_pll as IO macro for instance bufg_feedback
FLT-300 : Flatten model quick_start
FLT-300 : Flatten model AL_MCU
FLT-300 : Flatten model sys_pll
MRG-300 : Merged 2 instances.
OPT-300 : Optimize round 1
RTL-100 : 62/15 useful/useless nets, 34/7 useful/useless insts
MUX-301 : Optimized 0 mux instances.
OPT-301 : Optimize round 1, 24 better
OPT-300 : Optimize round 2
RTL-100 : 61/1 useful/useless nets, 33/0 useful/useless insts
MUX-301 : Optimized 0 mux instances.
OPT-301 : Optimize round 2, 0 better
CMD-004 : start command "report_area -file F:/Anlogic_MCU/Demo/FPGA/Quick_Start/Quick_Start_rtl.area"
standard
IO Statistics
#IO                     4
  #input                2
  #output               1
  #inout                1

Gate Statistics
#Basic gates           27
  #and                  0
  #nand                 0
  #or                   0
  #nor                  0
  #xor                  0
  #xnor                 0
  #buf                  0
  #not                  1
  #bufif1               1
  #MX21                 0
  #FADD                 0
  #DFF                 25
  #LATCH                0
#MACRO_ADD              1

CMD-004 : start command "read_adc constrs/board.adc"
CMD-004 : start command "set_pin_assignment fpga_clk_in  LOCATION = P28;  "
CMD-004 : start command "set_pin_assignment fpga_rst_n  LOCATION = P38;  "
CMD-004 : start command "set_pin_assignment hw_led  LOCATION = P100;  "
CMD-004 : start command "set_pin_assignment sw_led  LOCATION = P99;   "
CMD-004 : start command "export_db F:/Anlogic_MCU/Demo/FPGA/Quick_Start/Quick_Start_rtl.db"
RUN-001 : Exported /
RUN-001 : Exported libs
RUN-001 : Exported entities
RUN-001 : Exported ports
RUN-001 : Exported pins
RUN-001 : Exported instances
RUN-001 : Exported nets
RUN-001 : Exported buses
RUN-001 : Exported models
RUN-001 : Exported congestions
RUN-001 : Exported violations
RUN-001 : Exported IO constraints
RUN-001 : Exported Inst constraints
CMD-004 : start command "map_macro"
RTL-100 : Map 4 IOs to PADs
GAT-100 : Processed 0 LOGIC_BUF instances.
GAT-100 : 1 BUFG to GCLK
RTL-100 : Optimize round 1
RTL-100 : 65/0 useful/useless nets, 37/0 useful/useless insts
RTL-100 : Optimize round 1, 0 better
RTL-100 : Map 1 macro adder
RTL-100 : 141/50 useful/useless nets, 63/25 useful/useless insts
CMD-004 : start command "map"
GAT-100 : Running gate level optimization.
GAT-100 : Mapping with K=0, #lut = 0 (0.00), #lev = 0 (0.00)
GAT-100 : Post LUT mapping optimization.
GAT-100 : Mapping with K=0, #lut = 0 (0.00), #lev = 0 (0.00)
GAT-100 : Mapping with K=0, #lut = 0 (0.00), #lev = 0 (0.00)
GAT-100 : Logic optimization runtime opt =   0.00 sec, map =   0.00 sec
GAT-100 : Mapper mapped 1 instances into 1 LUTs, name keeping = 100%.
CMD-004 : start command "pack"
GAT-100 : Packing top model "quick_start" ...
PAK-301 : Pack lib has 35 rtl pack models with 12 top pack blocks
OPT-300 : Optimize round 1
RTL-100 : 90/0 useful/useless nets, 62/0 useful/useless insts
OPT-301 : Optimize round 1, 0 better
PAK-SEQ-305 : Packing 25 DFF/LATCH to SEQ ...
PAK-BLE-301 : Packing 26 adder to BLE ...
PAK-BLE-302 : Packed 26 adder and 25 SEQ to BLE.
PAK-BLE-301 : Packing 0 gate4 to BLE ...
PAK-BLE-302 : Packed 0 gate4 and 0 SEQ to BLE.
PAK-BLE-301 : Packing 0 MUX to BLE ...
PAK-BLE-302 : Packed 0 MUX and 0 SEQ to BLE.
PAK-BLE-301 : Packing 1 LUT to BLE ...
PAK-BLE-302 : Packed 1 LUT and 0 SEQ to BLE.
PAK-SEQ-301 : Packing 0 remaining SEQ's ...
PAK-SEQ-302 : #0: Packed 0 SEQ (0 nodes)...
PAK-SEQ-303 : Packed 0 SEQ with LUT/SLICE
PAK-SEQ-304 : 1 single LUT's are left
PAK-SEQ-304 : 0 single SEQ's are left
PAK-303 : Packing model "quick_start" (AL_USER_NORMAL) with 1/24 primitive instances ...
CLK-302 : Net U_SYS_PLL/clk0_out driven by BUFG (0 clock/control pins, 1 other pins).
CLK-304 : Net fpga_clk_in_pad is refclk of pll U_SYS_PLL/pll_inst.
CLK-305 : Net fpga_clk_in_pad is fbclk of pll U_SYS_PLL/pll_inst.
CLK-308 : Net "clk25" drive clk pins.
CLK-309 : Tag rtl::Net U_SYS_PLL/clk0_out as clock net
CLK-309 : Tag rtl::Net clk25 as clock net
CLK-309 : Tag rtl::Net fpga_clk_in_pad as clock net
CLK-310 : Tagged 3 rtl::Net as clock net
CMD-004 : start command "report_area -file F:/Anlogic_MCU/Demo/FPGA/Quick_Start/Quick_Start_gate.area"
standard
IO Statistics
#IO                     4
  #input                2
  #output               1
  #inout                1

Utilization Statistics
#le                    27   out of   4480    0.60%
  #lut                 27   out of   4480    0.60%
  #reg                 25   out of   4480    0.56%
#dsp                    0   out of     15    0.00%
#bram                   0   out of     12    0.00%
  #bram9k               0
  #fifo9k               0
#bram32k                0   out of      6    0.00%
#mcu                    1   out of      1  100.00%
#pad                    4   out of    115    3.48%
  #ireg                 0
  #oreg                 0
  #treg                 0
#pll                    1   out of      1  100.00%
#bufg                   3   out of     16   18.75%

CMD-004 : start command "export_db F:/Anlogic_MCU/Demo/FPGA/Quick_Start/Quick_Start_gate.db"
RUN-001 : Exported /
RUN-001 : Exported libs
RUN-001 : Exported entities
RUN-001 : Exported ports
RUN-001 : Exported pins
RUN-001 : Exported instances
RUN-001 : Exported nets
RUN-001 : Exported buses
RUN-001 : Exported models
RUN-001 : Exported congestions
RUN-001 : Exported violations
RUN-001 : Exported IO constraints
RUN-001 : Exported Inst constraints
CMD-004 : start command "place"
RUN-001 : Open license file C:/Anlogic/TD4.1.389/license/Anlogic.lic
PLC-001 : Placer runs in 4 thread(s).
RUN-001 : There are total 24 instances
RUN-001 : 13 mslices, 1 lslices, 4 pads, 0 brams, 0 dsps
RUN-001 : There are total 52 nets
RUN-001 : 47 nets have 2 pins
RUN-001 : 2 nets have [3 - 5] pins
RUN-001 : 2 nets have [11 - 20] pins
RUN-001 : 1 nets have [21 - 99] pins
PLC-001 : Initial placement ...
PLC-001 : design contains 22 instances, 14 slices, 1 macros(13 instances)
CMD-004 : start command "start_timer"
TMR-611 WARNING: No sdc constraints found while initiating timer.
TMR-601 : Start building timing graph for model quick_start
TMR-601 : Build timing graph completely. Port num: 4, tpin num: 126, tnet num: 50, tinst num: 21, tnode num: 179, tedge num: 194.

TMR-601 : Eliminate loop in the timing graph, delete 0 tedges.
TMR-601 : Levelize timing graph completed, there are 28 levels in all.
TMR-601 : Timing graph initialized successfully.

TMR-601 : Start to update net delay, extr mode = 2.
TMR-601 : Update delay of 50 nets completely.
TMR-601 : Annotate delay to tedge completely, extr mode = 2.
TMR-601 : No user constraint, initiate default constraint.
TMR-601 : Assign derive clock DeriveClock to 26 clock pins, and constraint 51 relative nodes.
TMR-601 : Start to map constraints to rules, there are 0 constraints in all.
TMR-601 : Start to map report constraints to rules, there are 0 constraints in all.
TMR-601 : Constraints initiated successfully.
TMR-601 : Forward propagation: start to calculate arrival time...
TMR-601 : Backward propagation: start to calculate required time...
TMR-601 : Timing propagation completely!
PLC-001 : Global placement ...
PLC-001 : Initial: Len = 1515.6
PLC-001 : Run with size of 3
PLC-001 : Cell area utilization is 0%, beta_incr = 0.996250
PLC-001 : :::0::: Try harder cell spreading with beta_ = 0
PLC-004 : Step(36): len = 640.6, overlap = 0
PLC-004 : Step(37): len = 640.6, overlap = 0
PLC-004 : Step(38): len = 510.6, overlap = 0
PLC-004 : Step(39): len = 510.6, overlap = 0
PLC-004 : Step(40): len = 400.8, overlap = 0
PLC-004 : Step(41): len = 400.8, overlap = 0
PLC-004 : Step(42): len = 400.8, overlap = 0
PLC-001 : Legalization ...
PLC-001 : Run with size of 3
PLC-001 : Cell area utilization is 0%, beta_incr = 0.996250
PLC-001 : :::0::: Try harder cell spreading with beta_ = 0
PLC-004 : Step(43): len = 400.8, overlap = 0
PLC-004 : Step(44): len = 400.8, overlap = 0
PLC-001 : Legalization ...
PLC-001 : Run with size of 3
PLC-001 : Cell area utilization is 0%, beta_incr = 0.996250
PLC-001 : :::0::: Try harder cell spreading with beta_ = 0
PLC-004 : Step(45): len = 400.6, overlap = 0
PLC-004 : Step(46): len = 400.6, overlap = 0
PLC-004 : Step(47): len = 400.6, overlap = 0
PLC-001 : Legalization ...
PLC-001 : Legalized: Len = 400.6, Over = 0
PLC-001 : Final: Len = 400.6, Over = 0
PLC-001 : Improving timing with driver duplication.
CMD-004 : start command "start_timer"
TMR-611 WARNING: No sdc constraints found while initiating timer.
TMR-601 : Start building timing graph for model quick_start
TMR-601 : Build timing graph completely. Port num: 4, tpin num: 126, tnet num: 50, tinst num: 21, tnode num: 179, tedge num: 194.

TMR-601 : Eliminate loop in the timing graph, delete 0 tedges.
TMR-601 : Levelize timing graph completed, there are 28 levels in all.
TMR-601 : Timing graph initialized successfully.

CMD-004 : start command "report_area -io_info -file F:/Anlogic_MCU/Demo/FPGA/Quick_Start/Quick_Start_phy.area"
standard
IO Statistics
#IO                     4
  #input                2
  #output               1
  #inout                1

Utilization Statistics
#le                    27   out of   4480    0.60%
  #lut                 27   out of   4480    0.60%
  #reg                 25   out of   4480    0.56%
#dsp                    0   out of     15    0.00%
#bram                   0   out of     12    0.00%
  #bram9k               0
  #fifo9k               0
#bram32k                0   out of      6    0.00%
#mcu                    1   out of      1  100.00%
#pad                    4   out of    115    3.48%
  #ireg                 0
  #oreg                 0
  #treg                 0
#pll                    1   out of      1  100.00%
#bufg                   3   out of     16   18.75%

CMD-004 : start command "route"
RUN-001 : Open license file C:/Anlogic/TD4.1.389/license/Anlogic.lic
RUN-001 : Pin swapping for better routability
RUN-001 : Pin misalignment score is improved from 1 to 1
RUN-001 : Pin local connectivity score is improved from 5 to 0
RUN-001 : Pin misalignment score is improved from 1 to 1
RUN-001 : Pin local connectivity score is improved from 5 to 0
RTE-301 : End pin swap;  0.002250s wall, 0.000000s user + 0.000000s system = 0.000000s CPU (n/a%)

RTE-301 : Route runs in 4 thread(s)
RUN-001 : There are total 24 instances
RUN-001 : 13 mslices, 1 lslices, 4 pads, 0 brams, 0 dsps
RUN-001 : There are total 52 nets
RUN-001 : 47 nets have 2 pins
RUN-001 : 2 nets have [3 - 5] pins
RUN-001 : 2 nets have [11 - 20] pins
RUN-001 : 1 nets have [21 - 99] pins
RTE-301 : Start global routing ...
RTE-301 : Generate routing grids ...
RTE-301 : Initialize routing nets ...
RTE-301 : Ripup & Reroute ...
RTE-302 : len = 408, over cnt = 0(0%), over = 0, worst = 0
RTE-301 : Timing updates.
TMR-601 : Start to update net delay, extr mode = 5.
TMR-601 : Update delay of 50 nets completely.
TMR-601 : Annotate delay to tedge completely, extr mode = 5.
TMR-601 : Start to map report constraints to rules, there are 0 constraints in all.
TMR-601 : Forward propagation: start to calculate arrival time...
TMR-601 : Backward propagation: start to calculate required time...
TMR-601 : Timing propagation completely!
RTE-301 : Optimize timing.
RTE-301 : End global routing;  0.006511s wall, 0.031200s user + 0.000000s system = 0.031200s CPU (479.2%)

RTE-301 : Start detail routing ...
RTE-301 : Generate detailed routing grids ...
RTE-301 : Generate nets ...
RTE-301 : clock net U_SYS_PLL/clk0_out will be merged with clock U_SYS_PLL/clk0_buf
RTE-301 : net clk25 will be routed on clock mesh
RTE-301 : net fpga_clk_in_pad will be routed on clock mesh
RTE-301 : Detail Route ...
RTE-301 : ===== Initial DR =====
RTE-301 : Routed 34% nets. 
RTE-301 : Routed 40% nets. 
RTE-301 : Routed 40% nets. 
RTE-301 : Routed 40% nets. 
RTE-301 : Routed 40% nets. 
RTE-301 : Routed 42% nets. 
RTE-301 : Routed 44% nets. 
RTE-301 : Routed 44% nets. 
RTE-301 :  0.027605s wall, 0.015600s user + 0.000000s system = 0.015600s CPU (56.5%)

RTE-302 : len = 2000, over cnt = 0(0%), over = 0, worst = 0
RTE-303 : Routed, final wirelength = 2000
RTE-301 : ===== DR Iter 1 =====
RTE-301 :  0.004360s wall, 0.000000s user + 0.000000s system = 0.000000s CPU (n/a%)

RTE-302 : len = 2000, over cnt = 0(0%), over = 0, worst = 0
RTE-303 : Routed, final wirelength = 2000
RTE-301 : 0 feed throughs used by 0 nets
RTE-301 : Generate detailed routing grids ...
RTE-301 : Generate nets ...
RTE-301 : clock net U_SYS_PLL/clk0_out will be merged with clock U_SYS_PLL/clk0_buf
RTE-301 : net clk25 will be routed on clock mesh
RTE-301 : net fpga_clk_in_pad will be routed on clock mesh
RTE-301 : eco open net = 0
RTE-301 : End detail routing;  1.045286s wall, 1.029607s user + 0.015600s system = 1.045207s CPU (100.0%)

RTE-301 : Routing violations:
RTE-301 : End of Routing Violations.
CMD-005 : finish command "route" in  1.101191s wall, 1.123207s user + 0.015600s system = 1.138807s CPU (103.4%)

CMD-006 : used memory is 278 MB, reserved memory is 235 MB, peak memory is 351 MB
CMD-004 : start command "export_db F:/Anlogic_MCU/Demo/FPGA/Quick_Start/Quick_Start_pr.db"
RUN-001 : Exported /
RUN-001 : Exported libs
RUN-001 : Exported entities
RUN-001 : Exported ports
RUN-001 : Exported pins
RUN-001 : Exported instances
RUN-001 : Exported nets
RUN-001 : Exported buses
RUN-001 : Exported models
RUN-001 : Exported congestions
RUN-001 : Exported violations
RUN-001 : Exported IO constraints
RUN-001 : Exported Inst constraints
CMD-004 : start command "bitgen -bit F:/Anlogic_MCU/Demo/FPGA/Quick_Start/Quick_Start.bit -version 0X0000 -svf F:/Anlogic_MCU/Demo/FPGA/Quick_Start/Quick_Start.svf -svf_comment_on -128 F:/Anlogic_MCU/Demo/SDK/Quick_Start/hello.bin -g ucode:00000000000000000101010110010010 -f F:/Anlogic_MCU/Demo/FPGA/Quick_Start/Quick_Start.btc"
BIT-701 : Start to generate bitstream. 
BIT-701 : Init instances with 4 threads.
BIT-701 : Init instances completely, inst num: 24
BIT-701 : Init pips with 4 threads.
BIT-701 : Init pips completely, net num: 52, pip num: 255
BIT-701 : Multithreading accelaration with 4 threads.
BIT-701 : Generate bitstream completely, there are 87 valid insts, and 751 bits set as '1'.
BIT-701 : Generate bits file F:/Anlogic_MCU/Demo/FPGA/Quick_Start/Quick_Start.bit.
BIT-701 : Generate svf file F:/Anlogic_MCU/Demo/FPGA/Quick_Start/Quick_Start.svf.
CMD-004 : start command "download -svf F:\Anlogic_MCU\Demo\FPGA\Quick_Start\Quick_Start.svf -mode jtag -wait 20 -spd 6 -sec 64 -cable 0 -chip EF2L45B"
CMD-004 : start command "bit_to_vec -chip EF2L45B -m jtag -svf F:/Anlogic_MCU/Demo/FPGA/Quick_Start/Quick_Start.svf"
CMD-004 : start command "program -cable 0 -spd 6"
CMD-005 : finish command "program -cable 0 -spd 6" in  1.414990s wall, 0.109201s user + 0.031200s system = 0.140401s CPU (9.9%)

CMD-006 : used memory is 265 MB, reserved memory is 220 MB, peak memory is 351 MB
CMD-005 : finish command "download -svf F:\Anlogic_MCU\Demo\FPGA\Quick_Start\Quick_Start.svf -mode jtag -wait 20 -spd 6 -sec 64 -cable 0 -chip EF2L45B" in  1.575967s wall, 0.249602s user + 0.046800s system = 0.296402s CPU (18.8%)

CMD-006 : used memory is 265 MB, reserved memory is 220 MB, peak memory is 351 MB
GUI-001 : Download success!
CMD-004 : start command "import_db F:/Anlogic_MCU/Demo/FPGA/Quick_Start/Quick_Start_pr.db"
RUN-001 : Importing design generated by Tang Dynasty, V4.1.389.
RUN-001 : Import IO constraints
RUN-001 : Import Inst constraints
CMD-004 : start command "import_db F:/Anlogic_MCU/Demo/FPGA/Quick_Start/Quick_Start_pr.db"
RUN-001 : Importing design generated by Tang Dynasty, V4.1.389.
RUN-001 : Import IO constraints
RUN-001 : Import Inst constraints
CMD-004 : start command "bitgen -bit F:/Anlogic_MCU/Demo/FPGA/Quick_Start/Quick_Start.bit -version 0X0000 -svf F:/Anlogic_MCU/Demo/FPGA/Quick_Start/Quick_Start.svf -svf_comment_on -128 F:/Anlogic_MCU/Demo/SDK/Quick_Start/hello.bin -g ucode:00000000000000000101010110010010 -f F:/Anlogic_MCU/Demo/FPGA/Quick_Start/Quick_Start.btc"
BIT-701 : Start to generate bitstream. 
BIT-701 : Init instances with 4 threads.
BIT-701 : Init instances completely, inst num: 24
BIT-701 : Init pips with 4 threads.
BIT-701 : Init pips completely, net num: 52, pip num: 255
BIT-701 : Multithreading accelaration with 4 threads.
BIT-701 : Generate bitstream completely, there are 87 valid insts, and 751 bits set as '1'.
BIT-701 : Generate bits file F:/Anlogic_MCU/Demo/FPGA/Quick_Start/Quick_Start.bit.
BIT-701 : Generate svf file F:/Anlogic_MCU/Demo/FPGA/Quick_Start/Quick_Start.svf.
CMD-004 : start command "download -bit F:\Anlogic_MCU\Demo\FPGA\Quick_Start\Quick_Start.bit -mode jtag -wait 20 -spd 6 -sec 64 -cable 0"
RUN-001 : Chip validation success: EF2L45B
CMD-004 : start command "bit_to_vec -chip EF2L45B -m jtag -bit F:/Anlogic_MCU/Demo/FPGA/Quick_Start/Quick_Start.bit"
RUN-001 : BIT2VEC::JtagBitstream: completed! line_num = 809, frame_num = 765
CMD-004 : start command "program -cable 0 -spd 6"
CMD-005 : finish command "program -cable 0 -spd 6" in  1.408383s wall, 0.031200s user + 0.000000s system = 0.031200s CPU (2.2%)

CMD-006 : used memory is 264 MB, reserved memory is 219 MB, peak memory is 351 MB
CMD-005 : finish command "download -bit F:\Anlogic_MCU\Demo\FPGA\Quick_Start\Quick_Start.bit -mode jtag -wait 20 -spd 6 -sec 64 -cable 0" in  2.549407s wall, 0.639604s user + 0.015600s system = 0.655204s CPU (25.7%)

CMD-006 : used memory is 233 MB, reserved memory is 187 MB, peak memory is 351 MB
GUI-001 : Download success!
CMD-004 : start command "import_db F:/Anlogic_MCU/Demo/FPGA/Quick_Start/Quick_Start_pr.db"
RUN-001 : Importing design generated by Tang Dynasty, V4.1.389.
RUN-001 : Import IO constraints
RUN-001 : Import Inst constraints
CMD-004 : start command "bitgen -bit F:/Anlogic_MCU/Demo/FPGA/Quick_Start/Quick_Start.bit -version 0X0000 -svf F:/Anlogic_MCU/Demo/FPGA/Quick_Start/Quick_Start.svf -svf_comment_on -128 F:/Anlogic_MCU/Demo/SDK/Quick_Start/hello.bin -g ucode:00000000000000000101010110010010 -f F:/Anlogic_MCU/Demo/FPGA/Quick_Start/Quick_Start.btc"
BIT-701 : Start to generate bitstream. 
BIT-701 : Init instances with 4 threads.
BIT-701 : Init instances completely, inst num: 24
BIT-701 : Init pips with 4 threads.
BIT-701 : Init pips completely, net num: 52, pip num: 255
BIT-701 : Multithreading accelaration with 4 threads.
BIT-701 : Generate bitstream completely, there are 87 valid insts, and 751 bits set as '1'.
BIT-701 : Generate bits file F:/Anlogic_MCU/Demo/FPGA/Quick_Start/Quick_Start.bit.
BIT-701 : Generate svf file F:/Anlogic_MCU/Demo/FPGA/Quick_Start/Quick_Start.svf.
CMD-004 : start command "download -svf F:\Anlogic_MCU\Demo\FPGA\Quick_Start\Quick_Start.svf -mode jtag -wait 20 -spd 6 -sec 64 -cable 0 -chip EF2L45B"
CMD-004 : start command "bit_to_vec -chip EF2L45B -m jtag -svf F:/Anlogic_MCU/Demo/FPGA/Quick_Start/Quick_Start.svf"
CMD-004 : start command "program -cable 0 -spd 6"
CMD-005 : finish command "program -cable 0 -spd 6" in  1.417838s wall, 0.093601s user + 0.000000s system = 0.093601s CPU (6.6%)

CMD-006 : used memory is 269 MB, reserved memory is 225 MB, peak memory is 351 MB
CMD-005 : finish command "download -svf F:\Anlogic_MCU\Demo\FPGA\Quick_Start\Quick_Start.svf -mode jtag -wait 20 -spd 6 -sec 64 -cable 0 -chip EF2L45B" in  1.540341s wall, 0.202801s user + 0.015600s system = 0.218401s CPU (14.2%)

CMD-006 : used memory is 269 MB, reserved memory is 225 MB, peak memory is 351 MB
GUI-001 : Download success!
RUN-003 ERROR: USB device open error, please re-connect the USB cable!
RUN-003 ERROR: USB device open error, please re-connect the USB cable!
CMD-004 : start command "download -svf F:\Anlogic_MCU\Demo\FPGA\Quick_Start\Quick_Start.svf -mode jtag -wait 20 -spd 6 -sec 64 -cable 0 -chip EF2L45B"
CMD-004 : start command "bit_to_vec -chip EF2L45B -m jtag -svf F:/Anlogic_MCU/Demo/FPGA/Quick_Start/Quick_Start.svf"
CMD-004 : start command "program -cable 0 -spd 6"
CMD-005 : finish command "program -cable 0 -spd 6" in  1.466547s wall, 0.093601s user + 0.015600s system = 0.109201s CPU (7.4%)

CMD-006 : used memory is 267 MB, reserved memory is 222 MB, peak memory is 351 MB
CMD-005 : finish command "download -svf F:\Anlogic_MCU\Demo\FPGA\Quick_Start\Quick_Start.svf -mode jtag -wait 20 -spd 6 -sec 64 -cable 0 -chip EF2L45B" in  1.594301s wall, 0.218401s user + 0.015600s system = 0.234002s CPU (14.7%)

CMD-006 : used memory is 267 MB, reserved memory is 222 MB, peak memory is 351 MB
GUI-001 : Download success!
CMD-004 : start command "import_db F:/Anlogic_MCU/Demo/FPGA/Quick_Start/Quick_Start_pr.db"
RUN-001 : Importing design generated by Tang Dynasty, V4.1.389.
RUN-001 : Import IO constraints
RUN-001 : Import Inst constraints
CMD-004 : start command "bitgen -bit F:/Anlogic_MCU/Demo/FPGA/Quick_Start/Quick_Start.bit -version 0X0000 -svf F:/Anlogic_MCU/Demo/FPGA/Quick_Start/Quick_Start.svf -svf_comment_on -128 F:/Anlogic_MCU/Demo/SDK/Quick_Start/hello.bin -g ucode:00000000000000000101010110010010 -f F:/Anlogic_MCU/Demo/FPGA/Quick_Start/Quick_Start.btc"
BIT-701 : Start to generate bitstream. 
BIT-701 : Init instances with 4 threads.
BIT-701 : Init instances completely, inst num: 24
BIT-701 : Init pips with 4 threads.
BIT-701 : Init pips completely, net num: 52, pip num: 255
BIT-701 : Multithreading accelaration with 4 threads.
BIT-701 : Generate bitstream completely, there are 87 valid insts, and 751 bits set as '1'.
USR-001 ERROR: Cannot open file F:/Anlogic_MCU/Demo/SDK/Quick_Start/hello.bin
CMD-004 : start command "import_db F:/Anlogic_MCU/Demo/FPGA/Quick_Start/Quick_Start_pr.db"
RUN-001 : Importing design generated by Tang Dynasty, V4.1.389.
RUN-001 : Import IO constraints
RUN-001 : Import Inst constraints
CMD-004 : start command "import_db F:/Anlogic_MCU/Demo/FPGA/Quick_Start/Quick_Start_pr.db"
RUN-001 : Importing design generated by Tang Dynasty, V4.1.389.
RUN-001 : Import IO constraints
RUN-001 : Import Inst constraints
CMD-004 : start command "bitgen -bit F:/Anlogic_MCU/Demo/FPGA/Quick_Start/Quick_Start.bit -version 0X0000 -svf F:/Anlogic_MCU/Demo/FPGA/Quick_Start/Quick_Start.svf -svf_comment_on -128 F:/Anlogic_MCU/Demo/SDK/Quick_Start/Quick_Start.bin -g ucode:00000000000000000101010110010010 -f F:/Anlogic_MCU/Demo/FPGA/Quick_Start/Quick_Start.btc"
BIT-701 : Start to generate bitstream. 
BIT-701 : Init instances with 4 threads.
BIT-701 : Init instances completely, inst num: 24
BIT-701 : Init pips with 4 threads.
BIT-701 : Init pips completely, net num: 52, pip num: 255
BIT-701 : Multithreading accelaration with 4 threads.
BIT-701 : Generate bitstream completely, there are 87 valid insts, and 751 bits set as '1'.
BIT-701 : Generate bits file F:/Anlogic_MCU/Demo/FPGA/Quick_Start/Quick_Start.bit.
BIT-701 : Generate svf file F:/Anlogic_MCU/Demo/FPGA/Quick_Start/Quick_Start.svf.
CMD-004 : start command "download -svf F:\Anlogic_MCU\Demo\FPGA\Quick_Start\Quick_Start.svf -mode jtag -wait 20 -spd 6 -sec 64 -cable 0 -chip EF2L45B"
CMD-004 : start command "bit_to_vec -chip EF2L45B -m jtag -svf F:/Anlogic_MCU/Demo/FPGA/Quick_Start/Quick_Start.svf"
CMD-004 : start command "program -cable 0 -spd 6"
CMD-005 : finish command "program -cable 0 -spd 6" in  1.402422s wall, 0.109201s user + 0.015600s system = 0.124801s CPU (8.9%)

CMD-006 : used memory is 277 MB, reserved memory is 227 MB, peak memory is 351 MB
CMD-005 : finish command "download -svf F:\Anlogic_MCU\Demo\FPGA\Quick_Start\Quick_Start.svf -mode jtag -wait 20 -spd 6 -sec 64 -cable 0 -chip EF2L45B" in  1.558837s wall, 0.265202s user + 0.015600s system = 0.280802s CPU (18.0%)

CMD-006 : used memory is 277 MB, reserved memory is 227 MB, peak memory is 351 MB
GUI-001 : Download success!
CMD-004 : start command "download -svf F:\Anlogic_MCU\Demo\FPGA\Quick_Start\Quick_Start.svf -mode jtag -wait 20 -spd 6 -sec 64 -cable 0 -chip EF2L45B"
CMD-004 : start command "bit_to_vec -chip EF2L45B -m jtag -svf F:/Anlogic_MCU/Demo/FPGA/Quick_Start/Quick_Start.svf"
CMD-004 : start command "program -cable 0 -spd 6"
CMD-005 : finish command "program -cable 0 -spd 6" in  1.421611s wall, 0.046800s user + 0.000000s system = 0.046800s CPU (3.3%)

CMD-006 : used memory is 276 MB, reserved memory is 225 MB, peak memory is 351 MB
CMD-005 : finish command "download -svf F:\Anlogic_MCU\Demo\FPGA\Quick_Start\Quick_Start.svf -mode jtag -wait 20 -spd 6 -sec 64 -cable 0 -chip EF2L45B" in  1.583874s wall, 0.202801s user + 0.000000s system = 0.202801s CPU (12.8%)

CMD-006 : used memory is 276 MB, reserved memory is 225 MB, peak memory is 351 MB
GUI-001 : Download success!
CMD-004 : start command "download -svf F:\Anlogic_MCU\Demo\FPGA\Quick_Start\Quick_Start.svf -mode jtag -wait 20 -spd 6 -sec 64 -cable 0 -chip EF2L45B"
CMD-004 : start command "bit_to_vec -chip EF2L45B -m jtag -svf F:/Anlogic_MCU/Demo/FPGA/Quick_Start/Quick_Start.svf"
CMD-004 : start command "program -cable 0 -spd 6"
CMD-005 : finish command "program -cable 0 -spd 6" in  1.407494s wall, 0.156001s user + 0.015600s system = 0.171601s CPU (12.2%)

CMD-006 : used memory is 276 MB, reserved memory is 226 MB, peak memory is 351 MB
CMD-005 : finish command "download -svf F:\Anlogic_MCU\Demo\FPGA\Quick_Start\Quick_Start.svf -mode jtag -wait 20 -spd 6 -sec 64 -cable 0 -chip EF2L45B" in  1.562261s wall, 0.296402s user + 0.031200s system = 0.327602s CPU (21.0%)

CMD-006 : used memory is 276 MB, reserved memory is 226 MB, peak memory is 351 MB
GUI-001 : Download success!
RUN-003 ERROR: USB device open error, please re-connect the USB cable!
RUN-003 ERROR: USB device open error, please re-connect the USB cable!
CMD-004 : start command "download -svf F:\Anlogic_MCU\Demo\FPGA\Quick_Start\Quick_Start.svf -mode jtag -wait 20 -spd 6 -sec 64 -cable 0 -chip EF2L45B"
CMD-004 : start command "bit_to_vec -chip EF2L45B -m jtag -svf F:/Anlogic_MCU/Demo/FPGA/Quick_Start/Quick_Start.svf"
CMD-004 : start command "program -cable 0 -spd 6"
CMD-005 : finish command "program -cable 0 -spd 6" in  1.401710s wall, 0.093601s user + 0.000000s system = 0.093601s CPU (6.7%)

CMD-006 : used memory is 277 MB, reserved memory is 227 MB, peak memory is 351 MB
CMD-005 : finish command "download -svf F:\Anlogic_MCU\Demo\FPGA\Quick_Start\Quick_Start.svf -mode jtag -wait 20 -spd 6 -sec 64 -cable 0 -chip EF2L45B" in  1.529196s wall, 0.202801s user + 0.015600s system = 0.218401s CPU (14.3%)

CMD-006 : used memory is 277 MB, reserved memory is 227 MB, peak memory is 351 MB
GUI-001 : Download success!
CMD-004 : start command "import_db F:/Anlogic_MCU/Demo/FPGA/Quick_Start/Quick_Start_pr.db"
RUN-001 : Importing design generated by Tang Dynasty, V4.1.389.
RUN-001 : Import IO constraints
RUN-001 : Import Inst constraints
CMD-004 : start command "bitgen -bit F:/Anlogic_MCU/Demo/FPGA/Quick_Start/Quick_Start.bit -version 0X0000 -svf F:/Anlogic_MCU/Demo/FPGA/Quick_Start/Quick_Start.svf -svf_comment_on -128 F:/Anlogic_MCU/Demo/SDK/Quick_Start/Quick_Start.bin -g ucode:00000000000000000101010110010010 -f F:/Anlogic_MCU/Demo/FPGA/Quick_Start/Quick_Start.btc"
BIT-701 : Start to generate bitstream. 
BIT-701 : Init instances with 4 threads.
BIT-701 : Init instances completely, inst num: 24
BIT-701 : Init pips with 4 threads.
BIT-701 : Init pips completely, net num: 52, pip num: 255
BIT-701 : Multithreading accelaration with 4 threads.
BIT-701 : Generate bitstream completely, there are 87 valid insts, and 751 bits set as '1'.
BIT-701 : Generate bits file F:/Anlogic_MCU/Demo/FPGA/Quick_Start/Quick_Start.bit.
BIT-701 : Generate svf file F:/Anlogic_MCU/Demo/FPGA/Quick_Start/Quick_Start.svf.
CMD-004 : start command "download -svf F:\Anlogic_MCU\Demo\FPGA\Quick_Start\Quick_Start.svf -mode jtag -wait 20 -spd 6 -sec 64 -cable 0 -chip EF2L45B"
CMD-004 : start command "bit_to_vec -chip EF2L45B -m jtag -svf F:/Anlogic_MCU/Demo/FPGA/Quick_Start/Quick_Start.svf"
CMD-004 : start command "program -cable 0 -spd 6"
CMD-005 : finish command "program -cable 0 -spd 6" in  1.397615s wall, 0.093601s user + 0.000000s system = 0.093601s CPU (6.7%)

CMD-006 : used memory is 278 MB, reserved memory is 228 MB, peak memory is 351 MB
CMD-005 : finish command "download -svf F:\Anlogic_MCU\Demo\FPGA\Quick_Start\Quick_Start.svf -mode jtag -wait 20 -spd 6 -sec 64 -cable 0 -chip EF2L45B" in  1.555441s wall, 0.234002s user + 0.000000s system = 0.234002s CPU (15.0%)

CMD-006 : used memory is 278 MB, reserved memory is 228 MB, peak memory is 351 MB
GUI-001 : Download success!
RUN-003 ERROR: USB device open error, please re-connect the USB cable!
RUN-003 ERROR: USB device open error, please re-connect the USB cable!
CMD-004 : start command "download -svf F:\Anlogic_MCU\Demo\FPGA\Quick_Start\Quick_Start.svf -mode jtag -wait 20 -spd 6 -sec 64 -cable 0 -chip EF2L45B"
CMD-004 : start command "bit_to_vec -chip EF2L45B -m jtag -svf F:/Anlogic_MCU/Demo/FPGA/Quick_Start/Quick_Start.svf"
CMD-004 : start command "program -cable 0 -spd 6"
CMD-005 : finish command "program -cable 0 -spd 6" in  1.395837s wall, 0.062400s user + 0.015600s system = 0.078001s CPU (5.6%)

CMD-006 : used memory is 278 MB, reserved memory is 227 MB, peak memory is 351 MB
CMD-005 : finish command "download -svf F:\Anlogic_MCU\Demo\FPGA\Quick_Start\Quick_Start.svf -mode jtag -wait 20 -spd 6 -sec 64 -cable 0 -chip EF2L45B" in  1.527419s wall, 0.218401s user + 0.015600s system = 0.234002s CPU (15.3%)

CMD-006 : used memory is 278 MB, reserved memory is 227 MB, peak memory is 351 MB
GUI-001 : Download success!
CMD-004 : start command "import_db F:/Anlogic_MCU/Demo/FPGA/Quick_Start/Quick_Start_pr.db"
RUN-001 : Importing design generated by Tang Dynasty, V4.1.389.
RUN-001 : Import IO constraints
RUN-001 : Import Inst constraints
CMD-004 : start command "bitgen -bit F:/Anlogic_MCU/Demo/FPGA/Quick_Start/Quick_Start.bit -version 0X0000 -svf F:/Anlogic_MCU/Demo/FPGA/Quick_Start/Quick_Start.svf -svf_comment_on -128 F:/Anlogic_MCU/Demo/SDK/Quick_Start/Quick_Start.bin -g ucode:00000000000000000101010110010010 -f F:/Anlogic_MCU/Demo/FPGA/Quick_Start/Quick_Start.btc"
BIT-701 : Start to generate bitstream. 
BIT-701 : Init instances with 4 threads.
BIT-701 : Init instances completely, inst num: 24
BIT-701 : Init pips with 4 threads.
BIT-701 : Init pips completely, net num: 52, pip num: 255
BIT-701 : Multithreading accelaration with 4 threads.
BIT-701 : Generate bitstream completely, there are 87 valid insts, and 751 bits set as '1'.
BIT-701 : Generate bits file F:/Anlogic_MCU/Demo/FPGA/Quick_Start/Quick_Start.bit.
BIT-701 : Generate svf file F:/Anlogic_MCU/Demo/FPGA/Quick_Start/Quick_Start.svf.
CMD-004 : start command "download -svf F:\Anlogic_MCU\Demo\FPGA\Quick_Start\Quick_Start.svf -mode jtag -wait 20 -spd 6 -sec 64 -cable 0 -chip EF2L45B"
CMD-004 : start command "bit_to_vec -chip EF2L45B -m jtag -svf F:/Anlogic_MCU/Demo/FPGA/Quick_Start/Quick_Start.svf"
CMD-004 : start command "program -cable 0 -spd 6"
CMD-005 : finish command "program -cable 0 -spd 6" in  1.396810s wall, 0.062400s user + 0.000000s system = 0.062400s CPU (4.5%)

CMD-006 : used memory is 277 MB, reserved memory is 227 MB, peak memory is 351 MB
CMD-005 : finish command "download -svf F:\Anlogic_MCU\Demo\FPGA\Quick_Start\Quick_Start.svf -mode jtag -wait 20 -spd 6 -sec 64 -cable 0 -chip EF2L45B" in  1.552367s wall, 0.202801s user + 0.015600s system = 0.218401s CPU (14.1%)

CMD-006 : used memory is 277 MB, reserved memory is 227 MB, peak memory is 351 MB
GUI-001 : Download success!
RUN-003 ERROR: USB device open error, please re-connect the USB cable!
RUN-003 ERROR: USB device open error, please re-connect the USB cable!
CMD-004 : start command "download -svf F:\Anlogic_MCU\Demo\FPGA\Quick_Start\Quick_Start.svf -mode jtag -wait 20 -spd 6 -sec 64 -cable 0 -chip EF2L45B"
CMD-004 : start command "bit_to_vec -chip EF2L45B -m jtag -svf F:/Anlogic_MCU/Demo/FPGA/Quick_Start/Quick_Start.svf"
CMD-004 : start command "program -cable 0 -spd 6"
CMD-005 : finish command "program -cable 0 -spd 6" in  1.398933s wall, 0.078001s user + 0.000000s system = 0.078001s CPU (5.6%)

CMD-006 : used memory is 277 MB, reserved memory is 227 MB, peak memory is 351 MB
CMD-005 : finish command "download -svf F:\Anlogic_MCU\Demo\FPGA\Quick_Start\Quick_Start.svf -mode jtag -wait 20 -spd 6 -sec 64 -cable 0 -chip EF2L45B" in  1.526150s wall, 0.202801s user + 0.000000s system = 0.202801s CPU (13.3%)

CMD-006 : used memory is 277 MB, reserved memory is 227 MB, peak memory is 351 MB
GUI-001 : Download success!
