============================================================
   Tang Dynasty, V4.2.511
   Copyright:   Shanghai Anlogic Infotech Co., Ltd.
                2011 - 2021
   Executable = C:/Anlogic/TD4.2.511/bin/td.exe
   Built at =   13:05:02 Aug 20 2018
   Run by =     Administrator
   Run Date =   Thu Aug 23 11:39:04 2018

   Run on =     Y1YBFM96WTED81W
============================================================
CMD-004 : start command "import_device ef2_4.db -package EF2L45LG144B"
CMD-004 : start command "open_project Quick_Start.al"
VLG-002 : analyze verilog file F:/SVN_ELF2_SOC/trunk/Basic_Demo/BRAM_Demo/FPGA144/al_ip/sys_pll.v
VLG-002 : analyze verilog file F:/SVN_ELF2_SOC/trunk/Basic_Demo/BRAM_Demo/FPGA144/al_ip/AL_MCU.v
VLG-002 : analyze verilog file F:/SVN_ELF2_SOC/trunk/Basic_Demo/BRAM_Demo/FPGA144/src/quick_start.v
DAT-001 : Device setting, mark IO P119 as dedicated.
DAT-001 : Device setting, mark IO P130 as dedicated.
DAT-001 : Device setting, mark IO P131 as dedicated.
DAT-001 : Device setting, mark IO P136 as dedicated.
DAT-001 : Device setting, mark IO P137 as dedicated.
CMD-005 : finish command "import_device ef2_4.db -package EF2L45LG144B" in  1.242986s wall, 1.419609s user + 0.078001s system = 1.497610s CPU (120.5%)

CMD-006 : used memory is 108 MB, reserved memory is 83 MB, peak memory is 108 MB
CMD-004 : start command "import_db Quick_Start_pr.db"
RUN-001 : Importing design generated by Tang Dynasty, V4.1.612.
RUN-001 : Import IO constraints
RUN-001 : Import Inst constraints
RUN-001 : Import flow parameters
CMD-004 : start command "import_db F:/SVN_ELF2_SOC/trunk/Basic_Demo/BRAM_Demo/FPGA144/Quick_Start_pr.db"
RUN-001 : Importing design generated by Tang Dynasty, V4.1.612.
RUN-001 : Import IO constraints
RUN-001 : Import Inst constraints
RUN-001 : Import flow parameters
CMD-004 : start command "bitgen -bit Quick_Start.bit -version 0X00 -128 F:/Anlogic_MCU/Release_To_Custom/V20180707/Anlogic_MCU/Demo/SDK/Quick_Start/Quick_Start.bin -g ucode:00000000000000000000000000000000 -f Quick_Start.btc"
BIT-701 : Start to generate bitstream. 
BIT-701 : Init instances completely, inst num: 24
BIT-701 : Init pips completely, net num: 52, pip num: 255
BIT-701 : Generate bitstream completely, there are 88 valid insts, and 755 bits set as '1'.
USR-001 ERROR: Cannot open file F:/Anlogic_MCU/Release_To_Custom/V20180707/Anlogic_MCU/Demo/SDK/Quick_Start/Quick_Start.bin
CMD-004 : start command "import_db F:/SVN_ELF2_SOC/trunk/Basic_Demo/BRAM_Demo/FPGA144/Quick_Start_pr.db"
RUN-001 : Importing design generated by Tang Dynasty, V4.1.612.
RUN-001 : Import IO constraints
RUN-001 : Import Inst constraints
RUN-001 : Import flow parameters
CMD-004 : start command "bitgen -bit Quick_Start.bit -version 0X00 -128 F:/SVN_ELF2_SOC/trunk/Basic_Demo/BRAM_Demo/SDK144/Quick_Start.bin -g ucode:00000000000000000000000000000000 -f Quick_Start.btc"
BIT-701 : Start to generate bitstream. 
BIT-701 : Init instances completely, inst num: 24
BIT-701 : Init pips completely, net num: 52, pip num: 255
BIT-701 : Generate bitstream completely, there are 88 valid insts, and 755 bits set as '1'.
BIT-701 : Generate bits file Quick_Start.bit.
CMD-004 : start command "svfgen -scan_mode prog_sram -level 1 -bit Quick_Start.bit -svf Quick_Start.svf -opt no_comment -bypass 11111111"
RUN-001 : JTAGDaisyChain:: start to program through daisy chain for chip at level 1....
BIT-701 : Generate tde file Quick_Start.tde
RUN-001 : JTAGDaisyChain:: Generate Quick_Start.svf successfully.
CMD-005 : finish command "svfgen -scan_mode prog_sram -level 1 -bit Quick_Start.bit -svf Quick_Start.svf -opt no_comment -bypass 11111111" in  1.142045s wall, 1.138807s user + 0.000000s system = 1.138807s CPU (99.7%)

CMD-006 : used memory is 164 MB, reserved memory is 122 MB, peak memory is 166 MB
CMD-004 : start command "download -svf F:\SVN_ELF2_SOC\trunk\Basic_Demo\BRAM_Demo\FPGA144\Quick_Start.svf -mode jtag -wait 20 -spd 6 -sec 64 -cable 0 -chip EF2L45B"
CMD-004 : start command "bit_to_vec -chip EF2L45B -m jtag -svf F:/SVN_ELF2_SOC/trunk/Basic_Demo/BRAM_Demo/FPGA144/Quick_Start.svf"
CMD-004 : start command "program -cable 0 -spd 6"
CMD-005 : finish command "program -cable 0 -spd 6" in  1.363896s wall, 0.015600s user + 0.000000s system = 0.015600s CPU (1.1%)

CMD-006 : used memory is 224 MB, reserved memory is 180 MB, peak memory is 224 MB
CMD-005 : finish command "download -svf F:\SVN_ELF2_SOC\trunk\Basic_Demo\BRAM_Demo\FPGA144\Quick_Start.svf -mode jtag -wait 20 -spd 6 -sec 64 -cable 0 -chip EF2L45B" in  1.511446s wall, 0.156001s user + 0.000000s system = 0.156001s CPU (10.3%)

CMD-006 : used memory is 224 MB, reserved memory is 180 MB, peak memory is 224 MB
GUI-001 : Download success!
