============================================================
   Tang Dynasty, V4.2.511
   Copyright:   Shanghai Anlogic Infotech Co., Ltd.
                2011 - 2021
   Executable = C:/Anlogic/TD4.2.511/bin/td.exe
   Built at =   13:05:02 Aug 20 2018
   Run by =     Administrator
   Run Date =   Wed Aug 29 14:54:47 2018

   Run on =     Y1YBFM96WTED81W
============================================================
CMD-004 : start command "import_device ef2_4.db -package EF2M45LG48B"
CMD-004 : start command "open_project Quick_Start.al"
VLG-002 : analyze verilog file G:/ELF2_SOC_Shanghai/trunk/Demo/GPIO_Demo/TD/al_ip/sys_pll.v
VLG-002 : analyze verilog file G:/ELF2_SOC_Shanghai/trunk/Demo/GPIO_Demo/TD/al_ip/AL_MCU.v
VLG-002 : analyze verilog file G:/ELF2_SOC_Shanghai/trunk/Demo/GPIO_Demo/TD/src/quick_start.v
DAT-001 : Device setting, mark IO P11 as dedicated.
DAT-001 : Device setting, mark IO P12 as dedicated.
DAT-001 : Device setting, mark IO P13 as dedicated.
DAT-001 : Device setting, mark IO P14 as dedicated.
DAT-001 : Device setting, mark IO P4 as dedicated.
CMD-005 : finish command "import_device ef2_4.db -package EF2M45LG48B" in  1.217756s wall, 1.372809s user + 0.124801s system = 1.497610s CPU (123.0%)

CMD-006 : used memory is 111 MB, reserved memory is 83 MB, peak memory is 111 MB
CMD-004 : start command "import_db Quick_Start_pr.db"
RUN-001 : Importing design generated by Tang Dynasty, V4.1.984.
RUN-001 : Import IO constraints
RUN-001 : Import Inst constraints
RUN-001 : Import flow parameters
CMD-004 : start command "import_db G:/ELF2_SOC_Shanghai/trunk/Demo/GPIO_Demo/TD/Quick_Start_pr.db"
RUN-001 : Importing design generated by Tang Dynasty, V4.1.984.
RUN-001 : Import IO constraints
RUN-001 : Import Inst constraints
RUN-001 : Import flow parameters
CMD-004 : start command "bitgen -bit Quick_Start.bit -version 0X00 -128 G:/ELF2_SOC_Shanghai/trunk/Demo/GPIO_Demo/Keil/Quick_Start.bin -g ucode:00000000000000000000000000000000 -f Quick_Start.btc"
BIT-701 : Start to generate bitstream. 
BIT-701 : Init instances completely, inst num: 25
BIT-701 : Init pips completely, net num: 57, pip num: 312
BIT-701 : Generate bitstream completely, there are 132 valid insts, and 880 bits set as '1'.
BIT-701 : Generate bits file Quick_Start.bit.
CMD-004 : start command "import_db G:/ELF2_SOC_Shanghai/trunk/Demo/GPIO_Demo/TD/Quick_Start_pr.db"
RUN-001 : Importing design generated by Tang Dynasty, V4.1.984.
RUN-001 : Import IO constraints
RUN-001 : Import Inst constraints
RUN-001 : Import flow parameters
CMD-004 : start command "bitgen -bit Quick_Start.bit -version 0X00 -128 G:/ELF2_SOC_Shanghai/trunk/Demo/GPIO_Demo/Keil/Quick_Start.bin -g ucode:00000000000000000000000000000000 -f Quick_Start.btc"
BIT-701 : Start to generate bitstream. 
BIT-701 : Init instances completely, inst num: 25
BIT-701 : Init pips completely, net num: 57, pip num: 312
BIT-701 : Generate bitstream completely, there are 132 valid insts, and 880 bits set as '1'.
BIT-701 : Generate bits file Quick_Start.bit.
CMD-004 : start command "download -bit G:\ELF2_SOC_Shanghai\trunk\Demo\GPIO_Demo\TD\Quick_Start.bit -mode program_spi -v -wait 60 -spd 9 -sec 64 -cable 0"
RUN-001 : Chip validation success: EF2M45B
CMD-004 : start command "bit_to_vec -chip EF2M45B -m program_spi -bit G:/ELF2_SOC_Shanghai/trunk/Demo/GPIO_Demo/TD/Quick_Start.bit"
CMD-005 : finish command "bit_to_vec -chip EF2M45B -m program_spi -bit G:/ELF2_SOC_Shanghai/trunk/Demo/GPIO_Demo/TD/Quick_Start.bit" in  1.264591s wall, 1.248008s user + 0.046800s system = 1.294808s CPU (102.4%)

CMD-006 : used memory is 264 MB, reserved memory is 217 MB, peak memory is 267 MB
CMD-004 : start command "program_spief2 -cable 0 -spd 9"
CMD-005 : finish command "program_spief2 -cable 0 -spd 9" in  32.878927s wall, 0.858005s user + 0.124801s system = 0.982806s CPU (3.0%)

CMD-006 : used memory is 266 MB, reserved memory is 219 MB, peak memory is 268 MB
CMD-004 : start command "bit_to_vec -chip EF2M45B -m verify_spi -bit G:/ELF2_SOC_Shanghai/trunk/Demo/GPIO_Demo/TD/Quick_Start.bit"
CMD-004 : start command "program -cable 0 -spd 6"
CMD-005 : finish command "program -cable 0 -spd 6" in  1.365872s wall, 0.000000s user + 0.000000s system = 0.000000s CPU (n/a%)

CMD-006 : used memory is 210 MB, reserved memory is 163 MB, peak memory is 268 MB
CMD-004 : start command "program -cable 0 -spd 1"
CMD-005 : finish command "download -bit G:\ELF2_SOC_Shanghai\trunk\Demo\GPIO_Demo\TD\Quick_Start.bit -mode program_spi -v -wait 60 -spd 9 -sec 64 -cable 0" in  36.088545s wall, 2.355615s user + 0.218401s system = 2.574016s CPU (7.1%)

CMD-006 : used memory is 175 MB, reserved memory is 128 MB, peak memory is 268 MB
GUI-001 : Download success!
RUN-003 ERROR: USB device open error, please re-connect the USB cable!
RUN-003 ERROR: USB device open error, please re-connect the USB cable!
RUN-003 ERROR: USB device open error, please re-connect the USB cable!
RUN-003 ERROR: USB device open error, please re-connect the USB cable!
