============================================================
   Tang Dynasty, V4.2.285
   Copyright:   Shanghai Anlogic Infotech Co., Ltd.
                2011 - 2021
   Executable = C:/Anlogic/TD4.2.285/bin/td.exe
   Built at =   11:19:28 Jul 25 2018
   Run by =     Administrator
   Run Date =   Tue Aug 21 11:15:05 2018

   Run on =     Y1YBFM96WTED81W
============================================================
CMD-004 : start command "open_project Quick_Start.al"
VLG-002 : analyze verilog file F:/SVN_ELF2_SOC/trunk/Basic_Demo/GPIO_Demo/TD/al_ip/sys_pll.v
VLG-002 : analyze verilog file F:/SVN_ELF2_SOC/trunk/Basic_Demo/GPIO_Demo/TD/al_ip/AL_MCU.v
VLG-002 : analyze verilog file F:/SVN_ELF2_SOC/trunk/Basic_Demo/GPIO_Demo/TD/src/quick_start.v
CMD-004 : start command "import_device ef2_4.db -package EF2M45LG48B"
CMD-005 : finish command "import_device ef2_4.db -package EF2M45LG48B" in  1.129103s wall, 1.170008s user + 0.015600s system = 1.185608s CPU (105.0%)

CMD-006 : used memory is 134 MB, reserved memory is 95 MB, peak memory is 134 MB
CMD-004 : start command "import_db Quick_Start_pr.db"
RUN-001 : Importing design generated by Tang Dynasty, V4.2.285.
RUN-001 : Import IO constraints
RUN-001 : Import Inst constraints
RUN-001 : Import flow parameters
CMD-004 : start command "import_db F:/SVN_ELF2_SOC/trunk/Basic_Demo/GPIO_Demo/TD/Quick_Start_pr.db"
RUN-001 : Importing design generated by Tang Dynasty, V4.2.285.
RUN-001 : Import IO constraints
RUN-001 : Import Inst constraints
RUN-001 : Import flow parameters
CMD-004 : start command "bitgen -bit Quick_Start.bit -version 0X00 -svf Quick_Start.svf -svf_comment_on -128 F:/SVN_ELF2_SOC/trunk/Basic_Demo/GPIO_Demo/Keil/Quick_Start.bin -g ucode:00000000000000000000000000000000"
BIT-701 : Start to generate bitstream. 
BIT-701 : Init instances completely, inst num: 31
BIT-701 : Init pips completely, net num: 76, pip num: 475
BIT-701 : Generate bitstream completely, there are 140 valid insts, and 1198 bits set as '1'.
BIT-701 : Generate bits file Quick_Start.bit.
BIT-701 : Generate svf file Quick_Start_sram.svf.
BIT-701 : Generate tde file Quick_Start_sram.tde
BIT-701 : Generate tde file Quick_Start_spi_bk.tde
BIT-701 : Generate tde file Quick_Start_spi_norefresh_bk.tde
BIT-701 : Generate tde file Quick_Start_refresh.tde
BIT-701 : Generate tde file Quick_Start_erase_spi.tde
BIT-701 : Generate tde file Quick_Start_readstatus.tde
CMD-005 : finish command "bitgen -bit Quick_Start.bit -version 0X00 -svf Quick_Start.svf -svf_comment_on -128 F:/SVN_ELF2_SOC/trunk/Basic_Demo/GPIO_Demo/Keil/Quick_Start.bin -g ucode:00000000000000000000000000000000" in  2.629634s wall, 2.605217s user + 0.015600s system = 2.620817s CPU (99.7%)

CMD-006 : used memory is 149 MB, reserved memory is 110 MB, peak memory is 159 MB
CMD-004 : start command "download -svf F:\SVN_ELF2_SOC\trunk\Basic_Demo\GPIO_Demo\TD\Quick_Start_sram.svf -mode jtag -wait 20 -spd 6 -sec 64 -cable 0 -chip EF2M45B"
CMD-004 : start command "bit_to_vec -chip EF2M45B -m jtag -svf F:/SVN_ELF2_SOC/trunk/Basic_Demo/GPIO_Demo/TD/Quick_Start_sram.svf"
CMD-004 : start command "program -cable 0 -spd 6"
CMD-005 : finish command "program -cable 0 -spd 6" in  1.436828s wall, 0.062400s user + 0.000000s system = 0.062400s CPU (4.3%)

CMD-006 : used memory is 202 MB, reserved memory is 162 MB, peak memory is 202 MB
CMD-005 : finish command "download -svf F:\SVN_ELF2_SOC\trunk\Basic_Demo\GPIO_Demo\TD\Quick_Start_sram.svf -mode jtag -wait 20 -spd 6 -sec 64 -cable 0 -chip EF2M45B" in  1.552254s wall, 0.156001s user + 0.015600s system = 0.171601s CPU (11.1%)

CMD-006 : used memory is 202 MB, reserved memory is 162 MB, peak memory is 202 MB
GUI-001 : Download success!
RUN-003 ERROR: USB device open error, please re-connect the USB cable!
RUN-003 ERROR: USB device open error, please re-connect the USB cable!
