============================================================
   Tang Dynasty, V4.2.285
   Copyright:   Shanghai Anlogic Infotech Co., Ltd.
                2011 - 2021
   Executable = C:/Anlogic/TD4.2.285/bin/td.exe
   Built at =   11:19:28 Jul 25 2018
   Run by =     Administrator
   Run Date =   Tue Aug 21 14:02:17 2018

   Run on =     Y1YBFM96WTED81W
============================================================
CMD-004 : start command "import_device ef2_4.db -package EF2M45LG48B"
CMD-004 : start command "open_project Quick_Start.al"
VLG-002 : analyze verilog file F:/SVN_ELF2_SOC/trunk/Basic_Demo/GPIO_Demo/TD/al_ip/sys_pll.v
VLG-002 : analyze verilog file F:/SVN_ELF2_SOC/trunk/Basic_Demo/GPIO_Demo/TD/al_ip/AL_MCU.v
VLG-002 : analyze verilog file F:/SVN_ELF2_SOC/trunk/Basic_Demo/GPIO_Demo/TD/src/quick_start.v
CMD-005 : finish command "import_device ef2_4.db -package EF2M45LG48B" in  1.166592s wall, 1.294808s user + 0.078001s system = 1.372809s CPU (117.7%)

CMD-006 : used memory is 110 MB, reserved memory is 84 MB, peak memory is 110 MB
CMD-004 : start command "import_db Quick_Start_pr.db"
RUN-001 : Importing design generated by Tang Dynasty, V4.2.285.
RUN-001 : Import IO constraints
RUN-001 : Import Inst constraints
RUN-001 : Import flow parameters
CMD-004 : start command "download -svf F:\SVN_ELF2_SOC\trunk\Basic_Demo\GPIO_Demo\TD\Quick_Start_sram.svf -mode jtag -wait 20 -spd 6 -sec 64 -cable 0 -chip EF2M45B"
CMD-004 : start command "bit_to_vec -chip EF2M45B -m jtag -svf F:/SVN_ELF2_SOC/trunk/Basic_Demo/GPIO_Demo/TD/Quick_Start_sram.svf"
CMD-004 : start command "program -cable 0 -spd 6"
CMD-005 : finish command "program -cable 0 -spd 6" in  1.414256s wall, 0.140401s user + 0.015600s system = 0.156001s CPU (11.0%)

CMD-006 : used memory is 175 MB, reserved memory is 147 MB, peak memory is 175 MB
CMD-005 : finish command "download -svf F:\SVN_ELF2_SOC\trunk\Basic_Demo\GPIO_Demo\TD\Quick_Start_sram.svf -mode jtag -wait 20 -spd 6 -sec 64 -cable 0 -chip EF2M45B" in  1.534543s wall, 0.234002s user + 0.031200s system = 0.265202s CPU (17.3%)

CMD-006 : used memory is 175 MB, reserved memory is 147 MB, peak memory is 175 MB
GUI-001 : Download success!
