============================================================
   Tang Dynasty, V4.3.145
   Copyright:   Shanghai Anlogic Infotech Co., Ltd.
                2011 - 2021
   Executable = C:/Anlogic/TD4.3.145/bin/td.exe
   Built at =   15:06:42 Nov  1 2018
   Run by =     Administrator
   Run Date =   Mon Nov  5 10:32:21 2018

   Run on =     Y1YBFM96WTED81W
============================================================
RUN-1002 : start command "import_device ef2_4.db -package EF2M45LG48B"
RUN-1002 : start command "open_project Quick_Start.al"
HDL-1007 : analyze verilog file al_ip/sys_pll.v
HDL-1007 : analyze verilog file al_ip/AL_MCU.v
HDL-1007 : analyze verilog file src/quick_start.v
ARC-1001 : Device Initialization.
ARC-1001 : -----------------------------------------------------
ARC-1001 :       OPTION       |        IO         |   SETTING   
ARC-1001 : -----------------------------------------------------
ARC-1001 :      programn      |        P4         |  dedicated  
ARC-1001 :   tdi/tms/tck/tdo  |  P13/P11/P12/P14  |  dedicated  
ARC-1001 : -----------------------------------------------------
ARC-1004 : Device setting, marked 5 dedicate IOs in total.
RUN-1003 : finish command "import_device ef2_4.db -package EF2M45LG48B" in  1.247824s wall, 1.372809s user + 0.156001s system = 1.528810s CPU (122.5%)

RUN-1004 : used memory is 110 MB, reserved memory is 84 MB, peak memory is 110 MB
RUN-1002 : start command "import_db Quick_Start_pr.db"
RUN-1001 : Importing design generated by Tang Dynasty, V4.2.285.
RUN-1001 : Import IO constraints
RUN-1001 : Import Inst constraints
RUN-1001 : Import flow parameters
RUN-1002 : start command "download -bit G:\ELF2_SOC_Release\trunk\Demo\GPIO_Demo\TD\Quick_Start.bit -mode program_spi -v -wait 60 -spd 6 -sec 64 -cable 0"
PRG-2014 : Chip validation success: EF2M45B
RUN-1002 : start command "bit_to_vec -chip EF2M45B -m program_spi -bit G:/ELF2_SOC_Release/trunk/Demo/GPIO_Demo/TD/Quick_Start.bit"
RUN-1003 : finish command "bit_to_vec -chip EF2M45B -m program_spi -bit G:/ELF2_SOC_Release/trunk/Demo/GPIO_Demo/TD/Quick_Start.bit" in  1.293516s wall, 1.279208s user + 0.031200s system = 1.310408s CPU (101.3%)

RUN-1004 : used memory is 252 MB, reserved memory is 213 MB, peak memory is 255 MB
RUN-1002 : start command "program_spief2 -cable 0 -spd 6"
RUN-1003 : finish command "program_spief2 -cable 0 -spd 6" in  32.676900s wall, 1.045207s user + 0.078001s system = 1.123207s CPU (3.4%)

RUN-1004 : used memory is 254 MB, reserved memory is 215 MB, peak memory is 256 MB
RUN-1002 : start command "bit_to_vec -chip EF2M45B -m verify_spi -bit G:/ELF2_SOC_Release/trunk/Demo/GPIO_Demo/TD/Quick_Start.bit"
RUN-1002 : start command "program -cable 0 -spd 6"
RUN-1003 : finish command "program -cable 0 -spd 6" in  1.398665s wall, 0.093601s user + 0.000000s system = 0.093601s CPU (6.7%)

RUN-1004 : used memory is 199 MB, reserved memory is 159 MB, peak memory is 256 MB
RUN-1002 : start command "program -cable 0 -spd 1"
RUN-1003 : finish command "download -bit G:\ELF2_SOC_Release\trunk\Demo\GPIO_Demo\TD\Quick_Start.bit -mode program_spi -v -wait 60 -spd 6 -sec 64 -cable 0" in  35.962193s wall, 2.683217s user + 0.187201s system = 2.870418s CPU (8.0%)

RUN-1004 : used memory is 163 MB, reserved memory is 125 MB, peak memory is 256 MB
GUI-1001 : Download success!
PRG-9505 ERROR: USB device open error, please re-connect the USB cable!
PRG-9505 ERROR: USB device open error, please re-connect the USB cable!
PRG-9505 ERROR: USB device open error, please re-connect the USB cable!
PRG-9505 ERROR: USB device open error, please re-connect the USB cable!
PRG-9505 ERROR: USB device open error, please re-connect the USB cable!
PRG-9505 ERROR: USB device open error, please re-connect the USB cable!
PRG-9510 ERROR: Unknown cable_id 0!
PRG-9510 ERROR: Unknown cable_id 0!
PRG-9505 ERROR: USB device open error, please re-connect the USB cable!
PRG-9505 ERROR: USB device open error, please re-connect the USB cable!
PRG-9505 ERROR: USB device open error, please re-connect the USB cable!
PRG-9505 ERROR: USB device open error, please re-connect the USB cable!
PRG-9505 ERROR: USB device open error, please re-connect the USB cable!
PRG-9505 ERROR: USB device open error, please re-connect the USB cable!
PRG-9505 ERROR: USB device open error, please re-connect the USB cable!
PRG-9505 ERROR: USB device open error, please re-connect the USB cable!
PRG-9505 ERROR: USB device open error, please re-connect the USB cable!
PRG-9505 ERROR: USB device open error, please re-connect the USB cable!
PRG-9505 ERROR: USB device open error, please re-connect the USB cable!
PRG-9505 ERROR: USB device open error, please re-connect the USB cable!
PRG-9505 ERROR: USB device open error, please re-connect the USB cable!
PRG-9505 ERROR: USB device open error, please re-connect the USB cable!
