============================================================
   Tang Dynasty, V4.2.285
   Copyright:   Shanghai Anlogic Infotech Co., Ltd.
                2011 - 2021
   Executable = C:/Anlogic/TD4.2.285/bin/td.exe
   Built at =   11:19:28 Jul 25 2018
   Run by =     Administrator
   Run Date =   Tue Aug 21 10:18:32 2018

   Run on =     Y1YBFM96WTED81W
============================================================
CMD-004 : start command "import_device ef2_4.db -package EF2M45LG48B"
CMD-004 : start command "open_project Quick_Start.al"
VLG-002 : analyze verilog file F:/SVN_ELF2_SOC/trunk/Basic_Demo/GPIO_Demo/TD/al_ip/sys_pll.v
VLG-002 : analyze verilog file F:/SVN_ELF2_SOC/trunk/Basic_Demo/GPIO_Demo/TD/al_ip/AL_MCU.v
VLG-002 : analyze verilog file F:/SVN_ELF2_SOC/trunk/Basic_Demo/GPIO_Demo/TD/src/quick_start.v
CMD-005 : finish command "import_device ef2_4.db -package EF2M45LG48B" in  1.146709s wall, 1.263608s user + 0.109201s system = 1.372809s CPU (119.7%)

CMD-006 : used memory is 110 MB, reserved memory is 84 MB, peak memory is 110 MB
CMD-004 : start command "import_db Quick_Start_pr.db"
RUN-001 : Importing design generated by Tang Dynasty, V4.2.285.
RUN-001 : Import IO constraints
RUN-001 : Import Inst constraints
RUN-001 : Import flow parameters
CMD-004 : start command "download -svf F:\SVN_ELF2_SOC\trunk\Basic_Demo\GPIO_Demo\TD\Quick_Start_sram.svf -mode jtag -wait 20 -spd 6 -sec 64 -cable 0 -chip EF2M45B"
CMD-004 : start command "bit_to_vec -chip EF2M45B -m jtag -svf F:/SVN_ELF2_SOC/trunk/Basic_Demo/GPIO_Demo/TD/Quick_Start_sram.svf"
CMD-004 : start command "program -cable 0 -spd 6"
CMD-005 : finish command "program -cable 0 -spd 6" in  1.410815s wall, 0.187201s user + 0.031200s system = 0.218401s CPU (15.5%)

CMD-006 : used memory is 174 MB, reserved memory is 146 MB, peak memory is 174 MB
CMD-005 : finish command "download -svf F:\SVN_ELF2_SOC\trunk\Basic_Demo\GPIO_Demo\TD\Quick_Start_sram.svf -mode jtag -wait 20 -spd 6 -sec 64 -cable 0 -chip EF2M45B" in  1.609911s wall, 0.327602s user + 0.031200s system = 0.358802s CPU (22.3%)

CMD-006 : used memory is 174 MB, reserved memory is 146 MB, peak memory is 174 MB
GUI-001 : Download success!
CMD-004 : start command "download -bit F:\SVN_ELF2_SOC\trunk\Basic_Demo\GPIO_Demo\TD\Quick_Start.bit -mode program_spi -v -wait 60 -spd 9 -sec 64 -cable 0"
RUN-001 : Chip validation success: EF2M45B
CMD-004 : start command "bit_to_vec -chip EF2M45B -m program_spi -bit F:/SVN_ELF2_SOC/trunk/Basic_Demo/GPIO_Demo/TD/Quick_Start.bit"
CMD-005 : finish command "bit_to_vec -chip EF2M45B -m program_spi -bit F:/SVN_ELF2_SOC/trunk/Basic_Demo/GPIO_Demo/TD/Quick_Start.bit" in  1.263230s wall, 1.201208s user + 0.000000s system = 1.201208s CPU (95.1%)

CMD-006 : used memory is 244 MB, reserved memory is 207 MB, peak memory is 247 MB
CMD-004 : start command "program_spief2 -cable 0 -spd 9"
CMD-005 : finish command "program_spief2 -cable 0 -spd 9" in  32.733095s wall, 1.154407s user + 0.093601s system = 1.248008s CPU (3.8%)

CMD-006 : used memory is 246 MB, reserved memory is 208 MB, peak memory is 248 MB
CMD-004 : start command "bit_to_vec -chip EF2M45B -m verify_spi -bit F:/SVN_ELF2_SOC/trunk/Basic_Demo/GPIO_Demo/TD/Quick_Start.bit"
CMD-004 : start command "program -cable 0 -spd 6"
CMD-005 : finish command "program -cable 0 -spd 6" in  1.354224s wall, 0.046800s user + 0.000000s system = 0.046800s CPU (3.5%)

CMD-006 : used memory is 191 MB, reserved memory is 153 MB, peak memory is 248 MB
CMD-004 : start command "program -cable 0 -spd 1"
CMD-005 : finish command "download -bit F:\SVN_ELF2_SOC\trunk\Basic_Demo\GPIO_Demo\TD\Quick_Start.bit -mode program_spi -v -wait 60 -spd 9 -sec 64 -cable 0" in  35.962983s wall, 2.698817s user + 0.156001s system = 2.854818s CPU (7.9%)

CMD-006 : used memory is 156 MB, reserved memory is 118 MB, peak memory is 248 MB
GUI-001 : Download success!
RUN-003 ERROR: USB device open error, please re-connect the USB cable!
RUN-003 ERROR: USB device open error, please re-connect the USB cable!
RUN-003 ERROR: USB device open error, please re-connect the USB cable!
RUN-003 ERROR: USB device open error, please re-connect the USB cable!
CMD-004 : start command "download -svf F:\SVN_ELF2_SOC\trunk\Basic_Demo\GPIO_Demo\TD\Quick_Start_sram.svf -mode jtag -wait 20 -spd 6 -sec 64 -cable 0 -chip EF2M45B"
CMD-004 : start command "bit_to_vec -chip EF2M45B -m jtag -svf F:/SVN_ELF2_SOC/trunk/Basic_Demo/GPIO_Demo/TD/Quick_Start_sram.svf"
CMD-004 : start command "program -cable 0 -spd 6"
CMD-005 : finish command "program -cable 0 -spd 6" in  1.403769s wall, 0.078001s user + 0.000000s system = 0.078001s CPU (5.6%)

CMD-006 : used memory is 192 MB, reserved memory is 154 MB, peak memory is 248 MB
CMD-005 : finish command "download -svf F:\SVN_ELF2_SOC\trunk\Basic_Demo\GPIO_Demo\TD\Quick_Start_sram.svf -mode jtag -wait 20 -spd 6 -sec 64 -cable 0 -chip EF2M45B" in  1.522759s wall, 0.156001s user + 0.031200s system = 0.187201s CPU (12.3%)

CMD-006 : used memory is 192 MB, reserved memory is 154 MB, peak memory is 248 MB
GUI-001 : Download success!
CMD-004 : start command "bitgen -bit Quick_Start.bit -version 0X00 -svf Quick_Start.svf -svf_comment_on -128 F:/SVN_ELF2_SOC/trunk/Basic_Demo/GPIO_Demo/Keil/Quick_Start.bin -g ucode:00000000000000000000000000000000"
BIT-701 : Start to generate bitstream. 
BIT-701 : Init instances completely, inst num: 31
BIT-701 : Init pips completely, net num: 76, pip num: 475
BIT-701 : Generate bitstream completely, there are 140 valid insts, and 1198 bits set as '1'.
BIT-701 : Generate bits file Quick_Start.bit.
BIT-701 : Generate svf file Quick_Start_sram.svf.
BIT-701 : Generate tde file Quick_Start_sram.tde
BIT-701 : Generate tde file Quick_Start_spi_bk.tde
BIT-701 : Generate tde file Quick_Start_spi_norefresh_bk.tde
BIT-701 : Generate tde file Quick_Start_refresh.tde
BIT-701 : Generate tde file Quick_Start_erase_spi.tde
BIT-701 : Generate tde file Quick_Start_readstatus.tde
CMD-005 : finish command "bitgen -bit Quick_Start.bit -version 0X00 -svf Quick_Start.svf -svf_comment_on -128 F:/SVN_ELF2_SOC/trunk/Basic_Demo/GPIO_Demo/Keil/Quick_Start.bin -g ucode:00000000000000000000000000000000" in  2.663729s wall, 2.620817s user + 0.046800s system = 2.667617s CPU (100.1%)

CMD-006 : used memory is 203 MB, reserved memory is 163 MB, peak memory is 248 MB
CMD-004 : start command "download -svf F:\SVN_ELF2_SOC\trunk\Basic_Demo\GPIO_Demo\TD\Quick_Start_sram.svf -mode jtag -wait 20 -spd 6 -sec 64 -cable 0 -chip EF2M45B"
CMD-004 : start command "bit_to_vec -chip EF2M45B -m jtag -svf F:/SVN_ELF2_SOC/trunk/Basic_Demo/GPIO_Demo/TD/Quick_Start_sram.svf"
CMD-004 : start command "program -cable 0 -spd 6"
CMD-005 : finish command "program -cable 0 -spd 6" in  1.421410s wall, 0.062400s user + 0.015600s system = 0.078001s CPU (5.5%)

CMD-006 : used memory is 199 MB, reserved memory is 159 MB, peak memory is 248 MB
CMD-005 : finish command "download -svf F:\SVN_ELF2_SOC\trunk\Basic_Demo\GPIO_Demo\TD\Quick_Start_sram.svf -mode jtag -wait 20 -spd 6 -sec 64 -cable 0 -chip EF2M45B" in  1.563408s wall, 0.171601s user + 0.046800s system = 0.218401s CPU (14.0%)

CMD-006 : used memory is 199 MB, reserved memory is 159 MB, peak memory is 248 MB
GUI-001 : Download success!
CMD-004 : start command "import_db F:/SVN_ELF2_SOC/trunk/Basic_Demo/GPIO_Demo/TD/Quick_Start_pr.db"
RUN-001 : Importing design generated by Tang Dynasty, V4.2.285.
RUN-001 : Import IO constraints
RUN-001 : Import Inst constraints
RUN-001 : Import flow parameters
CMD-004 : start command "bitgen -bit Quick_Start.bit -version 0X00 -svf Quick_Start.svf -svf_comment_on -128 F:/SVN_ELF2_SOC/trunk/Basic_Demo/GPIO_Demo/Keil/Quick_Start.bin -g ucode:00000000000000000000000000000000"
BIT-701 : Start to generate bitstream. 
BIT-701 : Init instances completely, inst num: 31
BIT-701 : Init pips completely, net num: 76, pip num: 475
BIT-701 : Generate bitstream completely, there are 140 valid insts, and 1198 bits set as '1'.
BIT-701 : Generate bits file Quick_Start.bit.
BIT-701 : Generate svf file Quick_Start_sram.svf.
BIT-701 : Generate tde file Quick_Start_sram.tde
BIT-701 : Generate tde file Quick_Start_spi_bk.tde
BIT-701 : Generate tde file Quick_Start_spi_norefresh_bk.tde
BIT-701 : Generate tde file Quick_Start_refresh.tde
BIT-701 : Generate tde file Quick_Start_erase_spi.tde
BIT-701 : Generate tde file Quick_Start_readstatus.tde
CMD-005 : finish command "bitgen -bit Quick_Start.bit -version 0X00 -svf Quick_Start.svf -svf_comment_on -128 F:/SVN_ELF2_SOC/trunk/Basic_Demo/GPIO_Demo/Keil/Quick_Start.bin -g ucode:00000000000000000000000000000000" in  2.658842s wall, 2.667617s user + 0.000000s system = 2.667617s CPU (100.3%)

CMD-006 : used memory is 204 MB, reserved memory is 164 MB, peak memory is 248 MB
CMD-004 : start command "download -svf F:\SVN_ELF2_SOC\trunk\Basic_Demo\GPIO_Demo\TD\Quick_Start_sram.svf -mode jtag -wait 20 -spd 6 -sec 64 -cable 0 -chip EF2M45B"
CMD-004 : start command "bit_to_vec -chip EF2M45B -m jtag -svf F:/SVN_ELF2_SOC/trunk/Basic_Demo/GPIO_Demo/TD/Quick_Start_sram.svf"
CMD-004 : start command "program -cable 0 -spd 6"
CMD-005 : finish command "program -cable 0 -spd 6" in  1.419033s wall, 0.046800s user + 0.000000s system = 0.046800s CPU (3.3%)

CMD-006 : used memory is 201 MB, reserved memory is 160 MB, peak memory is 248 MB
CMD-005 : finish command "download -svf F:\SVN_ELF2_SOC\trunk\Basic_Demo\GPIO_Demo\TD\Quick_Start_sram.svf -mode jtag -wait 20 -spd 6 -sec 64 -cable 0 -chip EF2M45B" in  1.561075s wall, 0.171601s user + 0.015600s system = 0.187201s CPU (12.0%)

CMD-006 : used memory is 201 MB, reserved memory is 160 MB, peak memory is 248 MB
GUI-001 : Download success!
CMD-004 : start command "download -svf F:\SVN_ELF2_SOC\trunk\Basic_Demo\GPIO_Demo\TD\Quick_Start_sram.svf -mode jtag -wait 20 -spd 6 -sec 64 -cable 0 -chip EF2M45B"
CMD-004 : start command "bit_to_vec -chip EF2M45B -m jtag -svf F:/SVN_ELF2_SOC/trunk/Basic_Demo/GPIO_Demo/TD/Quick_Start_sram.svf"
CMD-004 : start command "program -cable 0 -spd 6"
CMD-005 : finish command "program -cable 0 -spd 6" in  1.418779s wall, 0.031200s user + 0.031200s system = 0.062400s CPU (4.4%)

CMD-006 : used memory is 199 MB, reserved memory is 158 MB, peak memory is 248 MB
CMD-005 : finish command "download -svf F:\SVN_ELF2_SOC\trunk\Basic_Demo\GPIO_Demo\TD\Quick_Start_sram.svf -mode jtag -wait 20 -spd 6 -sec 64 -cable 0 -chip EF2M45B" in  1.565399s wall, 0.156001s user + 0.046800s system = 0.202801s CPU (13.0%)

CMD-006 : used memory is 199 MB, reserved memory is 158 MB, peak memory is 248 MB
GUI-001 : Download success!
RUN-003 ERROR: USB device open error, please re-connect the USB cable!
RUN-003 ERROR: USB device open error, please re-connect the USB cable!
