============================================================
   Tang Dynasty, V4.2.285
   Copyright:   Shanghai Anlogic Infotech Co., Ltd.
                2011 - 2021
   Executable = C:/Anlogic/TD4.2.285/bin/td.exe
   Built at =   11:19:28 Jul 25 2018
   Run by =     Administrator
   Run Date =   Tue Aug 21 15:50:43 2018

   Run on =     Y1YBFM96WTED81W
============================================================
CMD-004 : start command "import_device ef2_4.db -package EF2M45LG48B"
CMD-004 : start command "open_project Quick_Start.al"
VLG-002 : analyze verilog file F:/SVN_ELF2_SOC/trunk/Basic_Demo/EXTI_Demo/TD/al_ip/sys_pll.v
VLG-002 : analyze verilog file F:/SVN_ELF2_SOC/trunk/Basic_Demo/EXTI_Demo/TD/al_ip/AL_MCU.v
VLG-002 : analyze verilog file F:/SVN_ELF2_SOC/trunk/Basic_Demo/EXTI_Demo/TD/src/quick_start.v
CMD-005 : finish command "import_device ef2_4.db -package EF2M45LG48B" in  1.183554s wall, 1.232408s user + 0.140401s system = 1.372809s CPU (116.0%)

CMD-006 : used memory is 110 MB, reserved memory is 84 MB, peak memory is 110 MB
CMD-004 : start command "import_db Quick_Start_pr.db"
RUN-001 : Importing design generated by Tang Dynasty, V4.2.217.
RUN-001 : Import IO constraints
RUN-001 : Import Inst constraints
RUN-001 : Import flow parameters
