============================================================
   Tang Dynasty, V4.2.169
   Copyright:   Shanghai Anlogic Infotech Co., Ltd.
                2011 - 2021
   Executable = D:/TD169/bin/td.exe
   Built at =   18:01:38 Jul 11 2018
   Run by =     Administrator
   Run Date =   Thu Jul 26 17:23:51 2018

   Run on =     USER-20180530KQ
============================================================
CMD-004 : start command "import_device ef2_4.db -package EF2L45LG144B"
CMD-004 : start command "open_project C:/Users/Administrator/Desktop/ELF2M45/Demo/newproject_1/TD/project/demo/demo.al"
VLG-002 : analyze verilog file C:/Users/Administrator/Desktop/ELF2M45/Demo/newproject_1/TD/project/demo/../../src/top.v
VLG-002 : analyze verilog file C:/Users/Administrator/Desktop/ELF2M45/Demo/newproject_1/TD/project/demo/al_ip/pll.v
VLG-002 : analyze verilog file C:/Users/Administrator/Desktop/ELF2M45/Demo/newproject_1/TD/project/demo/al_ip/mcu.v
CMD-005 : finish command "import_device ef2_4.db -package EF2L45LG144B" in  1.255986s wall, 1.341609s user + 0.156001s system = 1.497610s CPU (119.2%)

CMD-006 : used memory is 105 MB, reserved memory is 83 MB, peak memory is 105 MB
CMD-004 : start command "import_db C:/Users/Administrator/Desktop/ELF2M45/Demo/newproject_1/TD/project/demo/demo_pr.db"
RUN-001 : Importing design generated by Tang Dynasty, V4.2.169.
RUN-001 : Import timing constraints
RUN-001 : Import IO constraints
RUN-001 : Import Inst constraints
RUN-001 : Import flow parameters
CMD-004 : start command "download -svf C:\Users\Administrator\Desktop\ELF2M45\Demo\newproject_1\TD\project\demo\demo_sram.svf -mode jtag -wait 20 -spd 6 -sec 64 -cable 0 -chip EF2L45B"
CMD-004 : start command "bit_to_vec -chip EF2L45B -m jtag -svf C:/Users/Administrator/Desktop/ELF2M45/Demo/newproject_1/TD/project/demo/demo_sram.svf"
CMD-004 : start command "program -cable 0 -spd 6"
CMD-005 : finish command "program -cable 0 -spd 6" in  1.498048s wall, 0.171601s user + 0.062400s system = 0.234002s CPU (15.6%)

CMD-006 : used memory is 168 MB, reserved memory is 144 MB, peak memory is 168 MB
CMD-005 : finish command "download -svf C:\Users\Administrator\Desktop\ELF2M45\Demo\newproject_1\TD\project\demo\demo_sram.svf -mode jtag -wait 20 -spd 6 -sec 64 -cable 0 -chip EF2L45B" in  1.692946s wall, 0.358802s user + 0.062400s system = 0.421203s CPU (24.9%)

CMD-006 : used memory is 168 MB, reserved memory is 144 MB, peak memory is 168 MB
GUI-001 : Download success!
