============================================================
   Tang Dynasty, V4.2.169
   Copyright:   Shanghai Anlogic Infotech Co., Ltd.
                2011 - 2021
   Executable = D:/TD169/bin/td.exe
   Built at =   18:01:38 Jul 11 2018
   Run by =     Administrator
   Run Date =   Wed Aug  1 13:54:50 2018

   Run on =     USER-20180530KQ
============================================================
CMD-004 : start command "import_device ef2_4.db -package EF2M45LG64B -basic"
CMD-004 : start command "read_verilog -file C:/Users/Administrator/Desktop/ELF2M45/Demo/newproject_1/TD/project/demo/al_ip/mcu.v"
VLG-002 : analyze verilog file C:/Users/Administrator/Desktop/ELF2M45/Demo/newproject_1/TD/project/demo/al_ip/mcu.v
VLG-939 WARNING: port ppm_clk remains unconnected for this instance in C:/Users/Administrator/Desktop/ELF2M45/Demo/newproject_1/TD/project/demo/al_ip/mcu.v(45)
VLG-004 : elaborate module mcu in C:/Users/Administrator/Desktop/ELF2M45/Demo/newproject_1/TD/project/demo/al_ip/mcu.v(14)
VLG-004 : elaborate module EF2_PHY_MCU(GPIO_L0="ENABLE",GPIO_L1="ENABLE") in D:/TD169/arch/ef2_macro.v(741)
VIN-1013 WARNING: input port ppm_clk is not connected on this instance in C:/Users/Administrator/Desktop/ELF2M45/Demo/newproject_1/TD/project/demo/al_ip/mcu.v(45)
RTL-100 : Current top model is mcu
RAM-300 : Inferred 0 RAMs.
CMD-004 : start command "optimize_rtl"
RUN-001 : Open license file D:/TD169/license/Anlogic.lic
SNT-300 : SanityCheck: Model "mcu"
FLT-300 : Flatten model mcu
OPT-300 : Optimize round 1
RTL-100 : 13/0 useful/useless nets, 2/0 useful/useless insts
MUX-301 : Optimized 0 mux instances.
OPT-301 : Optimize round 1, 0 better
CMD-004 : start command "map_macro -nopad"
GAT-100 : Processed 0 LOGIC_BUF instances.
RTL-100 : Optimize round 1
RTL-100 : 13/1 useful/useless nets, 3/1 useful/useless insts
RTL-100 : Optimize round 1, 0 better
RTL-100 : 13/1 useful/useless nets, 3/1 useful/useless insts
CMD-004 : start command "write_verilog C:/Users/Administrator/Desktop/ELF2M45/Demo/newproject_1/TD/project/demo/al_ip/mcu_sim.v"
RTL-100 : write out verilog file C:/Users/Administrator/Desktop/ELF2M45/Demo/newproject_1/TD/project/demo/al_ip/mcu_sim.v
