============================================================
   Tang Dynasty, V4.2.285
   Copyright:   Shanghai Anlogic Infotech Co., Ltd.
                2011 - 2021
   Executable = C:/Anlogic/TD4.2.285/bin/td.exe
   Built at =   11:19:28 Jul 25 2018
   Run by =     Administrator
   Run Date =   Wed Sep  5 16:02:17 2018

   Run on =     Y1YBFM96WTED81W
============================================================
CMD-004 : start command "import_device ef2_4.db -package EF2M45LG48B"
CMD-004 : start command "open_project Quick_Start.al"
VLG-002 : analyze verilog file G:/ELF2_SOC_Shanghai/trunk/Demo/SPIM_Demo/TD/al_ip/sys_pll.v
VLG-002 : analyze verilog file G:/ELF2_SOC_Shanghai/trunk/Demo/SPIM_Demo/TD/al_ip/AL_MCU.v
VLG-002 : analyze verilog file G:/ELF2_SOC_Shanghai/trunk/Demo/SPIM_Demo/TD/src/quick_start.v
CMD-005 : finish command "import_device ef2_4.db -package EF2M45LG48B" in  1.252817s wall, 1.326008s user + 0.124801s system = 1.450809s CPU (115.8%)

CMD-006 : used memory is 111 MB, reserved memory is 84 MB, peak memory is 111 MB
CMD-004 : start command "import_db Quick_Start_pr.db"
RUN-001 : Importing design generated by Tang Dynasty, V4.2.285.
RUN-001 : Import IO constraints
RUN-001 : Import Inst constraints
RUN-001 : Import flow parameters
CMD-004 : start command "download -svf G:\ELF2_SOC_Shanghai\trunk\Demo\SPIM_Demo\TD\Quick_Start_sram.svf -mode jtag -wait 20 -spd 6 -sec 64 -cable 0 -chip EF2M45B"
CMD-004 : start command "bit_to_vec -chip EF2M45B -m jtag -svf G:/ELF2_SOC_Shanghai/trunk/Demo/SPIM_Demo/TD/Quick_Start_sram.svf"
CMD-004 : start command "program -cable 0 -spd 6"
CMD-005 : finish command "program -cable 0 -spd 6" in  1.442049s wall, 0.062400s user + 0.000000s system = 0.062400s CPU (4.3%)

CMD-006 : used memory is 195 MB, reserved memory is 155 MB, peak memory is 195 MB
CMD-005 : finish command "download -svf G:\ELF2_SOC_Shanghai\trunk\Demo\SPIM_Demo\TD\Quick_Start_sram.svf -mode jtag -wait 20 -spd 6 -sec 64 -cable 0 -chip EF2M45B" in  1.566052s wall, 0.187201s user + 0.015600s system = 0.202801s CPU (12.9%)

CMD-006 : used memory is 195 MB, reserved memory is 155 MB, peak memory is 195 MB
GUI-001 : Download success!
RUN-003 ERROR: USB device open error, please re-connect the USB cable!
RUN-003 ERROR: USB device open error, please re-connect the USB cable!
CMD-004 : start command "download -svf G:\ELF2_SOC_Shanghai\trunk\Demo\SPIM_Demo\TD\Quick_Start_sram.svf -mode jtag -wait 20 -spd 6 -sec 64 -cable 0 -chip EF2M45B"
CMD-004 : start command "bit_to_vec -chip EF2M45B -m jtag -svf G:/ELF2_SOC_Shanghai/trunk/Demo/SPIM_Demo/TD/Quick_Start_sram.svf"
CMD-004 : start command "program -cable 0 -spd 6"
CMD-005 : finish command "program -cable 0 -spd 6" in  1.401218s wall, 0.093601s user + 0.015600s system = 0.109201s CPU (7.8%)

CMD-006 : used memory is 196 MB, reserved memory is 155 MB, peak memory is 196 MB
CMD-005 : finish command "download -svf G:\ELF2_SOC_Shanghai\trunk\Demo\SPIM_Demo\TD\Quick_Start_sram.svf -mode jtag -wait 20 -spd 6 -sec 64 -cable 0 -chip EF2M45B" in  1.525032s wall, 0.187201s user + 0.046800s system = 0.234002s CPU (15.3%)

CMD-006 : used memory is 196 MB, reserved memory is 155 MB, peak memory is 196 MB
GUI-001 : Download success!
