============================================================
   Tang Dynasty, V4.2.659
   Copyright:   Shanghai Anlogic Infotech Co., Ltd.
                2011 - 2021
   Executable = C:/Anlogic/TD4.2.659/bin/td.exe
   Built at =   14:23:49 Aug 31 2018
   Run by =     Administrator
   Run Date =   Wed Sep  5 11:37:59 2018

   Run on =     Y1YBFM96WTED81W
============================================================
RUN-1002 : start command "import_device ef2_4.db -package EF2M45LG48B"
RUN-1002 : start command "open_project Quick_Start.al"
ARC-1003 : Device setting, mark IO P11 as dedicated.
ARC-1003 : Device setting, mark IO P12 as dedicated.
ARC-1003 : Device setting, mark IO P13 as dedicated.
ARC-1003 : Device setting, mark IO P14 as dedicated.
ARC-1003 : Device setting, mark IO P4 as dedicated.
VLG-002 : analyze verilog file G:/ELF2_SOC_Shanghai/trunk/Demo/CLOCK_Demo/TD/al_ip/sys_pll.v
VLG-002 : analyze verilog file G:/ELF2_SOC_Shanghai/trunk/Demo/CLOCK_Demo/TD/al_ip/AL_MCU.v
VLG-002 : analyze verilog file G:/ELF2_SOC_Shanghai/trunk/Demo/CLOCK_Demo/TD/src/quick_start.v
RUN-1003 : finish command "import_device ef2_4.db -package EF2M45LG48B" in  1.302933s wall, 1.326008s user + 0.062400s system = 1.388409s CPU (106.6%)

RUN-1004 : used memory is 108 MB, reserved memory is 83 MB, peak memory is 108 MB
