============================================================
   Tang Dynasty, V4.2.169
   Copyright:   Shanghai Anlogic Infotech Co., Ltd.
                2011 - 2021
   Executable = D:/TD169/bin/td.exe
   Built at =   18:01:38 Jul 11 2018
   Run by =     Administrator
   Run Date =   Wed Aug  1 15:37:22 2018

   Run on =     USER-20180530KQ
============================================================
CMD-004 : start command "import_device ef2_4.db -package EF2L45LG144B"
CMD-004 : start command "open_project E:/ELF2_SOC/trunk/Basic_Demo/TIMER_Demo/TD/project/demo/demo.al"
VLG-002 : analyze verilog file E:/ELF2_SOC/trunk/Basic_Demo/TIMER_Demo/TD/project/demo/../../src/top.v
VLG-002 : analyze verilog file E:/ELF2_SOC/trunk/Basic_Demo/TIMER_Demo/TD/project/demo/al_ip/pll.v
VLG-002 : analyze verilog file E:/ELF2_SOC/trunk/Basic_Demo/TIMER_Demo/TD/project/demo/al_ip/mcu.v
CMD-005 : finish command "import_device ef2_4.db -package EF2L45LG144B" in  1.248919s wall, 1.372809s user + 0.156001s system = 1.528810s CPU (122.4%)

CMD-006 : used memory is 105 MB, reserved memory is 82 MB, peak memory is 105 MB
CMD-004 : start command "import_db E:/ELF2_SOC/trunk/Basic_Demo/TIMER_Demo/TD/project/demo/demo_pr.db"
RUN-001 : Importing design generated by Tang Dynasty, V4.2.169.
RUN-001 : Import timing constraints
RUN-001 : Import IO constraints
RUN-001 : Import Inst constraints
RUN-001 : Import flow parameters
CMD-004 : start command "download -bit C:\Users\Administrator\Desktop\ELF2M45\Demo\newproject_1\TD\project\demo\demo.bit -mode jtag -wait 20 -spd 6 -sec 64 -cable 0"
RUN-001 : Chip validation success: EF2L45B
CMD-004 : start command "bit_to_vec -chip EF2L45B -m jtag -bit C:/Users/Administrator/Desktop/ELF2M45/Demo/newproject_1/TD/project/demo/demo.bit"
RUN-001 : BIT2VEC::JtagBitstream: completed! line_num = 810, frame_num = 765
CMD-004 : start command "program -cable 0 -spd 6"
CMD-005 : finish command "program -cable 0 -spd 6" in  1.425498s wall, 0.062400s user + 0.015600s system = 0.078001s CPU (5.5%)

CMD-006 : used memory is 167 MB, reserved memory is 142 MB, peak memory is 167 MB
CMD-005 : finish command "download -bit C:\Users\Administrator\Desktop\ELF2M45\Demo\newproject_1\TD\project\demo\demo.bit -mode jtag -wait 20 -spd 6 -sec 64 -cable 0" in  2.622137s wall, 0.577204s user + 0.124801s system = 0.702005s CPU (26.8%)

CMD-006 : used memory is 134 MB, reserved memory is 110 MB, peak memory is 167 MB
GUI-001 : Download success!
CMD-004 : start command "download -bit E:\ELF2_SOC\trunk\Basic_Demo\TIMER_Demo\TD\project\demo\demo.bit -mode jtag -wait 20 -spd 6 -sec 64 -cable 0"
RUN-001 : Chip validation success: EF2L45B
CMD-004 : start command "bit_to_vec -chip EF2L45B -m jtag -bit E:/ELF2_SOC/trunk/Basic_Demo/TIMER_Demo/TD/project/demo/demo.bit"
RUN-001 : BIT2VEC::JtagBitstream: completed! line_num = 810, frame_num = 765
CMD-004 : start command "program -cable 0 -spd 6"
CMD-005 : finish command "program -cable 0 -spd 6" in  1.411922s wall, 0.156001s user + 0.031200s system = 0.187201s CPU (13.3%)

CMD-006 : used memory is 185 MB, reserved memory is 151 MB, peak memory is 185 MB
CMD-005 : finish command "download -bit E:\ELF2_SOC\trunk\Basic_Demo\TIMER_Demo\TD\project\demo\demo.bit -mode jtag -wait 20 -spd 6 -sec 64 -cable 0" in  2.601801s wall, 0.686404s user + 0.093601s system = 0.780005s CPU (30.0%)

CMD-006 : used memory is 151 MB, reserved memory is 116 MB, peak memory is 185 MB
GUI-001 : Download success!
CMD-004 : start command "download -bit E:\ELF2_SOC\trunk\Basic_Demo\TIMER_Demo\TD\project\demo\demo.bit -mode jtag -wait 20 -spd 6 -sec 64 -cable 0"
RUN-001 : Chip validation success: EF2L45B
CMD-004 : start command "bit_to_vec -chip EF2L45B -m jtag -bit E:/ELF2_SOC/trunk/Basic_Demo/TIMER_Demo/TD/project/demo/demo.bit"
RUN-001 : BIT2VEC::JtagBitstream: completed! line_num = 810, frame_num = 765
CMD-004 : start command "program -cable 0 -spd 6"
CMD-005 : finish command "program -cable 0 -spd 6" in  1.437442s wall, 0.093601s user + 0.031200s system = 0.124801s CPU (8.7%)

CMD-006 : used memory is 185 MB, reserved memory is 151 MB, peak memory is 185 MB
CMD-005 : finish command "download -bit E:\ELF2_SOC\trunk\Basic_Demo\TIMER_Demo\TD\project\demo\demo.bit -mode jtag -wait 20 -spd 6 -sec 64 -cable 0" in  2.688686s wall, 0.670804s user + 0.078001s system = 0.748805s CPU (27.9%)

CMD-006 : used memory is 151 MB, reserved memory is 117 MB, peak memory is 185 MB
GUI-001 : Download success!
