============================================================
   Tang Dynasty, V4.2.511
   Copyright:   Shanghai Anlogic Infotech Co., Ltd.
                2011 - 2021
   Executable = C:/Anlogic/TD4.2.511/bin/td.exe
   Built at =   13:05:02 Aug 20 2018
   Run by =     Administrator
   Run Date =   Thu Aug 23 11:42:22 2018

   Run on =     Y1YBFM96WTED81W
============================================================
CMD-004 : start command "import_device ef2_4.db -package EF2L45LG144B"
CMD-004 : start command "open_project Quick_Start.al"
VLG-002 : analyze verilog file F:/SVN_ELF2_SOC/trunk/Basic_Demo/BRAM_Demo/FPGA144/al_ip/sys_pll.v
VLG-002 : analyze verilog file F:/SVN_ELF2_SOC/trunk/Basic_Demo/BRAM_Demo/FPGA144/al_ip/AL_MCU.v
VLG-002 : analyze verilog file F:/SVN_ELF2_SOC/trunk/Basic_Demo/BRAM_Demo/FPGA144/src/quick_start.v
DAT-001 : Device setting, mark IO P119 as dedicated.
DAT-001 : Device setting, mark IO P130 as dedicated.
DAT-001 : Device setting, mark IO P131 as dedicated.
DAT-001 : Device setting, mark IO P136 as dedicated.
DAT-001 : Device setting, mark IO P137 as dedicated.
CMD-005 : finish command "import_device ef2_4.db -package EF2L45LG144B" in  1.231446s wall, 1.294808s user + 0.171601s system = 1.466409s CPU (119.1%)

CMD-006 : used memory is 111 MB, reserved memory is 84 MB, peak memory is 111 MB
CMD-004 : start command "import_db Quick_Start_pr.db"
RUN-001 : Importing design generated by Tang Dynasty, V4.1.612.
RUN-001 : Import IO constraints
RUN-001 : Import Inst constraints
RUN-001 : Import flow parameters
CMD-004 : start command "import_db F:/SVN_ELF2_SOC/trunk/Basic_Demo/BRAM_Demo/FPGA144/Quick_Start_pr.db"
RUN-001 : Importing design generated by Tang Dynasty, V4.1.612.
RUN-001 : Import IO constraints
RUN-001 : Import Inst constraints
RUN-001 : Import flow parameters
CMD-004 : start command "bitgen -bit Quick_Start.bit -version 0X00 -128 F:/SVN_ELF2_SOC/trunk/Basic_Demo/BRAM_Demo/SDK144/Quick_Start.bin -g ucode:00000000000000000000000000000000 -f Quick_Start.btc"
BIT-701 : Start to generate bitstream. 
BIT-701 : Init instances completely, inst num: 24
BIT-701 : Init pips completely, net num: 52, pip num: 255
BIT-701 : Generate bitstream completely, there are 88 valid insts, and 755 bits set as '1'.
BIT-701 : Generate bits file Quick_Start.bit.
CMD-004 : start command "svfgen -scan_mode prog_sram -level 1 -bit Quick_Start.bit -svf Quick_Start.svf -opt no_comment -bypass 11111111"
RUN-001 : JTAGDaisyChain:: start to program through daisy chain for chip at level 1....
BIT-701 : Generate tde file Quick_Start.tde
RUN-001 : JTAGDaisyChain:: Generate Quick_Start.svf successfully.
CMD-005 : finish command "svfgen -scan_mode prog_sram -level 1 -bit Quick_Start.bit -svf Quick_Start.svf -opt no_comment -bypass 11111111" in  1.146133s wall, 1.138807s user + 0.015600s system = 1.154407s CPU (100.7%)

CMD-006 : used memory is 156 MB, reserved memory is 114 MB, peak memory is 157 MB
CMD-004 : start command "download -svf F:\SVN_ELF2_SOC\trunk\Basic_Demo\BRAM_Demo\FPGA144\Quick_Start.svf -mode jtag -wait 20 -spd 6 -sec 64 -cable 0 -chip EF2L45B"
CMD-004 : start command "bit_to_vec -chip EF2L45B -m jtag -svf F:/SVN_ELF2_SOC/trunk/Basic_Demo/BRAM_Demo/FPGA144/Quick_Start.svf"
CMD-004 : start command "program -cable 0 -spd 6"
CMD-005 : finish command "program -cable 0 -spd 6" in  1.358683s wall, 0.078001s user + 0.015600s system = 0.093601s CPU (6.9%)

CMD-006 : used memory is 214 MB, reserved memory is 172 MB, peak memory is 214 MB
CMD-005 : finish command "download -svf F:\SVN_ELF2_SOC\trunk\Basic_Demo\BRAM_Demo\FPGA144\Quick_Start.svf -mode jtag -wait 20 -spd 6 -sec 64 -cable 0 -chip EF2L45B" in  1.506287s wall, 0.202801s user + 0.031200s system = 0.234002s CPU (15.5%)

CMD-006 : used memory is 214 MB, reserved memory is 172 MB, peak memory is 214 MB
GUI-001 : Download success!
CMD-004 : start command "download -svf F:\SVN_ELF2_SOC\trunk\Basic_Demo\BRAM_Demo\FPGA144\Quick_Start.svf -mode jtag -wait 20 -spd 6 -sec 64 -cable 0 -chip EF2L45B"
CMD-004 : start command "bit_to_vec -chip EF2L45B -m jtag -svf F:/SVN_ELF2_SOC/trunk/Basic_Demo/BRAM_Demo/FPGA144/Quick_Start.svf"
CMD-004 : start command "program -cable 0 -spd 6"
CMD-005 : finish command "program -cable 0 -spd 6" in  1.377258s wall, 0.062400s user + 0.031200s system = 0.093601s CPU (6.8%)

CMD-006 : used memory is 214 MB, reserved memory is 173 MB, peak memory is 215 MB
CMD-005 : finish command "download -svf F:\SVN_ELF2_SOC\trunk\Basic_Demo\BRAM_Demo\FPGA144\Quick_Start.svf -mode jtag -wait 20 -spd 6 -sec 64 -cable 0 -chip EF2L45B" in  1.551345s wall, 0.234002s user + 0.031200s system = 0.265202s CPU (17.1%)

CMD-006 : used memory is 214 MB, reserved memory is 173 MB, peak memory is 215 MB
GUI-001 : Download success!
RUN-003 ERROR: USB device open error, please re-connect the USB cable!
RUN-003 ERROR: USB device open error, please re-connect the USB cable!
CMD-004 : start command "download -spd 1 -mode erase_spi"
RUN-001 : Chip validation success: EF2L45B
CMD-004 : start command "program -cable 0 -spd 1"
CMD-004 : start command "set_print_message_level warning"
CMD-004 : start command "set_print_message_level note"
RUN-001 : Erase flash successfully.
CMD-005 : finish command "download -spd 1 -mode erase_spi" in  1.443738s wall, 1.029607s user + 0.000000s system = 1.029607s CPU (71.3%)

CMD-006 : used memory is 180 MB, reserved memory is 139 MB, peak memory is 215 MB
GUI-001 : Erase flash success!
CMD-004 : start command "download -svf F:\SVN_ELF2_SOC\trunk\Basic_Demo\BRAM_Demo\FPGA144\Quick_Start.svf -mode jtag -wait 20 -spd 6 -sec 64 -cable 0 -chip EF2L45B"
CMD-004 : start command "bit_to_vec -chip EF2L45B -m jtag -svf F:/SVN_ELF2_SOC/trunk/Basic_Demo/BRAM_Demo/FPGA144/Quick_Start.svf"
CMD-004 : start command "program -cable 0 -spd 6"
CMD-005 : finish command "program -cable 0 -spd 6" in  1.360968s wall, 0.093601s user + 0.000000s system = 0.093601s CPU (6.9%)

CMD-006 : used memory is 215 MB, reserved memory is 173 MB, peak memory is 215 MB
CMD-005 : finish command "download -svf F:\SVN_ELF2_SOC\trunk\Basic_Demo\BRAM_Demo\FPGA144\Quick_Start.svf -mode jtag -wait 20 -spd 6 -sec 64 -cable 0 -chip EF2L45B" in  1.506005s wall, 0.265202s user + 0.000000s system = 0.265202s CPU (17.6%)

CMD-006 : used memory is 215 MB, reserved memory is 173 MB, peak memory is 215 MB
GUI-001 : Download success!
CMD-004 : start command "download -bit F:\SVN_ELF2_SOC\trunk\Basic_Demo\BRAM_Demo\FPGA144\Quick_Start.bit -mode program_spi -v -wait 60 -spd 6 -sec 64 -cable 0"
RUN-001 : Chip validation success: EF2L45B
CMD-004 : start command "bit_to_vec -chip EF2L45B -m program_spi -bit F:/SVN_ELF2_SOC/trunk/Basic_Demo/BRAM_Demo/FPGA144/Quick_Start.bit"
CMD-005 : finish command "bit_to_vec -chip EF2L45B -m program_spi -bit F:/SVN_ELF2_SOC/trunk/Basic_Demo/BRAM_Demo/FPGA144/Quick_Start.bit" in  1.259218s wall, 1.216808s user + 0.031200s system = 1.248008s CPU (99.1%)

CMD-006 : used memory is 272 MB, reserved memory is 230 MB, peak memory is 275 MB
CMD-004 : start command "program_spief2 -cable 0 -spd 6"
CMD-005 : finish command "program_spief2 -cable 0 -spd 6" in  32.583178s wall, 0.904806s user + 0.062400s system = 0.967206s CPU (3.0%)

CMD-006 : used memory is 274 MB, reserved memory is 231 MB, peak memory is 276 MB
CMD-004 : start command "bit_to_vec -chip EF2L45B -m verify_spi -bit F:/SVN_ELF2_SOC/trunk/Basic_Demo/BRAM_Demo/FPGA144/Quick_Start.bit"
CMD-004 : start command "program -cable 0 -spd 6"
CMD-005 : finish command "program -cable 0 -spd 6" in  1.363373s wall, 0.156001s user + 0.031200s system = 0.187201s CPU (13.7%)

CMD-006 : used memory is 217 MB, reserved memory is 175 MB, peak memory is 276 MB
CMD-004 : start command "program -cable 0 -spd 1"
CMD-005 : finish command "download -bit F:\SVN_ELF2_SOC\trunk\Basic_Demo\BRAM_Demo\FPGA144\Quick_Start.bit -mode program_spi -v -wait 60 -spd 6 -sec 64 -cable 0" in  35.805269s wall, 2.558416s user + 0.171601s system = 2.730018s CPU (7.6%)

CMD-006 : used memory is 183 MB, reserved memory is 141 MB, peak memory is 276 MB
GUI-001 : Download success!
RUN-003 ERROR: USB device open error, please re-connect the USB cable!
RUN-003 ERROR: USB device open error, please re-connect the USB cable!
CMD-004 : start command "download -spd 1 -mode erase_spi"
RUN-001 : Chip validation success: EF2L45B
CMD-004 : start command "program -cable 0 -spd 1"
CMD-004 : start command "set_print_message_level warning"
CMD-004 : start command "set_print_message_level note"
RUN-001 : Erase flash successfully.
CMD-005 : finish command "download -spd 1 -mode erase_spi" in  1.442611s wall, 0.998406s user + 0.000000s system = 0.998406s CPU (69.2%)

CMD-006 : used memory is 182 MB, reserved memory is 140 MB, peak memory is 276 MB
GUI-001 : Erase flash success!
RUN-003 ERROR: USB device open error, please re-connect the USB cable!
RUN-003 ERROR: USB device open error, please re-connect the USB cable!
CMD-004 : start command "download -svf F:\SVN_ELF2_SOC\trunk\Basic_Demo\BRAM_Demo\FPGA144\Quick_Start.svf -mode jtag -wait 20 -spd 6 -sec 64 -cable 0 -chip EF2L45B"
CMD-004 : start command "bit_to_vec -chip EF2L45B -m jtag -svf F:/SVN_ELF2_SOC/trunk/Basic_Demo/BRAM_Demo/FPGA144/Quick_Start.svf"
CMD-004 : start command "program -cable 0 -spd 6"
CMD-005 : finish command "program -cable 0 -spd 6" in  1.360071s wall, 0.062400s user + 0.000000s system = 0.062400s CPU (4.6%)

CMD-006 : used memory is 216 MB, reserved memory is 174 MB, peak memory is 276 MB
CMD-005 : finish command "download -svf F:\SVN_ELF2_SOC\trunk\Basic_Demo\BRAM_Demo\FPGA144\Quick_Start.svf -mode jtag -wait 20 -spd 6 -sec 64 -cable 0 -chip EF2L45B" in  1.507388s wall, 0.218401s user + 0.000000s system = 0.218401s CPU (14.5%)

CMD-006 : used memory is 216 MB, reserved memory is 174 MB, peak memory is 276 MB
GUI-001 : Download success!
CMD-004 : start command "download -svf F:\SVN_ELF2_SOC\trunk\Basic_Demo\BRAM_Demo\FPGA144\Quick_Start.svf -mode jtag -wait 20 -spd 6 -sec 64 -cable 0 -chip EF2L45B"
CMD-004 : start command "bit_to_vec -chip EF2L45B -m jtag -svf F:/SVN_ELF2_SOC/trunk/Basic_Demo/BRAM_Demo/FPGA144/Quick_Start.svf"
CMD-004 : start command "program -cable 0 -spd 6"
CMD-005 : finish command "program -cable 0 -spd 6" in  1.372760s wall, 0.124801s user + 0.000000s system = 0.124801s CPU (9.1%)

CMD-006 : used memory is 216 MB, reserved memory is 173 MB, peak memory is 276 MB
CMD-005 : finish command "download -svf F:\SVN_ELF2_SOC\trunk\Basic_Demo\BRAM_Demo\FPGA144\Quick_Start.svf -mode jtag -wait 20 -spd 6 -sec 64 -cable 0 -chip EF2L45B" in  1.548829s wall, 0.280802s user + 0.015600s system = 0.296402s CPU (19.1%)

CMD-006 : used memory is 216 MB, reserved memory is 173 MB, peak memory is 276 MB
GUI-001 : Download success!
