============================================================
   Tang Dynasty, V4.2.285
   Copyright:   Shanghai Anlogic Infotech Co., Ltd.
                2011 - 2021
   Executable = C:/Anlogic/TD4.2.285/bin/td.exe
   Built at =   11:19:28 Jul 25 2018
   Run by =     Administrator
   Run Date =   Thu Aug 23 13:38:39 2018

   Run on =     Y1YBFM96WTED81W
============================================================
CMD-004 : start command "open_project Quick_Start.al"
VLG-002 : analyze verilog file F:/SVN_ELF2_SOC/trunk/Basic_Demo/BRAM_Demo/FPGA144/al_ip/sys_pll.v
VLG-002 : analyze verilog file F:/SVN_ELF2_SOC/trunk/Basic_Demo/BRAM_Demo/FPGA144/al_ip/AL_MCU.v
VLG-002 : analyze verilog file F:/SVN_ELF2_SOC/trunk/Basic_Demo/BRAM_Demo/FPGA144/src/quick_start.v
CMD-004 : start command "import_device ef2_4.db -package EF2L45LG144B"
CMD-005 : finish command "import_device ef2_4.db -package EF2L45LG144B" in  1.230665s wall, 1.216808s user + 0.046800s system = 1.263608s CPU (102.7%)

CMD-006 : used memory is 137 MB, reserved memory is 93 MB, peak memory is 137 MB
CMD-004 : start command "import_db Quick_Start_pr.db"
RUN-001 : Importing design generated by Tang Dynasty, V4.1.612.
RUN-001 : Import IO constraints
RUN-001 : Import Inst constraints
RUN-001 : Import flow parameters
CMD-004 : start command "import_db F:/SVN_ELF2_SOC/trunk/Basic_Demo/BRAM_Demo/FPGA144/Quick_Start_pr.db"
RUN-001 : Importing design generated by Tang Dynasty, V4.1.612.
RUN-001 : Import IO constraints
RUN-001 : Import Inst constraints
RUN-001 : Import flow parameters
CMD-004 : start command "bitgen -bit Quick_Start.bit -version 0X00 -128 F:/SVN_ELF2_SOC/trunk/Basic_Demo/BRAM_Demo/SDK144/Quick_Start.bin -g ucode:00000000000000000000000000000000 -f Quick_Start.btc"
BIT-701 : Start to generate bitstream. 
BIT-701 : Init instances completely, inst num: 24
BIT-701 : Init pips completely, net num: 52, pip num: 255
BIT-701 : Generate bitstream completely, there are 88 valid insts, and 755 bits set as '1'.
BIT-701 : Generate bits file Quick_Start.bit.
CMD-004 : start command "import_db F:/SVN_ELF2_SOC/trunk/Basic_Demo/BRAM_Demo/FPGA144/Quick_Start_pr.db"
RUN-001 : Importing design generated by Tang Dynasty, V4.1.612.
RUN-001 : Import IO constraints
RUN-001 : Import Inst constraints
RUN-001 : Import flow parameters
CMD-004 : start command "bitgen -bit Quick_Start.bit -version 0X00 -svf Quick_Start.svf -svf_comment_on -128 F:/SVN_ELF2_SOC/trunk/Basic_Demo/BRAM_Demo/SDK144/Quick_Start.bin -g ucode:00000000000000000000000000000000 -f Quick_Start.btc"
BIT-701 : Start to generate bitstream. 
BIT-701 : Init instances completely, inst num: 24
BIT-701 : Init pips completely, net num: 52, pip num: 255
BIT-701 : Generate bitstream completely, there are 88 valid insts, and 755 bits set as '1'.
BIT-701 : Generate bits file Quick_Start.bit.
BIT-701 : Generate svf file Quick_Start_sram.svf.
BIT-701 : Generate tde file Quick_Start_sram.tde
BIT-701 : Generate tde file Quick_Start_spi_bk.tde
BIT-701 : Generate tde file Quick_Start_spi_norefresh_bk.tde
BIT-701 : Generate tde file Quick_Start_refresh.tde
BIT-701 : Generate tde file Quick_Start_erase_spi.tde
BIT-701 : Generate tde file Quick_Start_readstatus.tde
CMD-005 : finish command "bitgen -bit Quick_Start.bit -version 0X00 -svf Quick_Start.svf -svf_comment_on -128 F:/SVN_ELF2_SOC/trunk/Basic_Demo/BRAM_Demo/SDK144/Quick_Start.bin -g ucode:00000000000000000000000000000000 -f Quick_Start.btc" in  2.650100s wall, 2.589617s user + 0.093601s system = 2.683217s CPU (101.2%)

CMD-006 : used memory is 158 MB, reserved memory is 112 MB, peak memory is 167 MB
CMD-004 : start command "download -svf F:\SVN_ELF2_SOC\trunk\Basic_Demo\BRAM_Demo\FPGA144\Quick_Start_sram.svf -mode jtag -wait 20 -spd 6 -sec 64 -cable 0 -chip EF2L45B"
CMD-004 : start command "bit_to_vec -chip EF2L45B -m jtag -svf F:/SVN_ELF2_SOC/trunk/Basic_Demo/BRAM_Demo/FPGA144/Quick_Start_sram.svf"
CMD-004 : start command "program -cable 0 -spd 6"
CMD-005 : finish command "program -cable 0 -spd 6" in  1.410406s wall, 0.046800s user + 0.015600s system = 0.062400s CPU (4.4%)

CMD-006 : used memory is 212 MB, reserved memory is 165 MB, peak memory is 212 MB
CMD-005 : finish command "download -svf F:\SVN_ELF2_SOC\trunk\Basic_Demo\BRAM_Demo\FPGA144\Quick_Start_sram.svf -mode jtag -wait 20 -spd 6 -sec 64 -cable 0 -chip EF2L45B" in  1.533889s wall, 0.171601s user + 0.031200s system = 0.202801s CPU (13.2%)

CMD-006 : used memory is 212 MB, reserved memory is 165 MB, peak memory is 212 MB
GUI-001 : Download success!
CMD-004 : start command "import_db F:/SVN_ELF2_SOC/trunk/Basic_Demo/BRAM_Demo/FPGA144/Quick_Start_pr.db"
RUN-001 : Importing design generated by Tang Dynasty, V4.1.612.
RUN-001 : Import IO constraints
RUN-001 : Import Inst constraints
RUN-001 : Import flow parameters
CMD-004 : start command "bitgen -bit Quick_Start.bit -version 0X00 -svf Quick_Start.svf -svf_comment_on -128 F:/SVN_ELF2_SOC/trunk/Basic_Demo/BRAM_Demo/SDK144/Quick_Start.bin -g ucode:00000000000000000000000000000000 -f Quick_Start.btc"
BIT-701 : Start to generate bitstream. 
BIT-701 : Init instances completely, inst num: 24
BIT-701 : Init pips completely, net num: 52, pip num: 255
BIT-701 : Generate bitstream completely, there are 88 valid insts, and 755 bits set as '1'.
BIT-701 : Generate bits file Quick_Start.bit.
BIT-701 : Generate svf file Quick_Start_sram.svf.
BIT-701 : Generate tde file Quick_Start_sram.tde
BIT-701 : Generate tde file Quick_Start_spi_bk.tde
BIT-701 : Generate tde file Quick_Start_spi_norefresh_bk.tde
BIT-701 : Generate tde file Quick_Start_refresh.tde
BIT-701 : Generate tde file Quick_Start_erase_spi.tde
BIT-701 : Generate tde file Quick_Start_readstatus.tde
CMD-005 : finish command "bitgen -bit Quick_Start.bit -version 0X00 -svf Quick_Start.svf -svf_comment_on -128 F:/SVN_ELF2_SOC/trunk/Basic_Demo/BRAM_Demo/SDK144/Quick_Start.bin -g ucode:00000000000000000000000000000000 -f Quick_Start.btc" in  2.693163s wall, 2.698817s user + 0.046800s system = 2.745618s CPU (101.9%)

CMD-006 : used memory is 200 MB, reserved memory is 153 MB, peak memory is 212 MB
RUN-003 ERROR: USB device open error, please re-connect the USB cable!
RUN-003 ERROR: USB device open error, please re-connect the USB cable!
CMD-004 : start command "download -svf F:\SVN_ELF2_SOC\trunk\Basic_Demo\BRAM_Demo\FPGA144\Quick_Start_sram.svf -mode jtag -wait 20 -spd 6 -sec 64 -cable 0 -chip EF2L45B"
CMD-004 : start command "bit_to_vec -chip EF2L45B -m jtag -svf F:/SVN_ELF2_SOC/trunk/Basic_Demo/BRAM_Demo/FPGA144/Quick_Start_sram.svf"
CMD-004 : start command "program -cable 0 -spd 6"
CMD-005 : finish command "program -cable 0 -spd 6" in  1.427179s wall, 0.124801s user + 0.000000s system = 0.124801s CPU (8.7%)

CMD-006 : used memory is 212 MB, reserved memory is 165 MB, peak memory is 214 MB
CMD-005 : finish command "download -svf F:\SVN_ELF2_SOC\trunk\Basic_Demo\BRAM_Demo\FPGA144\Quick_Start_sram.svf -mode jtag -wait 20 -spd 6 -sec 64 -cable 0 -chip EF2L45B" in  1.551179s wall, 0.234002s user + 0.015600s system = 0.249602s CPU (16.1%)

CMD-006 : used memory is 212 MB, reserved memory is 165 MB, peak memory is 214 MB
GUI-001 : Download success!
