============================================================
   Tang Dynasty, V4.1.389
   Copyright:   Shanghai Anlogic Infotech Co., Ltd.
                2011 - 2021
   Executable = C:/Anlogic/TD4.1.389/bin/td.exe
   Built at =   12:28:42 Mar  8 2018
   Run by =     Administrator
   Run Date =   Fri May  4 15:49:39 2018

   Run on =     Y1YBFM96WTED81W
============================================================
CMD-004 : start command "import_device ef2_4.db -package EF2M45LG64B -basic"
CMD-004 : start command "read_verilog -file F:/Anlogic_MCU/Demo/FPGA/Quick_Start/al_ip/AL_MCU.v"
VLG-002 : analyze verilog file F:/Anlogic_MCU/Demo/FPGA/Quick_Start/al_ip/AL_MCU.v
VLG-939 WARNING: port i2s_mst_clk remains unconnected for this instance in F:/Anlogic_MCU/Demo/FPGA/Quick_Start/al_ip/AL_MCU.v(31)
VLG-004 : elaborate module AL_MCU in F:/Anlogic_MCU/Demo/FPGA/Quick_Start/al_ip/AL_MCU.v(14)
VLG-004 : elaborate module EF2_PHY_MCU(GPIO_L0="ENABLE",GPIO_L1="ENABLE",GPIO_L7="ENABLE") in C:/Anlogic/TD4.1.389/arch/ef2_macro.v(756)
VIN-1013 WARNING: input port i2s_mst_clk is not connected on this instance in F:/Anlogic_MCU/Demo/FPGA/Quick_Start/al_ip/AL_MCU.v(31)
RTL-100 : Current top model is AL_MCU
RAM-300 : Inferred 0 RAMs.
CMD-004 : start command "optimize_rtl"
RUN-001 : Open license file C:/Anlogic/TD4.1.389/license/Anlogic.lic
SNT-300 : SanityCheck: Model "AL_MCU"
FLT-300 : Flatten model AL_MCU
OPT-300 : Optimize round 1
RTL-100 : 5/0 useful/useless nets, 2/0 useful/useless insts
MUX-301 : Optimized 0 mux instances.
OPT-301 : Optimize round 1, 0 better
CMD-004 : start command "map_macro -nopad"
GAT-100 : Processed 0 LOGIC_BUF instances.
RTL-100 : Optimize round 1
RTL-100 : 5/1 useful/useless nets, 3/1 useful/useless insts
RTL-100 : Optimize round 1, 0 better
RTL-100 : 5/1 useful/useless nets, 3/1 useful/useless insts
CMD-004 : start command "write_verilog F:/Anlogic_MCU/Demo/FPGA/Quick_Start/al_ip/AL_MCU_sim.v"
RTL-100 : write out verilog file F:/Anlogic_MCU/Demo/FPGA/Quick_Start/al_ip/AL_MCU_sim.v
