============================================================
   Tang Dynasty, V4.2.217
   Copyright:   Shanghai Anlogic Infotech Co., Ltd.
                2011 - 2021
   Executable = C:/Anlogic/TD4.2.217/bin/td.exe
   Built at =   10:05:48 Jul 16 2018
   Run by =     Administrator
   Run Date =   Wed Aug  8 14:16:24 2018

   Run on =     Y1YBFM96WTED81W
============================================================
CMD-004 : start command "import_device ef2_4.db -package EF2M45LG48B"
CMD-004 : start command "open_project F:/SVN_ELF2_SOC/trunk/Basic_Demo/UART_Demo/TD/Quick_Start.al"
VLG-002 : analyze verilog file F:/SVN_ELF2_SOC/trunk/Basic_Demo/UART_Demo/TD/al_ip/sys_pll.v
VLG-002 : analyze verilog file F:/SVN_ELF2_SOC/trunk/Basic_Demo/UART_Demo/TD/al_ip/AL_MCU.v
VLG-002 : analyze verilog file F:/SVN_ELF2_SOC/trunk/Basic_Demo/UART_Demo/TD/src/quick_start.v
CMD-005 : finish command "import_device ef2_4.db -package EF2M45LG48B" in  1.298358s wall, 1.450809s user + 0.140401s system = 1.591210s CPU (122.6%)

CMD-006 : used memory is 111 MB, reserved memory is 83 MB, peak memory is 111 MB
CMD-004 : start command "download -bit F:\SVN_ELF2_SOC\trunk\Basic_Demo\UART_Demo\TD\Quick_Start.bit -mode program_spi -v -wait 60 -spd 6 -sec 64 -cable 0"
RUN-001 : Chip validation success: EF2M45B
CMD-004 : start command "bit_to_vec -chip EF2M45B -m program_spi -bit F:/SVN_ELF2_SOC/trunk/Basic_Demo/UART_Demo/TD/Quick_Start.bit"
CMD-005 : finish command "bit_to_vec -chip EF2M45B -m program_spi -bit F:/SVN_ELF2_SOC/trunk/Basic_Demo/UART_Demo/TD/Quick_Start.bit" in  1.330917s wall, 1.310408s user + 0.000000s system = 1.310408s CPU (98.5%)

CMD-006 : used memory is 242 MB, reserved memory is 201 MB, peak memory is 244 MB
CMD-004 : start command "program_spief2 -cable 0 -spd 6"
CMD-005 : finish command "program_spief2 -cable 0 -spd 6" in  33.130584s wall, 0.733205s user + 0.171601s system = 0.904806s CPU (2.7%)

CMD-006 : used memory is 243 MB, reserved memory is 203 MB, peak memory is 245 MB
CMD-004 : start command "bit_to_vec -chip EF2M45B -m verify_spi -bit F:/SVN_ELF2_SOC/trunk/Basic_Demo/UART_Demo/TD/Quick_Start.bit"
CMD-004 : start command "program -cable 0 -spd 6"
CMD-005 : finish command "program -cable 0 -spd 6" in  1.354095s wall, 0.078001s user + 0.015600s system = 0.093601s CPU (6.9%)

CMD-006 : used memory is 188 MB, reserved memory is 147 MB, peak memory is 245 MB
CMD-004 : start command "program -cable 0 -spd 1"
CMD-005 : finish command "download -bit F:\SVN_ELF2_SOC\trunk\Basic_Demo\UART_Demo\TD\Quick_Start.bit -mode program_spi -v -wait 60 -spd 6 -sec 64 -cable 0" in  36.408235s wall, 2.355615s user + 0.296402s system = 2.652017s CPU (7.3%)

CMD-006 : used memory is 153 MB, reserved memory is 113 MB, peak memory is 245 MB
GUI-001 : Download success!
