============================================================
   Tang Dynasty, V4.2.285
   Copyright:   Shanghai Anlogic Infotech Co., Ltd.
                2011 - 2021
   Executable = C:/Anlogic/TD4.2.285/bin/td.exe
   Built at =   11:19:28 Jul 25 2018
   Run by =     Administrator
   Run Date =   Wed Sep  5 13:55:02 2018

   Run on =     Y1YBFM96WTED81W
============================================================
CMD-004 : start command "import_device ef2_4.db -package EF2M45LG48B"
CMD-004 : start command "open_project demo.al"
VLG-002 : analyze verilog file G:/ELF2_SOC_Shanghai/trunk/Demo/RESET_Demo/TD/project/demo/../../src/top.v
VLG-002 : analyze verilog file G:/ELF2_SOC_Shanghai/trunk/Demo/RESET_Demo/TD/project/demo/al_ip/mcu.v
VLG-002 : analyze verilog file G:/ELF2_SOC_Shanghai/trunk/Demo/RESET_Demo/TD/project/demo/al_ip/pll.v
CMD-005 : finish command "import_device ef2_4.db -package EF2M45LG48B" in  1.205905s wall, 1.310408s user + 0.093601s system = 1.404009s CPU (116.4%)

CMD-006 : used memory is 111 MB, reserved memory is 84 MB, peak memory is 111 MB
CMD-004 : start command "import_db demo_pr.db"
RUN-001 : Importing design generated by Tang Dynasty, V4.2.285.
RUN-001 : Import timing constraints
RUN-001 : Import IO constraints
RUN-001 : Import Inst constraints
RUN-001 : Import flow parameters
