============================================================
   Tang Dynasty, V4.2.169
   Copyright:   Shanghai Anlogic Infotech Co., Ltd.
                2011 - 2021
   Executable = D:/TD169/bin/td.exe
   Built at =   18:01:38 Jul 11 2018
   Run by =     Administrator
   Run Date =   Thu Jul 26 15:21:14 2018

   Run on =     USER-20180530KQ
============================================================
CMD-004 : start command "import_device ef2_4.db -package EF2L45LG144B"
CMD-004 : start command "open_project C:/Users/Administrator/Desktop/ELF2M45/Demo/newproject_1/TD/project/demo/demo.al"
VLG-002 : analyze verilog file C:/Users/Administrator/Desktop/ELF2M45/Demo/newproject_1/TD/project/demo/../../src/top.v
VLG-002 : analyze verilog file C:/Users/Administrator/Desktop/ELF2M45/Demo/newproject_1/TD/project/demo/al_ip/pll.v
VLG-002 : analyze verilog file C:/Users/Administrator/Desktop/ELF2M45/Demo/newproject_1/TD/project/demo/al_ip/mcu.v
CMD-005 : finish command "import_device ef2_4.db -package EF2L45LG144B" in  1.215844s wall, 1.357209s user + 0.187201s system = 1.544410s CPU (127.0%)

CMD-006 : used memory is 105 MB, reserved memory is 82 MB, peak memory is 105 MB
CMD-004 : start command "import_db C:/Users/Administrator/Desktop/ELF2M45/Demo/newproject_1/TD/project/demo/demo_pr.db"
RUN-001 : Importing design generated by Tang Dynasty, V4.1.670.
RUN-001 : Import timing constraints
RUN-001 : Import IO constraints
RUN-001 : Import Inst constraints
RUN-001 : Import flow parameters
CMD-004 : start command "download -bit C:\Users\Administrator\Desktop\ELF2M45\Demo\newproject_1\TD\project\demo\demo.bit -mode jtag -wait 20 -spd 6 -sec 64 -cable 0"
RUN-001 : Chip validation success: EF2L45B
CMD-004 : start command "bit_to_vec -chip EF2L45B -m jtag -bit C:/Users/Administrator/Desktop/ELF2M45/Demo/newproject_1/TD/project/demo/demo.bit"
RUN-001 : BIT2VEC::JtagBitstream: completed! line_num = 809, frame_num = 765
CMD-004 : start command "program -cable 0 -spd 6"
CMD-005 : finish command "program -cable 0 -spd 6" in  1.452949s wall, 0.031200s user + 0.000000s system = 0.031200s CPU (2.1%)

CMD-006 : used memory is 184 MB, reserved memory is 151 MB, peak memory is 184 MB
CMD-005 : finish command "download -bit C:\Users\Administrator\Desktop\ELF2M45\Demo\newproject_1\TD\project\demo\demo.bit -mode jtag -wait 20 -spd 6 -sec 64 -cable 0" in  2.668178s wall, 0.592804s user + 0.062400s system = 0.655204s CPU (24.6%)

CMD-006 : used memory is 150 MB, reserved memory is 117 MB, peak memory is 184 MB
GUI-001 : Download success!
CMD-004 : start command "download -bit C:\Users\Administrator\Desktop\ELF2M45\Demo\test_uart_4\TD\project\demo\demo.bit -mode jtag -wait 20 -spd 6 -sec 64 -cable 0"
RUN-001 : Chip validation success: EF2L45B
CMD-004 : start command "bit_to_vec -chip EF2L45B -m jtag -bit C:/Users/Administrator/Desktop/ELF2M45/Demo/test_uart_4/TD/project/demo/demo.bit"
RUN-001 : BIT2VEC::JtagBitstream: completed! line_num = 810, frame_num = 765
CMD-004 : start command "program -cable 0 -spd 6"
CMD-005 : finish command "program -cable 0 -spd 6" in  1.435409s wall, 0.093601s user + 0.078001s system = 0.171601s CPU (12.0%)

CMD-006 : used memory is 187 MB, reserved memory is 152 MB, peak memory is 187 MB
CMD-005 : finish command "download -bit C:\Users\Administrator\Desktop\ELF2M45\Demo\test_uart_4\TD\project\demo\demo.bit -mode jtag -wait 20 -spd 6 -sec 64 -cable 0" in  2.645105s wall, 0.655204s user + 0.140401s system = 0.795605s CPU (30.1%)

CMD-006 : used memory is 152 MB, reserved memory is 117 MB, peak memory is 187 MB
GUI-001 : Download success!
