============================================================
   Tang Dynasty, V4.2.217
   Copyright:   Shanghai Anlogic Infotech Co., Ltd.
                2011 - 2021
   Executable = D:/TD4.2.217/bin/td.exe
   Built at =   10:05:48 Jul 16 2018
   Run by =     Administrator
   Run Date =   Thu Aug  2 20:16:01 2018

   Run on =     USER-20180530KQ
============================================================
CMD-004 : start command "import_device ef2_4.db -package EF2L45LG144B"
CMD-004 : start command "open_project E:/ELF2_SOC/trunk/Basic_Demo/RESET_Demo/TD/project/demo/demo.al"
VLG-002 : analyze verilog file E:/ELF2_SOC/trunk/Basic_Demo/RESET_Demo/TD/project/demo/../../src/top.v
VLG-002 : analyze verilog file E:/ELF2_SOC/trunk/Basic_Demo/RESET_Demo/TD/project/demo/al_ip/pll.v
VLG-002 : analyze verilog file E:/ELF2_SOC/trunk/Basic_Demo/RESET_Demo/TD/project/demo/al_ip/mcu.v
CMD-005 : finish command "import_device ef2_4.db -package EF2L45LG144B" in  1.247615s wall, 1.326008s user + 0.234002s system = 1.560010s CPU (125.0%)

CMD-006 : used memory is 109 MB, reserved memory is 84 MB, peak memory is 109 MB
CMD-004 : start command "import_db E:/ELF2_SOC/trunk/Basic_Demo/RESET_Demo/TD/project/demo/demo_pr.db"
RUN-001 : Importing design generated by Tang Dynasty, V4.2.217.
RUN-001 : Import timing constraints
RUN-001 : Import IO constraints
RUN-001 : Import Inst constraints
RUN-001 : Import flow parameters
RUN-003 ERROR: USB device open error, please re-connect the USB cable!
RUN-003 ERROR: USB device open error, please re-connect the USB cable!
RUN-003 ERROR: USB device open error, please re-connect the USB cable!
RUN-003 ERROR: USB device open error, please re-connect the USB cable!
CMD-004 : start command "program -spd 6 -cable 0"
CMD-004 : start command "program -spd 6 -cable 0"
CMD-004 : start command "download -bit E:\ELF2_SOC\trunk\Basic_Demo\RESET_Demo\TD\project\demo\demo.bit -mode jtag -wait 20 -spd 6 -sec 64 -cable 0"
RUN-001 : Chip validation success: EF2L45B
CMD-004 : start command "bit_to_vec -chip EF2L45B -m jtag -bit E:/ELF2_SOC/trunk/Basic_Demo/RESET_Demo/TD/project/demo/demo.bit"
RUN-001 : BIT2VEC::JtagBitstream: completed! line_num = 810, frame_num = 765
CMD-004 : start command "program -cable 0 -spd 6"
CMD-005 : finish command "program -cable 0 -spd 6" in  1.419734s wall, 0.202801s user + 0.031200s system = 0.234002s CPU (16.5%)

CMD-006 : used memory is 198 MB, reserved memory is 158 MB, peak memory is 198 MB
CMD-005 : finish command "download -bit E:\ELF2_SOC\trunk\Basic_Demo\RESET_Demo\TD\project\demo\demo.bit -mode jtag -wait 20 -spd 6 -sec 64 -cable 0" in  2.617099s wall, 0.780005s user + 0.062400s system = 0.842405s CPU (32.2%)

CMD-006 : used memory is 165 MB, reserved memory is 125 MB, peak memory is 198 MB
GUI-001 : Download success!
CMD-004 : start command "download -svf E:\ELF2_SOC\trunk\Basic_Demo\RESET_Demo\TD\project\demo\demo_sram.svf -mode jtag -wait 20 -spd 6 -sec 64 -cable 0 -chip EF2L45B"
CMD-004 : start command "bit_to_vec -chip EF2L45B -m jtag -svf E:/ELF2_SOC/trunk/Basic_Demo/RESET_Demo/TD/project/demo/demo_sram.svf"
CMD-004 : start command "program -cable 0 -spd 6"
CMD-005 : finish command "program -cable 0 -spd 6" in  1.468405s wall, 0.093601s user + 0.046800s system = 0.140401s CPU (9.6%)

CMD-006 : used memory is 200 MB, reserved memory is 159 MB, peak memory is 200 MB
CMD-005 : finish command "download -svf E:\ELF2_SOC\trunk\Basic_Demo\RESET_Demo\TD\project\demo\demo_sram.svf -mode jtag -wait 20 -spd 6 -sec 64 -cable 0 -chip EF2L45B" in  1.662438s wall, 0.249602s user + 0.093601s system = 0.343202s CPU (20.6%)

CMD-006 : used memory is 200 MB, reserved memory is 159 MB, peak memory is 200 MB
GUI-001 : Download success!
CMD-004 : start command "download -svf E:\ELF2_SOC\trunk\Basic_Demo\RESET_Demo\TD\project\demo\demo_spi_bk.svf -mode jtag -wait 20 -spd 6 -sec 64 -cable 0 -chip EF2L45B"
CMD-004 : start command "bit_to_vec -chip EF2L45B -m jtag -svf E:/ELF2_SOC/trunk/Basic_Demo/RESET_Demo/TD/project/demo/demo_spi_bk.svf"
CMD-004 : start command "program -cable 0 -spd 6"
CMD-005 : finish command "program -cable 0 -spd 6" in  11.376099s wall, 0.920406s user + 0.327602s system = 1.248008s CPU (11.0%)

CMD-006 : used memory is 483 MB, reserved memory is 443 MB, peak memory is 483 MB
CMD-005 : finish command "download -svf E:\ELF2_SOC\trunk\Basic_Demo\RESET_Demo\TD\project\demo\demo_spi_bk.svf -mode jtag -wait 20 -spd 6 -sec 64 -cable 0 -chip EF2L45B" in  12.180394s wall, 1.591210s user + 0.468003s system = 2.059213s CPU (16.9%)

CMD-006 : used memory is 483 MB, reserved memory is 443 MB, peak memory is 483 MB
GUI-001 : Download success!
CMD-004 : start command "download -svf E:\ELF2_SOC\trunk\Basic_Demo\RESET_Demo\TD\project\demo\demo_refresh.svf -mode jtag -wait 20 -spd 6 -sec 64 -cable 0 -chip EF2L45B"
CMD-004 : start command "bit_to_vec -chip EF2L45B -m jtag -svf E:/ELF2_SOC/trunk/Basic_Demo/RESET_Demo/TD/project/demo/demo_refresh.svf"
CMD-004 : start command "program -cable 0 -spd 6"
GUI-001 : Download success!
