============================================================
   Tang Dynasty, V4.2.217
   Copyright:   Shanghai Anlogic Infotech Co., Ltd.
                2011 - 2021
   Executable = D:/TD4.2.217/bin/td.exe
   Built at =   10:05:48 Jul 16 2018
   Run by =     Administrator
   Run Date =   Thu Aug  2 19:02:05 2018

   Run on =     USER-20180530KQ
============================================================
CMD-004 : start command "import_device ef2_4.db -package EF2L45LG144B"
CMD-004 : start command "open_project E:/ELF2_SOC/trunk/Basic_Demo/RESET_Demo/TD/project/demo/demo.al"
VLG-002 : analyze verilog file E:/ELF2_SOC/trunk/Basic_Demo/RESET_Demo/TD/project/demo/../../src/top.v
VLG-002 : analyze verilog file E:/ELF2_SOC/trunk/Basic_Demo/RESET_Demo/TD/project/demo/al_ip/pll.v
VLG-002 : analyze verilog file E:/ELF2_SOC/trunk/Basic_Demo/RESET_Demo/TD/project/demo/al_ip/mcu.v
CMD-005 : finish command "import_device ef2_4.db -package EF2L45LG144B" in  1.274849s wall, 1.341609s user + 0.218401s system = 1.560010s CPU (122.4%)

CMD-006 : used memory is 106 MB, reserved memory is 84 MB, peak memory is 106 MB
CMD-004 : start command "import_db E:/ELF2_SOC/trunk/Basic_Demo/RESET_Demo/TD/project/demo/demo_pr.db"
RUN-001 : Importing design generated by Tang Dynasty, V4.2.169.
RUN-001 : Import timing constraints
RUN-001 : Import IO constraints
RUN-001 : Import Inst constraints
RUN-001 : Import flow parameters
CMD-004 : start command "download -bit E:\ELF2_SOC\trunk\Basic_Demo\RESET_Demo\TD\project\demo\demo.bit -mode jtag -wait 20 -spd 6 -sec 64 -cable 0"
RUN-001 : Chip validation success: EF2L45B
CMD-004 : start command "bit_to_vec -chip EF2L45B -m jtag -bit E:/ELF2_SOC/trunk/Basic_Demo/RESET_Demo/TD/project/demo/demo.bit"
RUN-001 : BIT2VEC::JtagBitstream: completed! line_num = 794, frame_num = 765
CMD-004 : start command "program -cable 0 -spd 6"
CMD-005 : finish command "program -cable 0 -spd 6" in  1.418373s wall, 0.046800s user + 0.046800s system = 0.093601s CPU (6.6%)

CMD-006 : used memory is 168 MB, reserved memory is 144 MB, peak memory is 168 MB
CMD-005 : finish command "download -bit E:\ELF2_SOC\trunk\Basic_Demo\RESET_Demo\TD\project\demo\demo.bit -mode jtag -wait 20 -spd 6 -sec 64 -cable 0" in  2.631320s wall, 0.592804s user + 0.124801s system = 0.717605s CPU (27.3%)

CMD-006 : used memory is 133 MB, reserved memory is 109 MB, peak memory is 168 MB
GUI-001 : Download success!
CMD-004 : start command "download -bit E:\ELF2_SOC\trunk\Basic_Demo\RESET_Demo\TD\project\demo\demo.bit -mode program_spi -v -wait 60 -spd 6 -sec 64 -cable 0"
RUN-001 : Chip validation success: EF2L45B
CMD-004 : start command "bit_to_vec -chip EF2L45B -m program_spi -bit E:/ELF2_SOC/trunk/Basic_Demo/RESET_Demo/TD/project/demo/demo.bit"
CMD-005 : finish command "bit_to_vec -chip EF2L45B -m program_spi -bit E:/ELF2_SOC/trunk/Basic_Demo/RESET_Demo/TD/project/demo/demo.bit" in  1.159221s wall, 0.998406s user + 0.124801s system = 1.123207s CPU (96.9%)

CMD-006 : used memory is 214 MB, reserved memory is 190 MB, peak memory is 217 MB
CMD-004 : start command "program_spief2 -cable 0 -spd 6"
CMD-005 : finish command "program_spief2 -cable 0 -spd 6" in  30.225939s wall, 1.606810s user + 0.249602s system = 1.856412s CPU (6.1%)

CMD-006 : used memory is 217 MB, reserved memory is 193 MB, peak memory is 218 MB
CMD-004 : start command "bit_to_vec -chip EF2L45B -m verify_spi -bit E:/ELF2_SOC/trunk/Basic_Demo/RESET_Demo/TD/project/demo/demo.bit"
CMD-004 : start command "program -cable 0 -spd 6"
CMD-005 : finish command "program -cable 0 -spd 6" in  1.289111s wall, 0.156001s user + 0.031200s system = 0.187201s CPU (14.5%)

CMD-006 : used memory is 167 MB, reserved memory is 143 MB, peak memory is 218 MB
CMD-004 : start command "program -cable 0 -spd 1"
CMD-005 : finish command "download -bit E:\ELF2_SOC\trunk\Basic_Demo\RESET_Demo\TD\project\demo\demo.bit -mode program_spi -v -wait 60 -spd 6 -sec 64 -cable 0" in  33.282236s wall, 3.057620s user + 0.436803s system = 3.494422s CPU (10.5%)

CMD-006 : used memory is 135 MB, reserved memory is 112 MB, peak memory is 218 MB
GUI-001 : Download success!
CMD-004 : start command "download -bit E:\ELF2_SOC\trunk\Basic_Demo\RESET_Demo\TD\project\demo\demo.bit -mode jtag -wait 20 -spd 6 -sec 64 -cable 0"
RUN-001 : Chip validation success: EF2L45B
CMD-004 : start command "bit_to_vec -chip EF2L45B -m jtag -bit E:/ELF2_SOC/trunk/Basic_Demo/RESET_Demo/TD/project/demo/demo.bit"
RUN-001 : BIT2VEC::JtagBitstream: completed! line_num = 794, frame_num = 765
CMD-004 : start command "program -cable 0 -spd 6"
CMD-005 : finish command "program -cable 0 -spd 6" in  1.418310s wall, 0.124801s user + 0.015600s system = 0.140401s CPU (9.9%)

CMD-006 : used memory is 169 MB, reserved memory is 144 MB, peak memory is 218 MB
CMD-005 : finish command "download -bit E:\ELF2_SOC\trunk\Basic_Demo\RESET_Demo\TD\project\demo\demo.bit -mode jtag -wait 20 -spd 6 -sec 64 -cable 0" in  2.645779s wall, 0.686404s user + 0.109201s system = 0.795605s CPU (30.1%)

CMD-006 : used memory is 134 MB, reserved memory is 110 MB, peak memory is 218 MB
GUI-001 : Download success!
