============================================================
   Tang Dynasty, V4.2.217
   Copyright:   Shanghai Anlogic Infotech Co., Ltd.
                2011 - 2021
   Executable = D:/TD4.2.217/bin/td.exe
   Built at =   10:05:48 Jul 16 2018
   Run by =     Administrator
   Run Date =   Thu Aug  9 18:00:02 2018

   Run on =     USER-20180530KQ
============================================================
CMD-004 : start command "import_device ef2_4.db -package EF2M45LG48B"
CMD-004 : start command "open_project E:/ELF2_SOC/trunk/Basic_Demo/RESET_Demo/TD/project/demo/demo.al"
VLG-002 : analyze verilog file E:/ELF2_SOC/trunk/Basic_Demo/RESET_Demo/TD/project/demo/../../src/top.v
VLG-002 : analyze verilog file E:/ELF2_SOC/trunk/Basic_Demo/RESET_Demo/TD/project/demo/al_ip/mcu.v
VLG-002 : analyze verilog file E:/ELF2_SOC/trunk/Basic_Demo/RESET_Demo/TD/project/demo/al_ip/pll.v
CMD-005 : finish command "import_device ef2_4.db -package EF2M45LG48B" in  1.245728s wall, 1.294808s user + 0.234002s system = 1.528810s CPU (122.7%)

CMD-006 : used memory is 108 MB, reserved memory is 83 MB, peak memory is 108 MB
CMD-004 : start command "import_db E:/ELF2_SOC/trunk/Basic_Demo/RESET_Demo/TD/project/demo/demo_pr.db"
RUN-001 : Importing design generated by Tang Dynasty, V4.2.217.
RUN-001 : Import timing constraints
RUN-001 : Import IO constraints
RUN-001 : Import Inst constraints
RUN-001 : Import flow parameters
GUI-001 : User opens attribute block editor ...
CMD-004 : start command "download -bit E:\ELF2_SOC\trunk\Basic_Demo\RESET_Demo\TD\project\demo\demo.bit -mode program_spi -v -wait 60 -spd 6 -sec 64 -cable 0"
RUN-001 : Chip validation success: EF2M45B
CMD-004 : start command "bit_to_vec -chip EF2M45B -m program_spi -bit E:/ELF2_SOC/trunk/Basic_Demo/RESET_Demo/TD/project/demo/demo.bit"
CMD-005 : finish command "bit_to_vec -chip EF2M45B -m program_spi -bit E:/ELF2_SOC/trunk/Basic_Demo/RESET_Demo/TD/project/demo/demo.bit" in  1.238405s wall, 1.216808s user + 0.015600s system = 1.232408s CPU (99.5%)

CMD-006 : used memory is 249 MB, reserved memory is 212 MB, peak memory is 251 MB
CMD-004 : start command "program_spief2 -cable 0 -spd 6"
CMD-005 : finish command "program_spief2 -cable 0 -spd 6" in  33.282271s wall, 1.310408s user + 0.109201s system = 1.419609s CPU (4.3%)

CMD-006 : used memory is 250 MB, reserved memory is 214 MB, peak memory is 252 MB
CMD-004 : start command "bit_to_vec -chip EF2M45B -m verify_spi -bit E:/ELF2_SOC/trunk/Basic_Demo/RESET_Demo/TD/project/demo/demo.bit"
CMD-004 : start command "program -cable 0 -spd 6"
CMD-005 : finish command "program -cable 0 -spd 6" in  1.439985s wall, 0.078001s user + 0.015600s system = 0.093601s CPU (6.5%)

CMD-006 : used memory is 195 MB, reserved memory is 159 MB, peak memory is 252 MB
CMD-004 : start command "program -cable 0 -spd 1"
CMD-005 : finish command "download -bit E:\ELF2_SOC\trunk\Basic_Demo\RESET_Demo\TD\project\demo\demo.bit -mode program_spi -v -wait 60 -spd 6 -sec 64 -cable 0" in  36.599585s wall, 2.932819s user + 0.187201s system = 3.120020s CPU (8.5%)

CMD-006 : used memory is 159 MB, reserved memory is 124 MB, peak memory is 252 MB
GUI-001 : Download success!
GUI-001 : User closes attribute block editor ...
