============================================================
   Tang Dynasty, V4.2.217
   Copyright:   Shanghai Anlogic Infotech Co., Ltd.
                2011 - 2021
   Executable = D:/TD4.2.217/bin/td.exe
   Built at =   10:05:48 Jul 16 2018
   Run by =     Administrator
   Run Date =   Fri Aug 10 14:10:04 2018

   Run on =     USER-20180530KQ
============================================================
CMD-004 : start command "import_device ef2_4.db -package EF2M45LG48B"
CMD-004 : start command "open_project E:/ELF2_SOC/trunk/Basic_Demo/RESET_Demo/TD/project/demo/demo.al"
VLG-002 : analyze verilog file E:/ELF2_SOC/trunk/Basic_Demo/RESET_Demo/TD/project/demo/../../src/top.v
VLG-002 : analyze verilog file E:/ELF2_SOC/trunk/Basic_Demo/RESET_Demo/TD/project/demo/al_ip/mcu.v
VLG-002 : analyze verilog file E:/ELF2_SOC/trunk/Basic_Demo/RESET_Demo/TD/project/demo/al_ip/pll.v
CMD-005 : finish command "import_device ef2_4.db -package EF2M45LG48B" in  1.272223s wall, 1.263608s user + 0.218401s system = 1.482009s CPU (116.5%)

CMD-006 : used memory is 109 MB, reserved memory is 84 MB, peak memory is 109 MB
CMD-004 : start command "import_db E:/ELF2_SOC/trunk/Basic_Demo/RESET_Demo/TD/project/demo/demo_pr.db"
RUN-001 : Importing design generated by Tang Dynasty, V4.2.217.
RUN-001 : Import timing constraints
RUN-001 : Import IO constraints
RUN-001 : Import Inst constraints
RUN-001 : Import flow parameters
RUN-003 ERROR: USB device open error, please re-connect the USB cable!
RUN-003 ERROR: USB device open error, please re-connect the USB cable!
RUN-003 ERROR: USB device open error, please re-connect the USB cable!
RUN-003 ERROR: USB device open error, please re-connect the USB cable!
CMD-004 : start command "program -spd 6 -cable 0"
CMD-004 : start command "program -spd 6 -cable 0"
CMD-004 : start command "download -spd 1 -mode erase_spi"
RUN-001 : Chip validation success: EF2L45B
CMD-004 : start command "program -cable 0 -spd 1"
CMD-004 : start command "set_print_message_level warning"
CMD-004 : start command "set_print_message_level note"
RUN-001 : Erase flash successfully.
CMD-005 : finish command "download -spd 1 -mode erase_spi" in  1.495627s wall, 1.014007s user + 0.031200s system = 1.045207s CPU (69.9%)

CMD-006 : used memory is 165 MB, reserved memory is 125 MB, peak memory is 167 MB
GUI-001 : Erase flash success!
