============================================================
   Tang Dynasty, V4.2.217
   Copyright:   Shanghai Anlogic Infotech Co., Ltd.
                2011 - 2021
   Executable = D:/TD4.2.217/bin/td.exe
   Built at =   10:05:48 Jul 16 2018
   Run by =     Administrator
   Run Date =   Thu Aug  2 19:48:42 2018

   Run on =     USER-20180530KQ
============================================================
CMD-004 : start command "import_device ef2_4.db -package EF2L45LG144B"
CMD-004 : start command "open_project E:/ELF2_SOC/trunk/Basic_Demo/RESET_Demo/TD/project/demo/demo.al"
VLG-002 : analyze verilog file E:/ELF2_SOC/trunk/Basic_Demo/RESET_Demo/TD/project/demo/../../src/top.v
VLG-002 : analyze verilog file E:/ELF2_SOC/trunk/Basic_Demo/RESET_Demo/TD/project/demo/al_ip/pll.v
VLG-002 : analyze verilog file E:/ELF2_SOC/trunk/Basic_Demo/RESET_Demo/TD/project/demo/al_ip/mcu.v
CMD-005 : finish command "import_device ef2_4.db -package EF2L45LG144B" in  1.255446s wall, 1.326008s user + 0.171601s system = 1.497610s CPU (119.3%)

CMD-006 : used memory is 109 MB, reserved memory is 83 MB, peak memory is 109 MB
CMD-004 : start command "import_db E:/ELF2_SOC/trunk/Basic_Demo/RESET_Demo/TD/project/demo/demo_pr.db"
RUN-001 : Importing design generated by Tang Dynasty, V4.2.217.
RUN-001 : Import timing constraints
RUN-001 : Import IO constraints
RUN-001 : Import Inst constraints
RUN-001 : Import flow parameters
CMD-004 : start command "download -spd 1 -mode erase_spi"
RUN-001 : Chip validation success: EF2M45B
CMD-004 : start command "program -cable 0 -spd 1"
CMD-004 : start command "set_print_message_level warning"
CMD-004 : start command "set_print_message_level note"
RUN-001 : Erase flash successfully.
CMD-005 : finish command "download -spd 1 -mode erase_spi" in  1.511891s wall, 0.998406s user + 0.046800s system = 1.045207s CPU (69.1%)

CMD-006 : used memory is 129 MB, reserved memory is 101 MB, peak memory is 129 MB
GUI-001 : Erase flash success!
CMD-004 : start command "download -spd 1 -mode erase_spi"
RUN-001 : Chip validation success: EF2M45B
CMD-004 : start command "program -cable 0 -spd 1"
CMD-004 : start command "set_print_message_level warning"
CMD-004 : start command "set_print_message_level note"
RUN-001 : Erase flash successfully.
CMD-005 : finish command "download -spd 1 -mode erase_spi" in  1.508260s wall, 1.029607s user + 0.031200s system = 1.060807s CPU (70.3%)

CMD-006 : used memory is 129 MB, reserved memory is 102 MB, peak memory is 129 MB
GUI-001 : Erase flash success!
CMD-004 : start command "download -spd 1 -mode erase_spi"
RUN-001 : Chip validation success: EF2M45B
CMD-004 : start command "program -cable 0 -spd 1"
CMD-004 : start command "set_print_message_level warning"
CMD-004 : start command "set_print_message_level note"
RUN-001 : Erase flash successfully.
CMD-005 : finish command "download -spd 1 -mode erase_spi" in  1.509764s wall, 1.014007s user + 0.046800s system = 1.060807s CPU (70.3%)

CMD-006 : used memory is 130 MB, reserved memory is 102 MB, peak memory is 130 MB
GUI-001 : Erase flash success!
CMD-004 : start command "download -spd 1 -mode erase_spi"
RUN-001 : Chip validation success: EF2L45B
CMD-004 : start command "program -cable 0 -spd 1"
CMD-004 : start command "set_print_message_level warning"
CMD-004 : start command "set_print_message_level note"
RUN-001 : Erase flash successfully.
CMD-005 : finish command "download -spd 1 -mode erase_spi" in  1.495441s wall, 1.014007s user + 0.000000s system = 1.014007s CPU (67.8%)

CMD-006 : used memory is 130 MB, reserved memory is 102 MB, peak memory is 130 MB
GUI-001 : Erase flash success!
CMD-004 : start command "download -svf E:\ELF2_SOC\trunk\Basic_Demo\RESET_Demo\TD\project\demo\demo_sram.svf -mode jtag -wait 20 -spd 6 -sec 64 -cable 0 -chip EF2L45B"
CMD-004 : start command "bit_to_vec -chip EF2L45B -m jtag -svf E:/ELF2_SOC/trunk/Basic_Demo/RESET_Demo/TD/project/demo/demo_sram.svf"
CMD-004 : start command "program -cable 0 -spd 6"
CMD-005 : finish command "program -cable 0 -spd 6" in  1.469570s wall, 0.124801s user + 0.062400s system = 0.187201s CPU (12.7%)

CMD-006 : used memory is 171 MB, reserved memory is 142 MB, peak memory is 171 MB
CMD-005 : finish command "download -svf E:\ELF2_SOC\trunk\Basic_Demo\RESET_Demo\TD\project\demo\demo_sram.svf -mode jtag -wait 20 -spd 6 -sec 64 -cable 0 -chip EF2L45B" in  1.664505s wall, 0.296402s user + 0.078001s system = 0.374402s CPU (22.5%)

CMD-006 : used memory is 171 MB, reserved memory is 142 MB, peak memory is 171 MB
GUI-001 : Download success!
RUN-003 ERROR: USB device open error, please re-connect the USB cable!
RUN-003 ERROR: USB device open error, please re-connect the USB cable!
CMD-004 : start command "download -svf E:\ELF2_SOC\trunk\Basic_Demo\RESET_Demo\TD\project\demo\demo_sram.svf -mode jtag -wait 20 -spd 6 -sec 64 -cable 0 -chip EF2L45B"
CMD-004 : start command "bit_to_vec -chip EF2L45B -m jtag -svf E:/ELF2_SOC/trunk/Basic_Demo/RESET_Demo/TD/project/demo/demo_sram.svf"
CMD-004 : start command "program -cable 0 -spd 6"
CMD-005 : finish command "program -cable 0 -spd 6" in  1.472055s wall, 0.062400s user + 0.015600s system = 0.078001s CPU (5.3%)

CMD-006 : used memory is 172 MB, reserved memory is 143 MB, peak memory is 172 MB
CMD-005 : finish command "download -svf E:\ELF2_SOC\trunk\Basic_Demo\RESET_Demo\TD\project\demo\demo_sram.svf -mode jtag -wait 20 -spd 6 -sec 64 -cable 0 -chip EF2L45B" in  1.607622s wall, 0.202801s user + 0.015600s system = 0.218401s CPU (13.6%)

CMD-006 : used memory is 172 MB, reserved memory is 143 MB, peak memory is 172 MB
GUI-001 : Download success!
CMD-004 : start command "program -spd 6 -cable 0"
CMD-004 : start command "program -spd 6 -cable 0"
