============================================================
   Tang Dynasty, V4.2.511
   Copyright:   Shanghai Anlogic Infotech Co., Ltd.
                2011 - 2021
   Executable = D:/TD/bin/td.exe
   Built at =   13:05:02 Aug 20 2018
   Run by =     Administrator
   Run Date =   Tue Aug 28 19:34:31 2018

   Run on =     USER-20180530KQ
============================================================
CMD-004 : start command "import_device ef2_4.db -package EF2M45LG48B"
CMD-004 : start command "open_project demo.al"
VLG-002 : analyze verilog file E:/ELF2_SOC/trunk/Basic_Demo/ADC_Demo/TD/project/demo/../../src/top.v
VLG-002 : analyze verilog file E:/ELF2_SOC/trunk/Basic_Demo/ADC_Demo/TD/project/demo/al_ip/mcu.v
VLG-002 : analyze verilog file E:/ELF2_SOC/trunk/Basic_Demo/ADC_Demo/TD/project/demo/al_ip/pll.v
DAT-001 : Device setting, mark IO P11 as dedicated.
DAT-001 : Device setting, mark IO P12 as dedicated.
DAT-001 : Device setting, mark IO P13 as dedicated.
DAT-001 : Device setting, mark IO P14 as dedicated.
DAT-001 : Device setting, mark IO P4 as dedicated.
CMD-005 : finish command "import_device ef2_4.db -package EF2M45LG48B" in  1.358031s wall, 1.419609s user + 0.218401s system = 1.638011s CPU (120.6%)

CMD-006 : used memory is 107 MB, reserved memory is 83 MB, peak memory is 107 MB
CMD-004 : start command "import_db demo_pr.db"
RUN-001 : Importing design generated by Tang Dynasty, V4.2.511.
RUN-001 : Import timing constraints
RUN-001 : Import IO constraints
RUN-001 : Import Inst constraints
RUN-001 : Import flow parameters
CMD-004 : start command "download -bit E:\ELF2_SOC\trunk\Basic_Demo\ADC_Demo\TD\project\demo\demo.bit -mode jtag -wait 20 -spd 6 -sec 64 -cable 0"
RUN-001 : Chip validation success: EF2M45B
CMD-004 : start command "bit_to_vec -chip EF2M45B -m jtag -bit E:/ELF2_SOC/trunk/Basic_Demo/ADC_Demo/TD/project/demo/demo.bit"
RUN-001 : BIT2VEC::JtagBitstream: completed! line_num = 810, frame_num = 765
CMD-004 : start command "program -cable 0 -spd 6"
CMD-005 : finish command "program -cable 0 -spd 6" in  1.395693s wall, 0.124801s user + 0.031200s system = 0.156001s CPU (11.2%)

CMD-006 : used memory is 191 MB, reserved memory is 155 MB, peak memory is 191 MB
CMD-005 : finish command "download -bit E:\ELF2_SOC\trunk\Basic_Demo\ADC_Demo\TD\project\demo\demo.bit -mode jtag -wait 20 -spd 6 -sec 64 -cable 0" in  2.706999s wall, 0.748805s user + 0.093601s system = 0.842405s CPU (31.1%)

CMD-006 : used memory is 157 MB, reserved memory is 121 MB, peak memory is 191 MB
GUI-001 : Download success!
CMD-004 : start command "download -spd 1 -mode erase_spi"
RUN-001 : Chip validation success: EF2M45B
CMD-004 : start command "program -cable 0 -spd 1"
CMD-004 : start command "set_print_message_level warning"
CMD-004 : start command "set_print_message_level note"
RUN-001 : Erase flash successfully.
CMD-005 : finish command "download -spd 1 -mode erase_spi" in  1.499709s wall, 1.014007s user + 0.046800s system = 1.060807s CPU (70.7%)

CMD-006 : used memory is 157 MB, reserved memory is 121 MB, peak memory is 191 MB
GUI-001 : Erase flash success!
CMD-004 : start command "download -bit E:\ELF2_SOC\trunk\Basic_Demo\ADC_Demo\TD\project\demo\demo.bit -mode program_spi -v -wait 60 -spd 6 -sec 64 -cable 0"
RUN-001 : Chip validation success: EF2M45B
CMD-004 : start command "bit_to_vec -chip EF2M45B -m program_spi -bit E:/ELF2_SOC/trunk/Basic_Demo/ADC_Demo/TD/project/demo/demo.bit"
CMD-005 : finish command "bit_to_vec -chip EF2M45B -m program_spi -bit E:/ELF2_SOC/trunk/Basic_Demo/ADC_Demo/TD/project/demo/demo.bit" in  1.506494s wall, 1.404009s user + 0.109201s system = 1.513210s CPU (100.4%)

CMD-006 : used memory is 247 MB, reserved memory is 211 MB, peak memory is 250 MB
CMD-004 : start command "program_spief2 -cable 0 -spd 6"
CMD-005 : finish command "program_spief2 -cable 0 -spd 6" in  33.019108s wall, 1.794012s user + 0.312002s system = 2.106013s CPU (6.4%)

CMD-006 : used memory is 248 MB, reserved memory is 212 MB, peak memory is 250 MB
CMD-004 : start command "bit_to_vec -chip EF2M45B -m verify_spi -bit E:/ELF2_SOC/trunk/Basic_Demo/ADC_Demo/TD/project/demo/demo.bit"
CMD-004 : start command "program -cable 0 -spd 6"
CMD-005 : finish command "program -cable 0 -spd 6" in  1.400826s wall, 0.124801s user + 0.046800s system = 0.171601s CPU (12.2%)

CMD-006 : used memory is 193 MB, reserved memory is 157 MB, peak memory is 250 MB
CMD-004 : start command "program -cable 0 -spd 1"
CMD-005 : finish command "download -bit E:\ELF2_SOC\trunk\Basic_Demo\ADC_Demo\TD\project\demo\demo.bit -mode program_spi -v -wait 60 -spd 6 -sec 64 -cable 0" in  36.577442s wall, 3.634823s user + 0.514803s system = 4.149627s CPU (11.3%)

CMD-006 : used memory is 158 MB, reserved memory is 123 MB, peak memory is 250 MB
GUI-001 : Download success!
RUN-003 ERROR: USB device open error, please re-connect the USB cable!
RUN-003 ERROR: USB device open error, please re-connect the USB cable!
