============================================================
   Tang Dynasty, V4.2.511
   Copyright:   Shanghai Anlogic Infotech Co., Ltd.
                2011 - 2021
   Executable = D:/TD/bin/td.exe
   Built at =   13:05:02 Aug 20 2018
   Run by =     Administrator
   Run Date =   Tue Aug 28 19:40:26 2018

   Run on =     USER-20180530KQ
============================================================
CMD-004 : start command "import_device ef2_4.db -package EF2M45LG48B"
CMD-004 : start command "open_project demo.al"
VLG-002 : analyze verilog file E:/ELF2_SOC/trunk/Basic_Demo/ADC_Demo/TD/project/demo/../../src/top.v
VLG-002 : analyze verilog file E:/ELF2_SOC/trunk/Basic_Demo/ADC_Demo/TD/project/demo/al_ip/mcu.v
VLG-002 : analyze verilog file E:/ELF2_SOC/trunk/Basic_Demo/ADC_Demo/TD/project/demo/al_ip/pll.v
DAT-001 : Device setting, mark IO P11 as dedicated.
DAT-001 : Device setting, mark IO P12 as dedicated.
DAT-001 : Device setting, mark IO P13 as dedicated.
DAT-001 : Device setting, mark IO P14 as dedicated.
DAT-001 : Device setting, mark IO P4 as dedicated.
CMD-005 : finish command "import_device ef2_4.db -package EF2M45LG48B" in  1.324235s wall, 1.450809s user + 0.187201s system = 1.638011s CPU (123.7%)

CMD-006 : used memory is 111 MB, reserved memory is 83 MB, peak memory is 111 MB
CMD-004 : start command "import_db demo_pr.db"
RUN-001 : Importing design generated by Tang Dynasty, V4.2.511.
RUN-001 : Import timing constraints
RUN-001 : Import IO constraints
RUN-001 : Import Inst constraints
RUN-001 : Import flow parameters
