============================================================
   Tang Dynasty, V4.2.217
   Copyright:   Shanghai Anlogic Infotech Co., Ltd.
                2011 - 2021
   Executable = D:/TD4.2.217/bin/td.exe
   Built at =   10:05:48 Jul 16 2018
   Run by =     Administrator
   Run Date =   Sun Aug  5 15:02:59 2018

   Run on =     USER-20180530KQ
============================================================
CMD-004 : start command "import_device ef2_4.db -package EF2M45LG48B"
CMD-004 : start command "open_project E:/ELF2_SOC/trunk/Basic_Demo/RESET_Demo/TD/project/demo/demo.al"
VLG-002 : analyze verilog file E:/ELF2_SOC/trunk/Basic_Demo/RESET_Demo/TD/project/demo/../../src/top.v
VLG-002 : analyze verilog file E:/ELF2_SOC/trunk/Basic_Demo/RESET_Demo/TD/project/demo/al_ip/mcu.v
VLG-002 : analyze verilog file E:/ELF2_SOC/trunk/Basic_Demo/RESET_Demo/TD/project/demo/al_ip/pll.v
CMD-005 : finish command "import_device ef2_4.db -package EF2M45LG48B" in  1.370990s wall, 1.357209s user + 0.187201s system = 1.544410s CPU (112.6%)

CMD-006 : used memory is 105 MB, reserved memory is 82 MB, peak memory is 105 MB
CMD-004 : start command "import_db E:/ELF2_SOC/trunk/Basic_Demo/RESET_Demo/TD/project/demo/demo_pr.db"
RUN-001 : Importing design generated by Tang Dynasty, V4.2.217.
RUN-001 : Import timing constraints
RUN-001 : Import IO constraints
RUN-001 : Import Inst constraints
RUN-001 : Import flow parameters
CMD-004 : start command "download -bit E:\ELF2_SOC\trunk\Basic_Demo\RESET_Demo\TD\project\demo\demo.bit -mode jtag -wait 20 -spd 6 -sec 64 -cable 0"
RUN-001 : Chip validation success: EF2M45B
CMD-004 : start command "bit_to_vec -chip EF2M45B -m jtag -bit E:/ELF2_SOC/trunk/Basic_Demo/RESET_Demo/TD/project/demo/demo.bit"
RUN-001 : BIT2VEC::JtagBitstream: completed! line_num = 810, frame_num = 765
CMD-004 : start command "program -cable 0 -spd 6"
CMD-005 : finish command "program -cable 0 -spd 6" in  1.408695s wall, 0.093601s user + 0.015600s system = 0.109201s CPU (7.8%)

CMD-006 : used memory is 186 MB, reserved memory is 153 MB, peak memory is 186 MB
CMD-005 : finish command "download -bit E:\ELF2_SOC\trunk\Basic_Demo\RESET_Demo\TD\project\demo\demo.bit -mode jtag -wait 20 -spd 6 -sec 64 -cable 0" in  2.721329s wall, 0.655204s user + 0.171601s system = 0.826805s CPU (30.4%)

CMD-006 : used memory is 151 MB, reserved memory is 118 MB, peak memory is 186 MB
GUI-001 : Download success!
CMD-004 : start command "download -svf E:\ELF2_SOC\trunk\Basic_Demo\RESET_Demo\TD\project\demo\demo_sram.svf -mode jtag -wait 20 -spd 6 -sec 64 -cable 0 -chip EF2M45B"
CMD-004 : start command "bit_to_vec -chip EF2M45B -m jtag -svf E:/ELF2_SOC/trunk/Basic_Demo/RESET_Demo/TD/project/demo/demo_sram.svf"
CMD-004 : start command "program -cable 0 -spd 6"
CMD-005 : finish command "program -cable 0 -spd 6" in  1.510325s wall, 0.140401s user + 0.046800s system = 0.187201s CPU (12.4%)

CMD-006 : used memory is 189 MB, reserved memory is 155 MB, peak memory is 189 MB
CMD-005 : finish command "download -svf E:\ELF2_SOC\trunk\Basic_Demo\RESET_Demo\TD\project\demo\demo_sram.svf -mode jtag -wait 20 -spd 6 -sec 64 -cable 0 -chip EF2M45B" in  1.736419s wall, 0.265202s user + 0.093601s system = 0.358802s CPU (20.7%)

CMD-006 : used memory is 189 MB, reserved memory is 155 MB, peak memory is 189 MB
GUI-001 : Download success!
CMD-004 : start command "download -bit E:\ELF2_SOC\trunk\Basic_Demo\RESET_Demo\TD\project\demo\demo.bit -mode program_spi -v -wait 60 -spd 6 -sec 64 -cable 0"
RUN-001 : Chip validation success: EF2M45B
CMD-004 : start command "bit_to_vec -chip EF2M45B -m program_spi -bit E:/ELF2_SOC/trunk/Basic_Demo/RESET_Demo/TD/project/demo/demo.bit"
CMD-005 : finish command "bit_to_vec -chip EF2M45B -m program_spi -bit E:/ELF2_SOC/trunk/Basic_Demo/RESET_Demo/TD/project/demo/demo.bit" in  1.366594s wall, 1.201208s user + 0.187201s system = 1.388409s CPU (101.6%)

CMD-006 : used memory is 243 MB, reserved memory is 209 MB, peak memory is 246 MB
CMD-004 : start command "program_spief2 -cable 0 -spd 6"
CMD-005 : finish command "program_spief2 -cable 0 -spd 6" in  33.396470s wall, 1.404009s user + 0.296402s system = 1.700411s CPU (5.1%)

CMD-006 : used memory is 245 MB, reserved memory is 211 MB, peak memory is 247 MB
CMD-004 : start command "bit_to_vec -chip EF2M45B -m verify_spi -bit E:/ELF2_SOC/trunk/Basic_Demo/RESET_Demo/TD/project/demo/demo.bit"
CMD-004 : start command "program -cable 0 -spd 6"
CMD-005 : finish command "program -cable 0 -spd 6" in  1.432601s wall, 0.046800s user + 0.046800s system = 0.093601s CPU (6.5%)

CMD-006 : used memory is 189 MB, reserved memory is 155 MB, peak memory is 247 MB
CMD-004 : start command "program -cable 0 -spd 1"
CMD-005 : finish command "download -bit E:\ELF2_SOC\trunk\Basic_Demo\RESET_Demo\TD\project\demo\demo.bit -mode program_spi -v -wait 60 -spd 6 -sec 64 -cable 0" in  36.889422s wall, 2.979619s user + 0.639604s system = 3.619223s CPU (9.8%)

CMD-006 : used memory is 155 MB, reserved memory is 123 MB, peak memory is 247 MB
GUI-001 : Download success!
CMD-004 : start command "download -svf E:\ELF2_SOC\trunk\Basic_Demo\RESET_Demo\TD\project\demo\demo_sram.svf -mode jtag -wait 20 -spd 6 -sec 64 -cable 0 -chip EF2M45B"
CMD-004 : start command "bit_to_vec -chip EF2M45B -m jtag -svf E:/ELF2_SOC/trunk/Basic_Demo/RESET_Demo/TD/project/demo/demo_sram.svf"
CMD-004 : start command "program -cable 0 -spd 6"
CMD-005 : finish command "program -cable 0 -spd 6" in  1.526631s wall, 0.124801s user + 0.031200s system = 0.156001s CPU (10.2%)

CMD-006 : used memory is 191 MB, reserved memory is 157 MB, peak memory is 247 MB
CMD-005 : finish command "download -svf E:\ELF2_SOC\trunk\Basic_Demo\RESET_Demo\TD\project\demo\demo_sram.svf -mode jtag -wait 20 -spd 6 -sec 64 -cable 0 -chip EF2M45B" in  1.678019s wall, 0.249602s user + 0.046800s system = 0.296402s CPU (17.7%)

CMD-006 : used memory is 191 MB, reserved memory is 157 MB, peak memory is 247 MB
GUI-001 : Download success!
CMD-004 : start command "download -svf E:\ELF2_SOC\trunk\Basic_Demo\RESET_Demo\TD\project\demo\demo_refresh.svf -mode jtag -wait 20 -spd 6 -sec 64 -cable 0 -chip EF2M45B"
CMD-004 : start command "bit_to_vec -chip EF2M45B -m jtag -svf E:/ELF2_SOC/trunk/Basic_Demo/RESET_Demo/TD/project/demo/demo_refresh.svf"
CMD-004 : start command "program -cable 0 -spd 6"
GUI-001 : Download success!
RUN-003 ERROR: USB device open error, please re-connect the USB cable!
RUN-003 ERROR: USB device open error, please re-connect the USB cable!
