============================================================
   Tang Dynasty, V4.2.217
   Copyright:   Shanghai Anlogic Infotech Co., Ltd.
                2011 - 2021
   Executable = D:/TD4.2.217/bin/td.exe
   Built at =   10:05:48 Jul 16 2018
   Run by =     Administrator
   Run Date =   Thu Aug  2 19:01:14 2018

   Run on =     USER-20180530KQ
============================================================
CMD-004 : start command "import_device ef2_4.db -package EF2L45LG144B"
CMD-004 : start command "open_project E:/ELF2_SOC/trunk/Basic_Demo/RESET_Demo/TD/project/demo/demo.al"
VLG-002 : analyze verilog file E:/ELF2_SOC/trunk/Basic_Demo/RESET_Demo/TD/project/demo/../../src/top.v
VLG-002 : analyze verilog file E:/ELF2_SOC/trunk/Basic_Demo/RESET_Demo/TD/project/demo/al_ip/pll.v
VLG-002 : analyze verilog file E:/ELF2_SOC/trunk/Basic_Demo/RESET_Demo/TD/project/demo/al_ip/mcu.v
CMD-005 : finish command "import_device ef2_4.db -package EF2L45LG144B" in  1.260185s wall, 1.294808s user + 0.280802s system = 1.575610s CPU (125.0%)

CMD-006 : used memory is 109 MB, reserved memory is 83 MB, peak memory is 109 MB
CMD-004 : start command "import_db E:/ELF2_SOC/trunk/Basic_Demo/RESET_Demo/TD/project/demo/demo_pr.db"
RUN-001 : Importing design generated by Tang Dynasty, V4.2.169.
RUN-001 : Import timing constraints
RUN-001 : Import IO constraints
RUN-001 : Import Inst constraints
RUN-001 : Import flow parameters
CMD-004 : start command "download -bit E:\ELF2_SOC\trunk\Basic_Demo\RESET_Demo\TD\project\demo\demo.bit -mode jtag -wait 20 -spd 6 -sec 64 -cable 0"
RUN-001 : Chip validation success: EF2L45B
CMD-004 : start command "bit_to_vec -chip EF2L45B -m jtag -bit E:/ELF2_SOC/trunk/Basic_Demo/RESET_Demo/TD/project/demo/demo.bit"
RUN-001 : BIT2VEC::JtagBitstream: completed! line_num = 794, frame_num = 765
CMD-004 : start command "program -cable 0 -spd 6"
CMD-005 : finish command "program -cable 0 -spd 6" in  1.420605s wall, 0.249602s user + 0.015600s system = 0.265202s CPU (18.7%)

CMD-006 : used memory is 189 MB, reserved memory is 152 MB, peak memory is 189 MB
CMD-005 : finish command "download -bit E:\ELF2_SOC\trunk\Basic_Demo\RESET_Demo\TD\project\demo\demo.bit -mode jtag -wait 20 -spd 6 -sec 64 -cable 0" in  2.650677s wall, 0.858005s user + 0.109201s system = 0.967206s CPU (36.5%)

CMD-006 : used memory is 154 MB, reserved memory is 117 MB, peak memory is 189 MB
GUI-001 : Download success!
