============================================================
   Tang Dynasty, V4.2.217
   Copyright:   Shanghai Anlogic Infotech Co., Ltd.
                2011 - 2021
   Executable = D:/TD4.2.217/bin/td.exe
   Built at =   10:05:48 Jul 16 2018
   Run by =     Administrator
   Run Date =   Fri Aug  3 09:27:06 2018

   Run on =     USER-20180530KQ
============================================================
CMD-004 : start command "import_device ef2_4.db -package EF2L45LG144B"
CMD-004 : start command "open_project E:/ELF2_SOC/trunk/Basic_Demo/RESET_Demo/TD/project/demo/demo.al"
VLG-002 : analyze verilog file E:/ELF2_SOC/trunk/Basic_Demo/RESET_Demo/TD/project/demo/../../src/top.v
VLG-002 : analyze verilog file E:/ELF2_SOC/trunk/Basic_Demo/RESET_Demo/TD/project/demo/al_ip/pll.v
VLG-002 : analyze verilog file E:/ELF2_SOC/trunk/Basic_Demo/RESET_Demo/TD/project/demo/al_ip/mcu.v
CMD-005 : finish command "import_device ef2_4.db -package EF2L45LG144B" in  1.248334s wall, 1.372809s user + 0.187201s system = 1.560010s CPU (125.0%)

CMD-006 : used memory is 107 MB, reserved memory is 83 MB, peak memory is 107 MB
CMD-004 : start command "import_db E:/ELF2_SOC/trunk/Basic_Demo/RESET_Demo/TD/project/demo/demo_pr.db"
RUN-001 : Importing design generated by Tang Dynasty, V4.2.217.
RUN-001 : Import timing constraints
RUN-001 : Import IO constraints
RUN-001 : Import Inst constraints
RUN-001 : Import flow parameters
